Using pre-set license
Built from '2021.3/staging' branch; Version is '2021.3.40f1 (6fcab7dbbbc1) revision 7326391'; Using compiler version '192829333'; Build Type 'Release'
OS: 'Windows 11  (10.0.22631) 64bit CoreCountrySpecific' Language: 'zh' Physical Memory: 16108 MB
BatchMode: 1, IsHumanControllingUs: 0, StartBugReporterOnCrash: 0, Is64bit: 1, IsPro: 1

COMMAND LINE ARGUMENTS:
D:\unity\2021.3.40f1\Editor\Unity.exe
-adb2
-batchMode
-noUpm
-name
AssetImportWorker5
-projectPath
D:/unity/prototype/7381-prototype
-logFile
Logs/AssetImportWorker5.log
-srvPort
61736
Successfully changed project path to: D:/unity/prototype/7381-prototype
D:/unity/prototype/7381-prototype
[UnityMemory] Configuration Parameters - Can be set up in boot.config
    "memorysetup-bucket-allocator-granularity=16"
    "memorysetup-bucket-allocator-bucket-count=8"
    "memorysetup-bucket-allocator-block-size=33554432"
    "memorysetup-bucket-allocator-block-count=8"
    "memorysetup-main-allocator-block-size=16777216"
    "memorysetup-thread-allocator-block-size=16777216"
    "memorysetup-gfx-main-allocator-block-size=16777216"
    "memorysetup-gfx-thread-allocator-block-size=16777216"
    "memorysetup-cache-allocator-block-size=4194304"
    "memorysetup-typetree-allocator-block-size=2097152"
    "memorysetup-profiler-bucket-allocator-granularity=16"
    "memorysetup-profiler-bucket-allocator-bucket-count=8"
    "memorysetup-profiler-bucket-allocator-block-size=33554432"
    "memorysetup-profiler-bucket-allocator-block-count=8"
    "memorysetup-profiler-allocator-block-size=16777216"
    "memorysetup-profiler-editor-allocator-block-size=1048576"
    "memorysetup-temp-allocator-size-main=16777216"
    "memorysetup-job-temp-allocator-block-size=2097152"
    "memorysetup-job-temp-allocator-block-size-background=1048576"
    "memorysetup-job-temp-allocator-reduction-small-platforms=262144"
    "memorysetup-temp-allocator-size-background-worker=32768"
    "memorysetup-temp-allocator-size-job-worker=262144"
    "memorysetup-temp-allocator-size-preload-manager=33554432"
    "memorysetup-temp-allocator-size-nav-mesh-worker=65536"
    "memorysetup-temp-allocator-size-audio-worker=65536"
    "memorysetup-temp-allocator-size-cloud-worker=32768"
    "memorysetup-temp-allocator-size-gi-baking-worker=262144"
    "memorysetup-temp-allocator-size-gfx=262144"
Player connection [19172] Host "[IP] 10.70.92.119 [Port] 0 [Flags] 2 [Guid] 1057560369 [EditorId] 1057560369 [Version] 1048832 [Id] WindowsEditor(7,LAPTOP-SGLN2ASP) [Debug] 1 [PackageName] WindowsEditor [ProjectName] Editor" joined multi-casting on [225.0.0.222:54997]...

Player connection [19172] Host "[IP] 10.70.92.119 [Port] 0 [Flags] 2 [Guid] 1057560369 [EditorId] 1057560369 [Version] 1048832 [Id] WindowsEditor(7,LAPTOP-SGLN2ASP) [Debug] 1 [PackageName] WindowsEditor [ProjectName] Editor" joined alternative multi-casting on [225.0.0.222:34997]...

[Physics::Module] Initialized MultithreadedJobDispatcher with {0} workers.
Refreshing native plugins compatible for Editor in 109.82 ms, found 13 plugins.
Preloading 3 native plugins for Editor in 1.80 ms.
Initialize engine version: 2021.3.40f1 (6fcab7dbbbc1)
[Subsystems] Discovering subsystems at path D:/unity/2021.3.40f1/Editor/Data/Resources/UnitySubsystems
[Subsystems] Discovering subsystems at path D:/unity/prototype/7381-prototype/Assets
GfxDevice: creating device client; threaded=0; jobified=0
Direct3D:
    Version:  Direct3D 11.0 [level 11.1]
    Renderer: NVIDIA GeForce RTX 3060 Laptop GPU (ID=0x2560)
    Vendor:   NVIDIA
    VRAM:     5996 MB
    Driver:   31.0.15.5123
Shader 'Meta/MRUK/Scene/HighlightsAndShadows': fallback shader 'Off' not found
Shader 'Oculus/OVRMRCameraFrameLit': fallback shader 'Alpha-Diffuse' not found
Initialize mono
Mono path[0] = 'D:/unity/2021.3.40f1/Editor/Data/Managed'
Mono path[1] = 'D:/unity/2021.3.40f1/Editor/Data/MonoBleedingEdge/lib/mono/unityjit-win32'
Mono config path = 'D:/unity/2021.3.40f1/Editor/Data/MonoBleedingEdge/etc'
Using monoOptions --debugger-agent=transport=dt_socket,embedding=1,server=y,suspend=n,address=127.0.0.1:56192
Begin MonoManager ReloadAssembly
Registering precompiled unity dll's ...
Register platform support module: D:/unity/2021.3.40f1/Editor/Data/PlaybackEngines/AndroidPlayer/UnityEditor.Android.Extensions.dll
Register platform support module: D:/unity/2021.3.40f1/Editor/Data/PlaybackEngines/WindowsStandaloneSupport/UnityEditor.WindowsStandalone.Extensions.dll
Registered in 0.001258 seconds.
Native extension for WindowsStandalone target not found
Native extension for Android target not found
Android Extension - Scanning For ADB Devices 342 ms
Refreshing native plugins compatible for Editor in 95.93 ms, found 13 plugins.
Preloading 3 native plugins for Editor in 0.11 ms.
Mono: successfully reloaded assembly
- Completed reload, in  0.887 seconds
Domain Reload Profiling:
	ReloadAssembly (888ms)
		BeginReloadAssembly (91ms)
			ExecutionOrderSort (0ms)
			DisableScriptedObjects (0ms)
			BackupInstance (0ms)
			ReleaseScriptingObjects (0ms)
			CreateAndSetChildDomain (1ms)
		EndReloadAssembly (733ms)
			LoadAssemblies (91ms)
			RebuildTransferFunctionScriptingTraits (0ms)
			SetupTypeCache (75ms)
			ReleaseScriptCaches (0ms)
			RebuildScriptCaches (19ms)
			SetupLoadedEditorAssemblies (611ms)
				LogAssemblyErrors (0ms)
				InitializePlatformSupportModulesInManaged (408ms)
				SetLoadedEditorAssemblies (0ms)
				RefreshPlugins (96ms)
				BeforeProcessingInitializeOnLoad (1ms)
				ProcessInitializeOnLoadAttributes (68ms)
				ProcessInitializeOnLoadMethodAttributes (37ms)
				AfterProcessingInitializeOnLoad (0ms)
				EditorAssembliesLoaded (0ms)
			ExecutionOrderSort2 (0ms)
			AwakeInstancesAfterBackupRestoration (0ms)
Platform modules already initialized, skipping
Registering precompiled user dll's ...
Registered in 0.005529 seconds.
Begin MonoManager ReloadAssembly
Symbol file LoadedFromMemory is not a mono symbol file
Native extension for WindowsStandalone target not found
Native extension for Android target not found
Refreshing native plugins compatible for Editor in 100.29 ms, found 13 plugins.
Preloading 3 native plugins for Editor in 0.09 ms.
Package Manager log level set to [2]
[Package Manager] Server::EnsureServerProcessIsRunning -- launch failed, reason: Unity was launched with the -noUpm command-line argument
[Package Manager] Cannot connect to Unity Package Manager local server
[Package Manager] Server::EnsureServerProcessIsRunning -- launch failed, reason: Unity was launched with the -noUpm command-line argument
[Package Manager] Cannot connect to Unity Package Manager local server
[Package Manager] Server::EnsureServerProcessIsRunning -- launch failed, reason: Unity was launched with the -noUpm command-line argument
[Package Manager] Cannot connect to Unity Package Manager local server
System.Reflection.TargetInvocationException: Exception has been thrown by the target of an invocation. ---> System.NullReferenceException: Object reference not set to an instance of an object
  at Unity.XR.Oculus.OculusLoader.AssetPathToAbsolutePath (System.String assetPath) [0x0003d] in D:\unity\prototype\7381-prototype\Library\PackageCache\com.unity.xr.oculus@3.4.0\Runtime\OculusLoader.cs:287 
  at Unity.XR.Oculus.OculusLoader.EditorLoadOVRPlugin () [0x00084] in D:\unity\prototype\7381-prototype\Library\PackageCache\com.unity.xr.oculus@3.4.0\Runtime\OculusLoader.cs:272 
  at (wrapper managed-to-native) System.Reflection.RuntimeMethodInfo.InternalInvoke(System.Reflection.RuntimeMethodInfo,object,object[],System.Exception&)
  at System.Reflection.RuntimeMethodInfo.Invoke (System.Object obj, System.Reflection.BindingFlags invokeAttr, System.Reflection.Binder binder, System.Object[] parameters, System.Globalization.CultureInfo culture) [0x0006a] in <3aa98f447c32440abc2affef8f2fd6a0>:0 
   --- End of inner exception stack trace ---
  at System.Reflection.RuntimeMethodInfo.Invoke (System.Object obj, System.Reflection.BindingFlags invokeAttr, System.Reflection.Binder binder, System.Object[] parameters, System.Globalization.CultureInfo culture) [0x00083] in <3aa98f447c32440abc2affef8f2fd6a0>:0 
  at System.Reflection.MethodBase.Invoke (System.Object obj, System.Object[] parameters) [0x00000] in <3aa98f447c32440abc2affef8f2fd6a0>:0 
  at UnityEditor.EditorAssemblies.ProcessInitializeOnLoadMethodAttributes () [0x000a5] in <58158fa5247e42af9544990ea0885e7f>:0 
UnityEngine.StackTraceUtility:ExtractStackTrace ()
UnityEngine.DebugLogHandler:LogFormat (UnityEngine.LogType,UnityEngine.Object,string,object[])
UnityEngine.Logger:Log (UnityEngine.LogType,object)
UnityEngine.Debug:LogError (object)
UnityEditor.EditorAssemblies:ProcessInitializeOnLoadMethodAttributes ()

Mono: successfully reloaded assembly
- Completed reload, in  1.310 seconds
Domain Reload Profiling:
	ReloadAssembly (1311ms)
		BeginReloadAssembly (118ms)
			ExecutionOrderSort (0ms)
			DisableScriptedObjects (5ms)
			BackupInstance (0ms)
			ReleaseScriptingObjects (0ms)
			CreateAndSetChildDomain (15ms)
		EndReloadAssembly (1120ms)
			LoadAssemblies (123ms)
			RebuildTransferFunctionScriptingTraits (0ms)
			SetupTypeCache (230ms)
			ReleaseScriptCaches (1ms)
			RebuildScriptCaches (61ms)
			SetupLoadedEditorAssemblies (714ms)
				LogAssemblyErrors (0ms)
				InitializePlatformSupportModulesInManaged (13ms)
				SetLoadedEditorAssemblies (0ms)
				RefreshPlugins (100ms)
				BeforeProcessingInitializeOnLoad (78ms)
				ProcessInitializeOnLoadAttributes (503ms)
				ProcessInitializeOnLoadMethodAttributes (17ms)
				AfterProcessingInitializeOnLoad (2ms)
				EditorAssembliesLoaded (0ms)
			ExecutionOrderSort2 (0ms)
			AwakeInstancesAfterBackupRestoration (10ms)
Platform modules already initialized, skipping
========================================================================
Worker process is ready to serve import requests
Shader 'SH_Vefects_VFX_URP_Fire_Flames_01': fallback shader 'Hidden/Shader Graph/FallbackError' not found
Shader 'SH_Vefects_VFX_URP_Heat_Haze_01': fallback shader 'Hidden/Shader Graph/FallbackError' not found
Shader 'SH_Vefects_VFX_URP_Particles_Erosion_01': fallback shader 'Hidden/Shader Graph/FallbackError' not found
Shader 'Oculus/OVRMRCameraFrameLit': fallback shader 'Alpha-Diffuse' not found
Shader 'SH_Vefects_VFX_URP_Particles_Erosion_01': fallback shader 'Hidden/Shader Graph/FallbackError' not found
Shader 'SH_Vefects_VFX_URP_Fire_Flames_01': fallback shader 'Hidden/Shader Graph/FallbackError' not found
Shader 'SH_Vefects_VFX_URP_Heat_Haze_01': fallback shader 'Hidden/Shader Graph/FallbackError' not found
Shader 'Meta/MRUK/Scene/HighlightsAndShadows': fallback shader 'Off' not found
Launched and connected shader compiler UnityShaderCompiler.exe after 0.06 seconds
Refreshing native plugins compatible for Editor in 1.63 ms, found 13 plugins.
Preloading 3 native plugins for Editor in 0.11 ms.
Unloading 5253 Unused Serialized files (Serialized files now loaded: 0)
Unloading 66 unused Assets / (0.7 MB). Loaded Objects now: 5717.
Memory consumption went from 243.8 MB to 243.2 MB.
Total: 4.842700 ms (FindLiveObjects: 0.481200 ms CreateObjectMapping: 0.221400 ms MarkObjects: 3.819300 ms  DeleteObjects: 0.319500 ms)

AssetImportParameters requested are different than current active one (requested -> active):
  custom:video-decoder-ogg-theora: a1e56fd34408186e4bbccfd4996cb3dc -> 
  custom:container-muxer-webm: aa71ff27fc2769a1b78a27578f13a17b -> 
  custom:container-demuxer-webm: 4f35f7cbe854078d1ac9338744f61a02 -> 
  custom:video-encoder-webm-vp8: eb34c28f22e8b96e1ab97ce403110664 -> 
  custom:video-codec-MediaFoundation-h265: 746d11721c4dcdbdad8f713fa42b33f4 -> 
  custom:CustomObjectIndexerAttribute: bc11b3a6c3213fcdd17b65e7da85e133 -> 
  custom:audio-encoder-webm-vorbis: bf7c407c2cedff20999df2af8eb42d56 -> 
  custom:framework-win-MediaFoundation: 216162199b28c13a410421893ffa2e32 -> 
  custom:SearchIndexIgnoredProperties: e643bd26f0fe6173181afceb89e7c659 -> 
  custom:container-demuxer-ogg: 62fdf1f143b41e24485cea50d1cbac27 -> 
  custom:video-decoder-webm-vp8: 9c59270c3fd7afecdb556c50c9e8de78 -> 
  custom:audio-decoder-ogg-vorbis: bf7c407c2cedff20999df2af8eb42d56 -> 
========================================================================
Received Import Request.
  Time since last request: 6072.995559 seconds.
  path: Assets/Romans Pack - Low Poly (HA)/PREFABS/Probs/Military/SM_banner_03.prefab
  artifactKey: Guid(13c2eb9f97153e34e907ef470ef5047d) Importer(815301076,1909f56bfc062723c751e8b465ee728b)
Number of updated assets reloaded before import = 0
Start importing Assets/Romans Pack - Low Poly (HA)/PREFABS/Probs/Military/SM_banner_03.prefab using Guid(13c2eb9f97153e34e907ef470ef5047d) Importer(815301076,1909f56bfc062723c751e8b465ee728b)  -> (artifact id: '844413bb39b37765c6ada8e7541e1705') in 0.124718 seconds 
Number of asset objects unloaded after import = 10
========================================================================
Received Import Request.
  Time since last request: 0.741708 seconds.
  path: Assets/Romans Pack - Low Poly (HA)/PREFABS/Probs/Pottery/SM_bowl_03.prefab
  artifactKey: Guid(52cc927b8c202504c8899ff857fa0291) Importer(815301076,1909f56bfc062723c751e8b465ee728b)
Number of updated assets reloaded before import = 0
Start importing Assets/Romans Pack - Low Poly (HA)/PREFABS/Probs/Pottery/SM_bowl_03.prefab using Guid(52cc927b8c202504c8899ff857fa0291) Importer(815301076,1909f56bfc062723c751e8b465ee728b)  -> (artifact id: '5814e92d6bdbeec50a5f9fa886191b35') in 0.026000 seconds 
Number of asset objects unloaded after import = 15
========================================================================
Received Import Request.
  Time since last request: 0.000024 seconds.
  path: Assets/Romans Pack - Low Poly (HA)/PREFABS/Probs/Pottery/SM_cup_04.prefab
  artifactKey: Guid(5d95a57cbcb712a489d526894f688069) Importer(815301076,1909f56bfc062723c751e8b465ee728b)
Number of updated assets reloaded before import = 0
Start importing Assets/Romans Pack - Low Poly (HA)/PREFABS/Probs/Pottery/SM_cup_04.prefab using Guid(5d95a57cbcb712a489d526894f688069) Importer(815301076,1909f56bfc062723c751e8b465ee728b)  -> (artifact id: 'b0691848f8c08d894a476c3e168b09fc') in 0.020599 seconds 
Number of asset objects unloaded after import = 15
========================================================================
Received Import Request.
  Time since last request: 0.000019 seconds.
  path: Assets/Romans Pack - Low Poly (HA)/PREFABS/Probs/Pottery/SM_cup_08.prefab
  artifactKey: Guid(61b2667801b5cd64a8c470ef432de5ff) Importer(815301076,1909f56bfc062723c751e8b465ee728b)
Number of updated assets reloaded before import = 0
Start importing Assets/Romans Pack - Low Poly (HA)/PREFABS/Probs/Pottery/SM_cup_08.prefab using Guid(61b2667801b5cd64a8c470ef432de5ff) Importer(815301076,1909f56bfc062723c751e8b465ee728b)  -> (artifact id: '088a34a848c24cbb5e558509b78a79f7') in 0.018572 seconds 
Number of asset objects unloaded after import = 15
========================================================================
Received Import Request.
  Time since last request: 0.000019 seconds.
  path: Assets/Romans Pack - Low Poly (HA)/PREFABS/Probs/Pottery/SM_pottery_003.prefab
  artifactKey: Guid(e530fbc95656a704b8374d8d59b87d12) Importer(815301076,1909f56bfc062723c751e8b465ee728b)
Number of updated assets reloaded before import = 0
Start importing Assets/Romans Pack - Low Poly (HA)/PREFABS/Probs/Pottery/SM_pottery_003.prefab using Guid(e530fbc95656a704b8374d8d59b87d12) Importer(815301076,1909f56bfc062723c751e8b465ee728b)  -> (artifact id: 'db414dbda59fd8d024f0b9246e5e782e') in 0.016120 seconds 
Number of asset objects unloaded after import = 9
========================================================================
Received Import Request.
  Time since last request: 0.000026 seconds.
  path: Assets/Romans Pack - Low Poly (HA)/PREFABS/Probs/Pottery/SM_pottery_012.prefab
  artifactKey: Guid(4e76cb0e9d7538f4e818acd8f0232993) Importer(815301076,1909f56bfc062723c751e8b465ee728b)
Number of updated assets reloaded before import = 0
Start importing Assets/Romans Pack - Low Poly (HA)/PREFABS/Probs/Pottery/SM_pottery_012.prefab using Guid(4e76cb0e9d7538f4e818acd8f0232993) Importer(815301076,1909f56bfc062723c751e8b465ee728b)  -> (artifact id: '6fb244cd36742eeb50b6821f751dbdbb') in 0.020028 seconds 
Number of asset objects unloaded after import = 15
========================================================================
Received Import Request.
  Time since last request: 0.000027 seconds.
  path: Assets/Romans Pack - Low Poly (HA)/PREFABS/Probs/Pottery/SM_pottery_014.prefab
  artifactKey: Guid(1e78ae4022e7e5e4ca73fff9f8270d8a) Importer(815301076,1909f56bfc062723c751e8b465ee728b)
Number of updated assets reloaded before import = 0
Start importing Assets/Romans Pack - Low Poly (HA)/PREFABS/Probs/Pottery/SM_pottery_014.prefab using Guid(1e78ae4022e7e5e4ca73fff9f8270d8a) Importer(815301076,1909f56bfc062723c751e8b465ee728b)  -> (artifact id: 'bb4fe6e26b0f88637dc45312bb1b3988') in 0.018811 seconds 
Number of asset objects unloaded after import = 9
========================================================================
Received Import Request.
  Time since last request: 1.807734 seconds.
  path: Assets/Romans Pack - Low Poly (HA)/PREFABS/Probs/Signs/SM_sign_01_castle.prefab
  artifactKey: Guid(5de5a3a110be96643843a00761e0a76b) Importer(815301076,1909f56bfc062723c751e8b465ee728b)
Number of updated assets reloaded before import = 0
Start importing Assets/Romans Pack - Low Poly (HA)/PREFABS/Probs/Signs/SM_sign_01_castle.prefab using Guid(5de5a3a110be96643843a00761e0a76b) Importer(815301076,1909f56bfc062723c751e8b465ee728b)  -> (artifact id: '42e7b5462567cc190c77464ffd88f541') in 0.039745 seconds 
Number of asset objects unloaded after import = 18
========================================================================
Received Import Request.
  Time since last request: 0.000017 seconds.
  path: Assets/Romans Pack - Low Poly (HA)/PREFABS/Probs/Signs/SM_sign_02_bakery.prefab
  artifactKey: Guid(333c1ba9557926044865146711d74c86) Importer(815301076,1909f56bfc062723c751e8b465ee728b)
Number of updated assets reloaded before import = 0
Start importing Assets/Romans Pack - Low Poly (HA)/PREFABS/Probs/Signs/SM_sign_02_bakery.prefab using Guid(333c1ba9557926044865146711d74c86) Importer(815301076,1909f56bfc062723c751e8b465ee728b)  -> (artifact id: '4c91f87736842b2b9178cabb16f45047') in 0.017392 seconds 
Number of asset objects unloaded after import = 10
========================================================================
Received Import Request.
  Time since last request: 0.000015 seconds.
  path: Assets/Romans Pack - Low Poly (HA)/PREFABS/Probs/Signs/SM_sign_02_amphitheatre.prefab
  artifactKey: Guid(ca9389f36d967ad4b81dd58ac57994b1) Importer(815301076,1909f56bfc062723c751e8b465ee728b)
Number of updated assets reloaded before import = 0
Start importing Assets/Romans Pack - Low Poly (HA)/PREFABS/Probs/Signs/SM_sign_02_amphitheatre.prefab using Guid(ca9389f36d967ad4b81dd58ac57994b1) Importer(815301076,1909f56bfc062723c751e8b465ee728b)  -> (artifact id: 'f8541153d56576aea81f10d048192881') in 0.017856 seconds 
Number of asset objects unloaded after import = 10
========================================================================
Received Import Request.
  Time since last request: 0.000021 seconds.
  path: Assets/Romans Pack - Low Poly (HA)/PREFABS/Probs/Signs/SM_sign_01_tavern.prefab
  artifactKey: Guid(2aab59da0e98fa64482b060f05393469) Importer(815301076,1909f56bfc062723c751e8b465ee728b)
Number of updated assets reloaded before import = 0
Start importing Assets/Romans Pack - Low Poly (HA)/PREFABS/Probs/Signs/SM_sign_01_tavern.prefab using Guid(2aab59da0e98fa64482b060f05393469) Importer(815301076,1909f56bfc062723c751e8b465ee728b)  -> (artifact id: 'a85adf048f1267ddd278e0177fa2d0ef') in 0.019675 seconds 
Number of asset objects unloaded after import = 18
========================================================================
Received Import Request.
  Time since last request: 6.555826 seconds.
  path: Assets/Romans Pack - Low Poly (HA)/PREFABS/Probs/Crates/SM_crate_market_03.prefab
  artifactKey: Guid(7a96ed77cf04b0340a0a0fa666d278dd) Importer(815301076,1909f56bfc062723c751e8b465ee728b)
Number of updated assets reloaded before import = 0
Start importing Assets/Romans Pack - Low Poly (HA)/PREFABS/Probs/Crates/SM_crate_market_03.prefab using Guid(7a96ed77cf04b0340a0a0fa666d278dd) Importer(815301076,1909f56bfc062723c751e8b465ee728b)  -> (artifact id: 'd15249b85b217e3eed2fa31620703880') in 0.035239 seconds 
Number of asset objects unloaded after import = 10
========================================================================
Received Import Request.
  Time since last request: 0.000017 seconds.
  path: Assets/Romans Pack - Low Poly (HA)/PREFABS/Probs/Crates/SM_crate_wood_02.prefab
  artifactKey: Guid(220365100ae1f194fb9becf25aa4694e) Importer(815301076,1909f56bfc062723c751e8b465ee728b)
Number of updated assets reloaded before import = 0
Start importing Assets/Romans Pack - Low Poly (HA)/PREFABS/Probs/Crates/SM_crate_wood_02.prefab using Guid(220365100ae1f194fb9becf25aa4694e) Importer(815301076,1909f56bfc062723c751e8b465ee728b)  -> (artifact id: '7de7308e8eeea147129a5e8fdf1dac77') in 0.030940 seconds 
Number of asset objects unloaded after import = 10
========================================================================
Received Import Request.
  Time since last request: 6.348830 seconds.
  path: Assets/Romans Pack - Low Poly (HA)/PREFABS/Modular Pieces/SM_arch_round_01.prefab
  artifactKey: Guid(f612a91f08ddd2445a116c10cd471708) Importer(815301076,1909f56bfc062723c751e8b465ee728b)
Number of updated assets reloaded before import = 0
Start importing Assets/Romans Pack - Low Poly (HA)/PREFABS/Modular Pieces/SM_arch_round_01.prefab using Guid(f612a91f08ddd2445a116c10cd471708) Importer(815301076,1909f56bfc062723c751e8b465ee728b)  -> (artifact id: 'd218fcc00af64a4cbf477d622f81603f') in 0.027470 seconds 
Number of asset objects unloaded after import = 10
========================================================================
Received Import Request.
  Time since last request: 0.000020 seconds.
  path: Assets/Romans Pack - Low Poly (HA)/PREFABS/Modular Pieces/SM_constructionsite_corner.prefab
  artifactKey: Guid(e078868090442eb4890df8d70d34f980) Importer(815301076,1909f56bfc062723c751e8b465ee728b)
Number of updated assets reloaded before import = 0
Start importing Assets/Romans Pack - Low Poly (HA)/PREFABS/Modular Pieces/SM_constructionsite_corner.prefab using Guid(e078868090442eb4890df8d70d34f980) Importer(815301076,1909f56bfc062723c751e8b465ee728b)  -> (artifact id: '5915b4ea30b2a8543e9684e730e059d4') in 0.022848 seconds 
Number of asset objects unloaded after import = 10
========================================================================
Received Import Request.
  Time since last request: 0.000015 seconds.
  path: Assets/Romans Pack - Low Poly (HA)/PREFABS/Modular Pieces/SM_door_01.prefab
  artifactKey: Guid(66b326290bae10d45a73e2d5960f60f0) Importer(815301076,1909f56bfc062723c751e8b465ee728b)
Number of updated assets reloaded before import = 0
Start importing Assets/Romans Pack - Low Poly (HA)/PREFABS/Modular Pieces/SM_door_01.prefab using Guid(66b326290bae10d45a73e2d5960f60f0) Importer(815301076,1909f56bfc062723c751e8b465ee728b)  -> (artifact id: 'a9c754adb88bc4202f68f540452f3259') in 0.024720 seconds 
Number of asset objects unloaded after import = 10
========================================================================
Received Import Request.
  Time since last request: 0.000014 seconds.
  path: Assets/Romans Pack - Low Poly (HA)/PREFABS/Modular Pieces/SM_floor_3x3.prefab
  artifactKey: Guid(bb5b83ade7d0ec34da48f43a99fb6934) Importer(815301076,1909f56bfc062723c751e8b465ee728b)
Number of updated assets reloaded before import = 0
Start importing Assets/Romans Pack - Low Poly (HA)/PREFABS/Modular Pieces/SM_floor_3x3.prefab using Guid(bb5b83ade7d0ec34da48f43a99fb6934) Importer(815301076,1909f56bfc062723c751e8b465ee728b)  -> (artifact id: 'd6f3e0ca85c3ec602fb5863620a68d09') in 0.022334 seconds 
Number of asset objects unloaded after import = 10
========================================================================
Received Import Request.
  Time since last request: 0.000023 seconds.
  path: Assets/Romans Pack - Low Poly (HA)/PREFABS/Modular Pieces/SM_pillar_stone.prefab
  artifactKey: Guid(d68b8e1abeb72d542a96ec417530495a) Importer(815301076,1909f56bfc062723c751e8b465ee728b)
Number of updated assets reloaded before import = 0
Start importing Assets/Romans Pack - Low Poly (HA)/PREFABS/Modular Pieces/SM_pillar_stone.prefab using Guid(d68b8e1abeb72d542a96ec417530495a) Importer(815301076,1909f56bfc062723c751e8b465ee728b)  -> (artifact id: 'df3b63d9956e7128576ebac0416fba23') in 0.072734 seconds 
Number of asset objects unloaded after import = 12
========================================================================
Received Import Request.
  Time since last request: 0.000020 seconds.
  path: Assets/Romans Pack - Low Poly (HA)/PREFABS/Modular Pieces/SM_door_03.prefab
  artifactKey: Guid(0fa7f2609f8fd9e438241ae8a96a12c8) Importer(815301076,1909f56bfc062723c751e8b465ee728b)
Number of updated assets reloaded before import = 0
Start importing Assets/Romans Pack - Low Poly (HA)/PREFABS/Modular Pieces/SM_door_03.prefab using Guid(0fa7f2609f8fd9e438241ae8a96a12c8) Importer(815301076,1909f56bfc062723c751e8b465ee728b)  -> (artifact id: 'afb01249e52a72c58318a51481079b4d') in 0.027505 seconds 
Number of asset objects unloaded after import = 10
========================================================================
Received Import Request.
  Time since last request: 1.340442 seconds.
  path: Assets/Romans Pack - Low Poly (HA)/PREFABS/Modular Pieces/SM_wall_3x3_window_02.prefab
  artifactKey: Guid(e628acf31c1131444a704bba54b86f1e) Importer(815301076,1909f56bfc062723c751e8b465ee728b)
Number of updated assets reloaded before import = 0
Start importing Assets/Romans Pack - Low Poly (HA)/PREFABS/Modular Pieces/SM_wall_3x3_window_02.prefab using Guid(e628acf31c1131444a704bba54b86f1e) Importer(815301076,1909f56bfc062723c751e8b465ee728b)  -> (artifact id: 'e329df4af9f317d0dd01e44a735acc30') in 0.021696 seconds 
Number of asset objects unloaded after import = 10
========================================================================
Received Import Request.
  Time since last request: 0.246119 seconds.
  path: Assets/Romans Pack - Low Poly (HA)/PREFABS/Modular Pieces/SM_window_1x1_01.prefab
  artifactKey: Guid(30f150c799a818a45b1ccd6e90fa75f5) Importer(815301076,1909f56bfc062723c751e8b465ee728b)
Number of updated assets reloaded before import = 0
Start importing Assets/Romans Pack - Low Poly (HA)/PREFABS/Modular Pieces/SM_window_1x1_01.prefab using Guid(30f150c799a818a45b1ccd6e90fa75f5) Importer(815301076,1909f56bfc062723c751e8b465ee728b)  -> (artifact id: 'b7270cc91cdebe5c5151fec3c718ee7a') in 0.028869 seconds 
Number of asset objects unloaded after import = 10
========================================================================
Received Prepare
Registering precompiled user dll's ...
Registered in 0.005296 seconds.
Begin MonoManager ReloadAssembly
Symbol file LoadedFromMemory is not a mono symbol file
Native extension for WindowsStandalone target not found
Native extension for Android target not found
Refreshing native plugins compatible for Editor in 1.23 ms, found 13 plugins.
Preloading 3 native plugins for Editor in 0.10 ms.
[Package Manager] Server::EnsureServerProcessIsRunning -- launch failed, reason: Unity was launched with the -noUpm command-line argument
[Package Manager] Cannot connect to Unity Package Manager local server
[Package Manager] Server::EnsureServerProcessIsRunning -- launch failed, reason: Unity was launched with the -noUpm command-line argument
[Package Manager] Cannot connect to Unity Package Manager local server
[Package Manager] Server::EnsureServerProcessIsRunning -- launch failed, reason: Unity was launched with the -noUpm command-line argument
[Package Manager] Cannot connect to Unity Package Manager local server
[Package Manager] Server::EnsureServerProcessIsRunning -- launch failed, reason: Unity was launched with the -noUpm command-line argument
[Package Manager] Cannot connect to Unity Package Manager local server
[Package Manager] Server::EnsureServerProcessIsRunning -- launch failed, reason: Unity was launched with the -noUpm command-line argument
[Package Manager] Cannot connect to Unity Package Manager local server
System.Reflection.TargetInvocationException: Exception has been thrown by the target of an invocation. ---> System.NullReferenceException: Object reference not set to an instance of an object
  at Unity.XR.Oculus.OculusLoader.AssetPathToAbsolutePath (System.String assetPath) [0x0003d] in D:\unity\prototype\7381-prototype\Library\PackageCache\com.unity.xr.oculus@3.4.0\Runtime\OculusLoader.cs:287 
  at Unity.XR.Oculus.OculusLoader.EditorLoadOVRPlugin () [0x00084] in D:\unity\prototype\7381-prototype\Library\PackageCache\com.unity.xr.oculus@3.4.0\Runtime\OculusLoader.cs:272 
  at (wrapper managed-to-native) System.Reflection.RuntimeMethodInfo.InternalInvoke(System.Reflection.RuntimeMethodInfo,object,object[],System.Exception&)
  at System.Reflection.RuntimeMethodInfo.Invoke (System.Object obj, System.Reflection.BindingFlags invokeAttr, System.Reflection.Binder binder, System.Object[] parameters, System.Globalization.CultureInfo culture) [0x0006a] in <3aa98f447c32440abc2affef8f2fd6a0>:0 
   --- End of inner exception stack trace ---
  at System.Reflection.RuntimeMethodInfo.Invoke (System.Object obj, System.Reflection.BindingFlags invokeAttr, System.Reflection.Binder binder, System.Object[] parameters, System.Globalization.CultureInfo culture) [0x00083] in <3aa98f447c32440abc2affef8f2fd6a0>:0 
  at System.Reflection.MethodBase.Invoke (System.Object obj, System.Object[] parameters) [0x00000] in <3aa98f447c32440abc2affef8f2fd6a0>:0 
  at UnityEditor.EditorAssemblies.ProcessInitializeOnLoadMethodAttributes () [0x000a5] in <58158fa5247e42af9544990ea0885e7f>:0 
UnityEngine.StackTraceUtility:ExtractStackTrace ()
UnityEngine.DebugLogHandler:LogFormat (UnityEngine.LogType,UnityEngine.Object,string,object[])
UnityEngine.Logger:Log (UnityEngine.LogType,object)
UnityEngine.Debug:LogError (object)
UnityEditor.EditorAssemblies:ProcessInitializeOnLoadMethodAttributes ()

Mono: successfully reloaded assembly
- Completed reload, in  1.178 seconds
Domain Reload Profiling:
	ReloadAssembly (1178ms)
		BeginReloadAssembly (150ms)
			ExecutionOrderSort (0ms)
			DisableScriptedObjects (3ms)
			BackupInstance (0ms)
			ReleaseScriptingObjects (0ms)
			CreateAndSetChildDomain (40ms)
		EndReloadAssembly (948ms)
			LoadAssemblies (124ms)
			RebuildTransferFunctionScriptingTraits (0ms)
			SetupTypeCache (278ms)
			ReleaseScriptCaches (1ms)
			RebuildScriptCaches (37ms)
			SetupLoadedEditorAssemblies (522ms)
				LogAssemblyErrors (0ms)
				InitializePlatformSupportModulesInManaged (14ms)
				SetLoadedEditorAssemblies (0ms)
				RefreshPlugins (1ms)
				BeforeProcessingInitializeOnLoad (57ms)
				ProcessInitializeOnLoadAttributes (428ms)
				ProcessInitializeOnLoadMethodAttributes (20ms)
				AfterProcessingInitializeOnLoad (1ms)
				EditorAssembliesLoaded (0ms)
			ExecutionOrderSort2 (0ms)
			AwakeInstancesAfterBackupRestoration (8ms)
Platform modules already initialized, skipping
Shader 'SH_Vefects_VFX_URP_Fire_Flames_01': fallback shader 'Hidden/Shader Graph/FallbackError' not found
Shader 'SH_Vefects_VFX_URP_Heat_Haze_01': fallback shader 'Hidden/Shader Graph/FallbackError' not found
Shader 'SH_Vefects_VFX_URP_Particles_Erosion_01': fallback shader 'Hidden/Shader Graph/FallbackError' not found
Shader 'Oculus/OVRMRCameraFrameLit': fallback shader 'Alpha-Diffuse' not found
Shader 'SH_Vefects_VFX_URP_Particles_Erosion_01': fallback shader 'Hidden/Shader Graph/FallbackError' not found
Shader 'SH_Vefects_VFX_URP_Fire_Flames_01': fallback shader 'Hidden/Shader Graph/FallbackError' not found
Shader 'SH_Vefects_VFX_URP_Heat_Haze_01': fallback shader 'Hidden/Shader Graph/FallbackError' not found
Shader 'Meta/MRUK/Scene/HighlightsAndShadows': fallback shader 'Off' not found
Refreshing native plugins compatible for Editor in 1.94 ms, found 13 plugins.
Preloading 3 native plugins for Editor in 0.13 ms.
Unloading 5160 Unused Serialized files (Serialized files now loaded: 0)
Unloading 63 unused Assets / (0.6 MB). Loaded Objects now: 5726.
Memory consumption went from 235.1 MB to 234.4 MB.
Total: 4.423600 ms (FindLiveObjects: 0.440200 ms CreateObjectMapping: 0.419700 ms MarkObjects: 3.277000 ms  DeleteObjects: 0.285700 ms)

AssetImportParameters requested are different than current active one (requested -> active):
  custom:video-decoder-ogg-theora: a1e56fd34408186e4bbccfd4996cb3dc -> 
  custom:container-muxer-webm: aa71ff27fc2769a1b78a27578f13a17b -> 
  custom:container-demuxer-webm: 4f35f7cbe854078d1ac9338744f61a02 -> 
  custom:video-encoder-webm-vp8: eb34c28f22e8b96e1ab97ce403110664 -> 
  custom:video-codec-MediaFoundation-h265: 746d11721c4dcdbdad8f713fa42b33f4 -> 
  custom:CustomObjectIndexerAttribute: bc11b3a6c3213fcdd17b65e7da85e133 -> 
  custom:audio-encoder-webm-vorbis: bf7c407c2cedff20999df2af8eb42d56 -> 
  custom:framework-win-MediaFoundation: 216162199b28c13a410421893ffa2e32 -> 
  custom:SearchIndexIgnoredProperties: e643bd26f0fe6173181afceb89e7c659 -> 
  custom:container-demuxer-ogg: 62fdf1f143b41e24485cea50d1cbac27 -> 
  custom:video-decoder-webm-vp8: 9c59270c3fd7afecdb556c50c9e8de78 -> 
  custom:audio-decoder-ogg-vorbis: bf7c407c2cedff20999df2af8eb42d56 -> 
Editor requested this worker to shutdown with reason: Scaling down because of idle timeout
AssetImportWorker is now disconnected from the server
Process exiting
Exiting without the bug reporter. Application will terminate with return code 0