Using pre-set license
Built from '2021.3/staging' branch; Version is '2021.3.40f1 (6fcab7dbbbc1) revision 7326391'; Using compiler version '192829333'; Build Type 'Release'
OS: 'Windows 11  (10.0.22631) 64bit CoreCountrySpecific' Language: 'zh' Physical Memory: 16108 MB
BatchMode: 1, IsHumanControllingUs: 0, StartBugReporterOnCrash: 0, Is64bit: 1, IsPro: 1

COMMAND LINE ARGUMENTS:
D:\unity\2021.3.40f1\Editor\Unity.exe
-adb2
-batchMode
-noUpm
-name
AssetImportWorker5
-projectPath
D:/unity/prototype/7381-prototype
-logFile
Logs/AssetImportWorker5.log
-srvPort
58890
Successfully changed project path to: D:/unity/prototype/7381-prototype
D:/unity/prototype/7381-prototype
[UnityMemory] Configuration Parameters - Can be set up in boot.config
    "memorysetup-bucket-allocator-granularity=16"
    "memorysetup-bucket-allocator-bucket-count=8"
    "memorysetup-bucket-allocator-block-size=33554432"
    "memorysetup-bucket-allocator-block-count=8"
    "memorysetup-main-allocator-block-size=16777216"
    "memorysetup-thread-allocator-block-size=16777216"
    "memorysetup-gfx-main-allocator-block-size=16777216"
    "memorysetup-gfx-thread-allocator-block-size=16777216"
    "memorysetup-cache-allocator-block-size=4194304"
    "memorysetup-typetree-allocator-block-size=2097152"
    "memorysetup-profiler-bucket-allocator-granularity=16"
    "memorysetup-profiler-bucket-allocator-bucket-count=8"
    "memorysetup-profiler-bucket-allocator-block-size=33554432"
    "memorysetup-profiler-bucket-allocator-block-count=8"
    "memorysetup-profiler-allocator-block-size=16777216"
    "memorysetup-profiler-editor-allocator-block-size=1048576"
    "memorysetup-temp-allocator-size-main=16777216"
    "memorysetup-job-temp-allocator-block-size=2097152"
    "memorysetup-job-temp-allocator-block-size-background=1048576"
    "memorysetup-job-temp-allocator-reduction-small-platforms=262144"
    "memorysetup-temp-allocator-size-background-worker=32768"
    "memorysetup-temp-allocator-size-job-worker=262144"
    "memorysetup-temp-allocator-size-preload-manager=33554432"
    "memorysetup-temp-allocator-size-nav-mesh-worker=65536"
    "memorysetup-temp-allocator-size-audio-worker=65536"
    "memorysetup-temp-allocator-size-cloud-worker=32768"
    "memorysetup-temp-allocator-size-gi-baking-worker=262144"
    "memorysetup-temp-allocator-size-gfx=262144"
Player connection [29680] Host "[IP] 10.70.92.119 [Port] 0 [Flags] 2 [Guid] 2386317975 [EditorId] 2386317975 [Version] 1048832 [Id] WindowsEditor(7,LAPTOP-SGLN2ASP) [Debug] 1 [PackageName] WindowsEditor [ProjectName] Editor" joined multi-casting on [225.0.0.222:54997]...

Player connection [29680] Host "[IP] 10.70.92.119 [Port] 0 [Flags] 2 [Guid] 2386317975 [EditorId] 2386317975 [Version] 1048832 [Id] WindowsEditor(7,LAPTOP-SGLN2ASP) [Debug] 1 [PackageName] WindowsEditor [ProjectName] Editor" joined alternative multi-casting on [225.0.0.222:34997]...

[Physics::Module] Initialized MultithreadedJobDispatcher with {0} workers.
Refreshing native plugins compatible for Editor in 126.25 ms, found 13 plugins.
Preloading 3 native plugins for Editor in 3.25 ms.
Initialize engine version: 2021.3.40f1 (6fcab7dbbbc1)
[Subsystems] Discovering subsystems at path D:/unity/2021.3.40f1/Editor/Data/Resources/UnitySubsystems
[Subsystems] Discovering subsystems at path D:/unity/prototype/7381-prototype/Assets
GfxDevice: creating device client; threaded=0; jobified=0
Direct3D:
    Version:  Direct3D 11.0 [level 11.1]
    Renderer: NVIDIA GeForce RTX 3060 Laptop GPU (ID=0x2560)
    Vendor:   NVIDIA
    VRAM:     5996 MB
    Driver:   31.0.15.5123
Shader 'Meta/MRUK/Scene/HighlightsAndShadows': fallback shader 'Off' not found
Shader 'Oculus/OVRMRCameraFrameLit': fallback shader 'Alpha-Diffuse' not found
Initialize mono
Mono path[0] = 'D:/unity/2021.3.40f1/Editor/Data/Managed'
Mono path[1] = 'D:/unity/2021.3.40f1/Editor/Data/MonoBleedingEdge/lib/mono/unityjit-win32'
Mono config path = 'D:/unity/2021.3.40f1/Editor/Data/MonoBleedingEdge/etc'
Using monoOptions --debugger-agent=transport=dt_socket,embedding=1,server=y,suspend=n,address=127.0.0.1:56416
Begin MonoManager ReloadAssembly
Registering precompiled unity dll's ...
Register platform support module: D:/unity/2021.3.40f1/Editor/Data/PlaybackEngines/AndroidPlayer/UnityEditor.Android.Extensions.dll
Register platform support module: D:/unity/2021.3.40f1/Editor/Data/PlaybackEngines/WindowsStandaloneSupport/UnityEditor.WindowsStandalone.Extensions.dll
Registered in 0.001718 seconds.
Native extension for WindowsStandalone target not found
Native extension for Android target not found
Android Extension - Scanning For ADB Devices 312 ms
Refreshing native plugins compatible for Editor in 91.05 ms, found 13 plugins.
Preloading 3 native plugins for Editor in 0.32 ms.
Mono: successfully reloaded assembly
- Completed reload, in  0.855 seconds
Domain Reload Profiling:
	ReloadAssembly (855ms)
		BeginReloadAssembly (79ms)
			ExecutionOrderSort (0ms)
			DisableScriptedObjects (0ms)
			BackupInstance (0ms)
			ReleaseScriptingObjects (0ms)
			CreateAndSetChildDomain (1ms)
		EndReloadAssembly (715ms)
			LoadAssemblies (79ms)
			RebuildTransferFunctionScriptingTraits (0ms)
			SetupTypeCache (83ms)
			ReleaseScriptCaches (0ms)
			RebuildScriptCaches (20ms)
			SetupLoadedEditorAssemblies (583ms)
				LogAssemblyErrors (0ms)
				InitializePlatformSupportModulesInManaged (378ms)
				SetLoadedEditorAssemblies (0ms)
				RefreshPlugins (91ms)
				BeforeProcessingInitializeOnLoad (1ms)
				ProcessInitializeOnLoadAttributes (78ms)
				ProcessInitializeOnLoadMethodAttributes (34ms)
				AfterProcessingInitializeOnLoad (0ms)
				EditorAssembliesLoaded (0ms)
			ExecutionOrderSort2 (0ms)
			AwakeInstancesAfterBackupRestoration (0ms)
Platform modules already initialized, skipping
Registering precompiled user dll's ...
Registered in 0.005811 seconds.
Begin MonoManager ReloadAssembly
Native extension for WindowsStandalone target not found
Native extension for Android target not found
Refreshing native plugins compatible for Editor in 143.26 ms, found 13 plugins.
Preloading 3 native plugins for Editor in 0.10 ms.
Package Manager log level set to [2]
[Package Manager] Server::EnsureServerProcessIsRunning -- launch failed, reason: Unity was launched with the -noUpm command-line argument
[Package Manager] Cannot connect to Unity Package Manager local server
[Package Manager] Server::EnsureServerProcessIsRunning -- launch failed, reason: Unity was launched with the -noUpm command-line argument
[Package Manager] Cannot connect to Unity Package Manager local server
[Package Manager] Server::EnsureServerProcessIsRunning -- launch failed, reason: Unity was launched with the -noUpm command-line argument
[Package Manager] Cannot connect to Unity Package Manager local server
System.Reflection.TargetInvocationException: Exception has been thrown by the target of an invocation. ---> System.NullReferenceException: Object reference not set to an instance of an object
  at Unity.XR.Oculus.OculusLoader.AssetPathToAbsolutePath (System.String assetPath) [0x0003d] in D:\unity\prototype\7381-prototype\Library\PackageCache\com.unity.xr.oculus@3.4.0\Runtime\OculusLoader.cs:287 
  at Unity.XR.Oculus.OculusLoader.EditorLoadOVRPlugin () [0x00084] in D:\unity\prototype\7381-prototype\Library\PackageCache\com.unity.xr.oculus@3.4.0\Runtime\OculusLoader.cs:272 
  at (wrapper managed-to-native) System.Reflection.RuntimeMethodInfo.InternalInvoke(System.Reflection.RuntimeMethodInfo,object,object[],System.Exception&)
  at System.Reflection.RuntimeMethodInfo.Invoke (System.Object obj, System.Reflection.BindingFlags invokeAttr, System.Reflection.Binder binder, System.Object[] parameters, System.Globalization.CultureInfo culture) [0x0006a] in <3aa98f447c32440abc2affef8f2fd6a0>:0 
   --- End of inner exception stack trace ---
  at System.Reflection.RuntimeMethodInfo.Invoke (System.Object obj, System.Reflection.BindingFlags invokeAttr, System.Reflection.Binder binder, System.Object[] parameters, System.Globalization.CultureInfo culture) [0x00083] in <3aa98f447c32440abc2affef8f2fd6a0>:0 
  at System.Reflection.MethodBase.Invoke (System.Object obj, System.Object[] parameters) [0x00000] in <3aa98f447c32440abc2affef8f2fd6a0>:0 
  at UnityEditor.EditorAssemblies.ProcessInitializeOnLoadMethodAttributes () [0x000a5] in <58158fa5247e42af9544990ea0885e7f>:0 
UnityEngine.StackTraceUtility:ExtractStackTrace ()
UnityEngine.DebugLogHandler:LogFormat (UnityEngine.LogType,UnityEngine.Object,string,object[])
UnityEngine.Logger:Log (UnityEngine.LogType,object)
UnityEngine.Debug:LogError (object)
UnityEditor.EditorAssemblies:ProcessInitializeOnLoadMethodAttributes ()

Mono: successfully reloaded assembly
- Completed reload, in  1.550 seconds
Domain Reload Profiling:
	ReloadAssembly (1551ms)
		BeginReloadAssembly (133ms)
			ExecutionOrderSort (0ms)
			DisableScriptedObjects (8ms)
			BackupInstance (0ms)
			ReleaseScriptingObjects (0ms)
			CreateAndSetChildDomain (22ms)
		EndReloadAssembly (1335ms)
			LoadAssemblies (110ms)
			RebuildTransferFunctionScriptingTraits (0ms)
			SetupTypeCache (287ms)
			ReleaseScriptCaches (1ms)
			RebuildScriptCaches (94ms)
			SetupLoadedEditorAssemblies (822ms)
				LogAssemblyErrors (0ms)
				InitializePlatformSupportModulesInManaged (15ms)
				SetLoadedEditorAssemblies (0ms)
				RefreshPlugins (143ms)
				BeforeProcessingInitializeOnLoad (108ms)
				ProcessInitializeOnLoadAttributes (534ms)
				ProcessInitializeOnLoadMethodAttributes (20ms)
				AfterProcessingInitializeOnLoad (2ms)
				EditorAssembliesLoaded (0ms)
			ExecutionOrderSort2 (0ms)
			AwakeInstancesAfterBackupRestoration (7ms)
Platform modules already initialized, skipping
========================================================================
Worker process is ready to serve import requests
Shader 'SH_Vefects_VFX_URP_Fire_Flames_01': fallback shader 'Hidden/Shader Graph/FallbackError' not found
Shader 'SH_Vefects_VFX_URP_Heat_Haze_01': fallback shader 'Hidden/Shader Graph/FallbackError' not found
Shader 'SH_Vefects_VFX_URP_Particles_Erosion_01': fallback shader 'Hidden/Shader Graph/FallbackError' not found
Shader 'SH_Vefects_VFX_URP_Heat_Haze_01': fallback shader 'Hidden/Shader Graph/FallbackError' not found
Shader 'Oculus/OVRMRCameraFrameLit': fallback shader 'Alpha-Diffuse' not found
Shader 'Meta/MRUK/Scene/HighlightsAndShadows': fallback shader 'Off' not found
Shader 'SH_Vefects_VFX_URP_Particles_Erosion_01': fallback shader 'Hidden/Shader Graph/FallbackError' not found
Shader 'SH_Vefects_VFX_URP_Fire_Flames_01': fallback shader 'Hidden/Shader Graph/FallbackError' not found
Launched and connected shader compiler UnityShaderCompiler.exe after 0.07 seconds
Refreshing native plugins compatible for Editor in 1.73 ms, found 13 plugins.
Preloading 3 native plugins for Editor in 0.13 ms.
Unloading 5253 Unused Serialized files (Serialized files now loaded: 0)
Unloading 66 unused Assets / (0.7 MB). Loaded Objects now: 5717.
Memory consumption went from 242.8 MB to 242.1 MB.
Total: 4.363900 ms (FindLiveObjects: 0.489400 ms CreateObjectMapping: 0.396800 ms MarkObjects: 3.271800 ms  DeleteObjects: 0.204800 ms)

AssetImportParameters requested are different than current active one (requested -> active):
  custom:video-decoder-ogg-theora: a1e56fd34408186e4bbccfd4996cb3dc -> 
  custom:container-muxer-webm: aa71ff27fc2769a1b78a27578f13a17b -> 
  custom:container-demuxer-webm: 4f35f7cbe854078d1ac9338744f61a02 -> 
  custom:video-encoder-webm-vp8: eb34c28f22e8b96e1ab97ce403110664 -> 
  custom:video-codec-MediaFoundation-h265: 746d11721c4dcdbdad8f713fa42b33f4 -> 
  custom:CustomObjectIndexerAttribute: bc11b3a6c3213fcdd17b65e7da85e133 -> 
  custom:audio-encoder-webm-vorbis: bf7c407c2cedff20999df2af8eb42d56 -> 
  custom:framework-win-MediaFoundation: 216162199b28c13a410421893ffa2e32 -> 
  custom:SearchIndexIgnoredProperties: e643bd26f0fe6173181afceb89e7c659 -> 
  custom:container-demuxer-ogg: 62fdf1f143b41e24485cea50d1cbac27 -> 
  custom:video-decoder-webm-vp8: 9c59270c3fd7afecdb556c50c9e8de78 -> 
  custom:audio-decoder-ogg-vorbis: bf7c407c2cedff20999df2af8eb42d56 -> 
========================================================================
Received Import Request.
  Time since last request: 15241.083221 seconds.
  path: Assets/PolygonAncientEmpire/Materials/Alts/PolygonAncientWorlds_01_A.mat
  artifactKey: Guid(09a84924202a7c14dbbdcc7846bd818a) Importer(815301076,1909f56bfc062723c751e8b465ee728b)
Number of updated assets reloaded before import = 0
Start importing Assets/PolygonAncientEmpire/Materials/Alts/PolygonAncientWorlds_01_A.mat using Guid(09a84924202a7c14dbbdcc7846bd818a) Importer(815301076,1909f56bfc062723c751e8b465ee728b)  -> (artifact id: '415bc57b906e8a0fbd687eb6c6c2ff80') in 0.592746 seconds 
Number of asset objects unloaded after import = 4
========================================================================
Received Import Request.
  Time since last request: 0.000045 seconds.
  path: Assets/Vefects/Free Fire VFX URP/Materials/T_VFX_Ash_01.mat
  artifactKey: Guid(2fc03fbd7b6779249b5c80718a1a9c2d) Importer(815301076,1909f56bfc062723c751e8b465ee728b)
Number of updated assets reloaded before import = 0
Start importing Assets/Vefects/Free Fire VFX URP/Materials/T_VFX_Ash_01.mat using Guid(2fc03fbd7b6779249b5c80718a1a9c2d) Importer(815301076,1909f56bfc062723c751e8b465ee728b)  -> (artifact id: '30450477bd598f15ab3d0e41420dff0d') in 0.040232 seconds 
Number of asset objects unloaded after import = 2
========================================================================
Received Import Request.
  Time since last request: 0.000045 seconds.
  path: Assets/PortalsPackage/MatAndText/Portal#2/Platform#2_Lights.mat
  artifactKey: Guid(df42c388fbdba1542b6c096c8a045ed0) Importer(815301076,1909f56bfc062723c751e8b465ee728b)
Number of updated assets reloaded before import = 0
Start importing Assets/PortalsPackage/MatAndText/Portal#2/Platform#2_Lights.mat using Guid(df42c388fbdba1542b6c096c8a045ed0) Importer(815301076,1909f56bfc062723c751e8b465ee728b)  -> (artifact id: '8ce2b21d58d922383cf086a118967b6b') in 0.038265 seconds 
Number of asset objects unloaded after import = 2
========================================================================
Received Import Request.
  Time since last request: 0.000023 seconds.
  path: Assets/PolygonAncientEmpire/Materials/BuildingAlts/Stucco_Red_Pattern_01.mat
  artifactKey: Guid(be013a0740e1fdb4186795512d410be7) Importer(815301076,1909f56bfc062723c751e8b465ee728b)
Number of updated assets reloaded before import = 0
Start importing Assets/PolygonAncientEmpire/Materials/BuildingAlts/Stucco_Red_Pattern_01.mat using Guid(be013a0740e1fdb4186795512d410be7) Importer(815301076,1909f56bfc062723c751e8b465ee728b)  -> (artifact id: '8a51080635063e43c7f1565f391faf9e') in 0.060539 seconds 
Number of asset objects unloaded after import = 2
========================================================================
Received Import Request.
  Time since last request: 0.000020 seconds.
  path: Assets/PolygonAncientEmpire/Materials/Misc/Sky_Mat.mat
  artifactKey: Guid(df1b7bd8f7cecac42b0e7e75beccb3e3) Importer(815301076,1909f56bfc062723c751e8b465ee728b)
Number of updated assets reloaded before import = 0
Start importing Assets/PolygonAncientEmpire/Materials/Misc/Sky_Mat.mat using Guid(df1b7bd8f7cecac42b0e7e75beccb3e3) Importer(815301076,1909f56bfc062723c751e8b465ee728b)  -> (artifact id: 'c53cbe61486ec6a6f7920039aaa70326') in 0.089094 seconds 
Number of asset objects unloaded after import = 2
========================================================================
Received Import Request.
  Time since last request: 0.000017 seconds.
  path: Assets/Romans Pack - Low Poly (HA)/MATERIALS/MODEL SPECIFIC/signs/bakery/Materials/SM_sign_alb.mat
  artifactKey: Guid(5e1aefd2548fb5f4b91e3275962c50e6) Importer(815301076,1909f56bfc062723c751e8b465ee728b)
Number of updated assets reloaded before import = 0
Start importing Assets/Romans Pack - Low Poly (HA)/MATERIALS/MODEL SPECIFIC/signs/bakery/Materials/SM_sign_alb.mat using Guid(5e1aefd2548fb5f4b91e3275962c50e6) Importer(815301076,1909f56bfc062723c751e8b465ee728b)  -> (artifact id: 'f6d2516dbb5e05c023b6fcc486bf0606') in 0.033351 seconds 
Number of asset objects unloaded after import = 2
========================================================================
Received Import Request.
  Time since last request: 0.000019 seconds.
  path: Assets/PolygonAncientEmpire/Materials/BuildingAlts/Stucco_Blue_Pattern_03.mat
  artifactKey: Guid(5d08c7b036e4deb45ba7ff91a1efb25e) Importer(815301076,1909f56bfc062723c751e8b465ee728b)
Number of updated assets reloaded before import = 0
Start importing Assets/PolygonAncientEmpire/Materials/BuildingAlts/Stucco_Blue_Pattern_03.mat using Guid(5d08c7b036e4deb45ba7ff91a1efb25e) Importer(815301076,1909f56bfc062723c751e8b465ee728b)  -> (artifact id: 'abbe081b579caa19f3d53a92add9011f') in 0.056195 seconds 
Number of asset objects unloaded after import = 2
========================================================================
Received Import Request.
  Time since last request: 0.000027 seconds.
  path: Assets/PolygonAncientEmpire/Materials/BuildingAlts/Roof_12.mat
  artifactKey: Guid(e21c40e0ed67d784e8b6fb19c1b8d107) Importer(815301076,1909f56bfc062723c751e8b465ee728b)
Number of updated assets reloaded before import = 0
Start importing Assets/PolygonAncientEmpire/Materials/BuildingAlts/Roof_12.mat using Guid(e21c40e0ed67d784e8b6fb19c1b8d107) Importer(815301076,1909f56bfc062723c751e8b465ee728b)  -> (artifact id: '125dadd2f9855acf0dc65cfac96c25b7') in 0.127642 seconds 
Number of asset objects unloaded after import = 3
========================================================================
Received Import Request.
  Time since last request: 0.000029 seconds.
  path: Assets/PolygonAncientEmpire/Materials/BuildingAlts/Roof_04.mat
  artifactKey: Guid(9626ad066c4221b49ae0701eecb1c40d) Importer(815301076,1909f56bfc062723c751e8b465ee728b)
Number of updated assets reloaded before import = 0
Start importing Assets/PolygonAncientEmpire/Materials/BuildingAlts/Roof_04.mat using Guid(9626ad066c4221b49ae0701eecb1c40d) Importer(815301076,1909f56bfc062723c751e8b465ee728b)  -> (artifact id: '80dc9b3bc3416fa3c61bbc1c9f9d08f6') in 0.120269 seconds 
Number of asset objects unloaded after import = 3
========================================================================
Received Import Request.
  Time since last request: 0.000022 seconds.
  path: Assets/PortalsPackage/MatAndText/Portal#3/Platform#3_Particles.mat
  artifactKey: Guid(b81edf89fa2c885419c68dc15494da0e) Importer(815301076,1909f56bfc062723c751e8b465ee728b)
Number of updated assets reloaded before import = 0
Start importing Assets/PortalsPackage/MatAndText/Portal#3/Platform#3_Particles.mat using Guid(b81edf89fa2c885419c68dc15494da0e) Importer(815301076,1909f56bfc062723c751e8b465ee728b)  -> (artifact id: 'f925406a3e08882649fa02d84d4cde64') in 0.059013 seconds 
Number of asset objects unloaded after import = 2
========================================================================
Received Import Request.
  Time since last request: 0.000060 seconds.
  path: Assets/PortalsPackage/MatAndText/Portal#1/Platform#1_Aura.mat
  artifactKey: Guid(53360c4c14a937640a31d1f5c001fd70) Importer(815301076,1909f56bfc062723c751e8b465ee728b)
Number of updated assets reloaded before import = 0
Start importing Assets/PortalsPackage/MatAndText/Portal#1/Platform#1_Aura.mat using Guid(53360c4c14a937640a31d1f5c001fd70) Importer(815301076,1909f56bfc062723c751e8b465ee728b)  -> (artifact id: '37e6711fd3b4d0ab94b330cb30aef8ac') in 0.038222 seconds 
Number of asset objects unloaded after import = 2
========================================================================
Received Import Request.
  Time since last request: 0.000016 seconds.
  path: Assets/PolygonAncientEmpire/Models/SM_Bld_Temp_Building_03.fbx
  artifactKey: Guid(f98270126ee12004e8ea589891d5125a) Importer(815301076,1909f56bfc062723c751e8b465ee728b)
Number of updated assets reloaded before import = 0
Start importing Assets/PolygonAncientEmpire/Models/SM_Bld_Temp_Building_03.fbx using Guid(f98270126ee12004e8ea589891d5125a) Importer(815301076,1909f56bfc062723c751e8b465ee728b)  -> (artifact id: 'a1d4a8f8d19ccc0fef6a441b039d1a5f') in 0.159394 seconds 
Number of asset objects unloaded after import = 15
========================================================================
Received Import Request.
  Time since last request: 0.000026 seconds.
  path: Assets/PolygonAncientEmpire/Materials/BuildingAlts/Roof_10.mat
  artifactKey: Guid(dc8fd7f0ed5526c48a55257e2e0bfd21) Importer(815301076,1909f56bfc062723c751e8b465ee728b)
Number of updated assets reloaded before import = 0
Start importing Assets/PolygonAncientEmpire/Materials/BuildingAlts/Roof_10.mat using Guid(dc8fd7f0ed5526c48a55257e2e0bfd21) Importer(815301076,1909f56bfc062723c751e8b465ee728b)  -> (artifact id: '2724ac0edb9395fec85063f4b54c3596') in 0.103776 seconds 
Number of asset objects unloaded after import = 3
========================================================================
Received Import Request.
  Time since last request: 0.000019 seconds.
  path: Assets/PortalsPackage/MatAndText/Portal#10/P10.mat
  artifactKey: Guid(906050435e7dd064b80e2233abf5f0b4) Importer(815301076,1909f56bfc062723c751e8b465ee728b)
Number of updated assets reloaded before import = 0
Start importing Assets/PortalsPackage/MatAndText/Portal#10/P10.mat using Guid(906050435e7dd064b80e2233abf5f0b4) Importer(815301076,1909f56bfc062723c751e8b465ee728b)  -> (artifact id: 'fc0856bc92cf61e2feebe55e6fd03e39') in 0.338596 seconds 
Number of asset objects unloaded after import = 7
Editor requested this worker to shutdown with reason: Scaling down because of idle timeout
AssetImportWorkerClient::OnTransportError - code=2 error=End of file
AssetImportWorker is now disconnected from the server
Process exiting
Exiting without the bug reporter. Application will terminate with return code 0