Using pre-set license
Built from '2021.3/staging' branch; Version is '2021.3.40f1 (6fcab7dbbbc1) revision 7326391'; Using compiler version '192829333'; Build Type 'Release'
OS: 'Windows 11  (10.0.22631) 64bit CoreCountrySpecific' Language: 'zh' Physical Memory: 16108 MB
BatchMode: 1, IsHumanControllingUs: 0, StartBugReporterOnCrash: 0, Is64bit: 1, IsPro: 1

COMMAND LINE ARGUMENTS:
D:\unity\2021.3.40f1\Editor\Unity.exe
-adb2
-batchMode
-noUpm
-name
AssetImportWorker13
-projectPath
D:/unity/prototype/7381-prototype
-logFile
Logs/AssetImportWorker13.log
-srvPort
60918
Successfully changed project path to: D:/unity/prototype/7381-prototype
D:/unity/prototype/7381-prototype
[UnityMemory] Configuration Parameters - Can be set up in boot.config
    "memorysetup-bucket-allocator-granularity=16"
    "memorysetup-bucket-allocator-bucket-count=8"
    "memorysetup-bucket-allocator-block-size=33554432"
    "memorysetup-bucket-allocator-block-count=8"
    "memorysetup-main-allocator-block-size=16777216"
    "memorysetup-thread-allocator-block-size=16777216"
    "memorysetup-gfx-main-allocator-block-size=16777216"
    "memorysetup-gfx-thread-allocator-block-size=16777216"
    "memorysetup-cache-allocator-block-size=4194304"
    "memorysetup-typetree-allocator-block-size=2097152"
    "memorysetup-profiler-bucket-allocator-granularity=16"
    "memorysetup-profiler-bucket-allocator-bucket-count=8"
    "memorysetup-profiler-bucket-allocator-block-size=33554432"
    "memorysetup-profiler-bucket-allocator-block-count=8"
    "memorysetup-profiler-allocator-block-size=16777216"
    "memorysetup-profiler-editor-allocator-block-size=1048576"
    "memorysetup-temp-allocator-size-main=16777216"
    "memorysetup-job-temp-allocator-block-size=2097152"
    "memorysetup-job-temp-allocator-block-size-background=1048576"
    "memorysetup-job-temp-allocator-reduction-small-platforms=262144"
    "memorysetup-temp-allocator-size-background-worker=32768"
    "memorysetup-temp-allocator-size-job-worker=262144"
    "memorysetup-temp-allocator-size-preload-manager=33554432"
    "memorysetup-temp-allocator-size-nav-mesh-worker=65536"
    "memorysetup-temp-allocator-size-audio-worker=65536"
    "memorysetup-temp-allocator-size-cloud-worker=32768"
    "memorysetup-temp-allocator-size-gi-baking-worker=262144"
    "memorysetup-temp-allocator-size-gfx=262144"
Player connection [30248] Host "[IP] 10.70.92.119 [Port] 0 [Flags] 2 [Guid] 1916141056 [EditorId] 1916141056 [Version] 1048832 [Id] WindowsEditor(7,LAPTOP-SGLN2ASP) [Debug] 1 [PackageName] WindowsEditor [ProjectName] Editor" joined multi-casting on [225.0.0.222:54997]...

Player connection [30248] Host "[IP] 10.70.92.119 [Port] 0 [Flags] 2 [Guid] 1916141056 [EditorId] 1916141056 [Version] 1048832 [Id] WindowsEditor(7,LAPTOP-SGLN2ASP) [Debug] 1 [PackageName] WindowsEditor [ProjectName] Editor" joined alternative multi-casting on [225.0.0.222:34997]...

[Physics::Module] Initialized MultithreadedJobDispatcher with {0} workers.
Refreshing native plugins compatible for Editor in 45.32 ms, found 3 plugins.
Preloading 0 native plugins for Editor in 0.00 ms.
Initialize engine version: 2021.3.40f1 (6fcab7dbbbc1)
[Subsystems] Discovering subsystems at path D:/unity/2021.3.40f1/Editor/Data/Resources/UnitySubsystems
[Subsystems] Discovering subsystems at path D:/unity/prototype/7381-prototype/Assets
GfxDevice: creating device client; threaded=0; jobified=0
Direct3D:
    Version:  Direct3D 11.0 [level 11.1]
    Renderer: NVIDIA GeForce RTX 3060 Laptop GPU (ID=0x2560)
    Vendor:   NVIDIA
    VRAM:     5996 MB
    Driver:   31.0.15.5123
Initialize mono
Mono path[0] = 'D:/unity/2021.3.40f1/Editor/Data/Managed'
Mono path[1] = 'D:/unity/2021.3.40f1/Editor/Data/MonoBleedingEdge/lib/mono/unityjit-win32'
Mono config path = 'D:/unity/2021.3.40f1/Editor/Data/MonoBleedingEdge/etc'
Using monoOptions --debugger-agent=transport=dt_socket,embedding=1,server=y,suspend=n,address=127.0.0.1:56352
Begin MonoManager ReloadAssembly
Registering precompiled unity dll's ...
Register platform support module: D:/unity/2021.3.40f1/Editor/Data/PlaybackEngines/AndroidPlayer/UnityEditor.Android.Extensions.dll
Register platform support module: D:/unity/2021.3.40f1/Editor/Data/PlaybackEngines/WindowsStandaloneSupport/UnityEditor.WindowsStandalone.Extensions.dll
Registered in 0.001738 seconds.
Native extension for WindowsStandalone target not found
Native extension for Android target not found
Android Extension - Scanning For ADB Devices 348 ms
Refreshing native plugins compatible for Editor in 42.58 ms, found 3 plugins.
Preloading 0 native plugins for Editor in 0.00 ms.
Mono: successfully reloaded assembly
- Completed reload, in  0.847 seconds
Domain Reload Profiling:
	ReloadAssembly (848ms)
		BeginReloadAssembly (94ms)
			ExecutionOrderSort (0ms)
			DisableScriptedObjects (0ms)
			BackupInstance (0ms)
			ReleaseScriptingObjects (0ms)
			CreateAndSetChildDomain (1ms)
		EndReloadAssembly (695ms)
			LoadAssemblies (94ms)
			RebuildTransferFunctionScriptingTraits (0ms)
			SetupTypeCache (74ms)
			ReleaseScriptCaches (0ms)
			RebuildScriptCaches (20ms)
			SetupLoadedEditorAssemblies (575ms)
				LogAssemblyErrors (0ms)
				InitializePlatformSupportModulesInManaged (413ms)
				SetLoadedEditorAssemblies (0ms)
				RefreshPlugins (43ms)
				BeforeProcessingInitializeOnLoad (1ms)
				ProcessInitializeOnLoadAttributes (84ms)
				ProcessInitializeOnLoadMethodAttributes (33ms)
				AfterProcessingInitializeOnLoad (0ms)
				EditorAssembliesLoaded (0ms)
			ExecutionOrderSort2 (0ms)
			AwakeInstancesAfterBackupRestoration (0ms)
Platform modules already initialized, skipping
Registering precompiled user dll's ...
Registered in 0.003164 seconds.
Begin MonoManager ReloadAssembly
Native extension for WindowsStandalone target not found
Native extension for Android target not found
Refreshing native plugins compatible for Editor in 0.36 ms, found 3 plugins.
Preloading 0 native plugins for Editor in 0.00 ms.
Package Manager log level set to [2]
[Package Manager] Server::EnsureServerProcessIsRunning -- launch failed, reason: Unity was launched with the -noUpm command-line argument
[Package Manager] Cannot connect to Unity Package Manager local server
Mono: successfully reloaded assembly
- Completed reload, in  1.131 seconds
Domain Reload Profiling:
	ReloadAssembly (1131ms)
		BeginReloadAssembly (99ms)
			ExecutionOrderSort (0ms)
			DisableScriptedObjects (4ms)
			BackupInstance (0ms)
			ReleaseScriptingObjects (0ms)
			CreateAndSetChildDomain (15ms)
		EndReloadAssembly (963ms)
			LoadAssemblies (80ms)
			RebuildTransferFunctionScriptingTraits (0ms)
			SetupTypeCache (186ms)
			ReleaseScriptCaches (0ms)
			RebuildScriptCaches (44ms)
			SetupLoadedEditorAssemblies (638ms)
				LogAssemblyErrors (0ms)
				InitializePlatformSupportModulesInManaged (15ms)
				SetLoadedEditorAssemblies (0ms)
				RefreshPlugins (0ms)
				BeforeProcessingInitializeOnLoad (48ms)
				ProcessInitializeOnLoadAttributes (556ms)
				ProcessInitializeOnLoadMethodAttributes (17ms)
				AfterProcessingInitializeOnLoad (1ms)
				EditorAssembliesLoaded (0ms)
			ExecutionOrderSort2 (0ms)
			AwakeInstancesAfterBackupRestoration (7ms)
Platform modules already initialized, skipping
========================================================================
Worker process is ready to serve import requests
Launched and connected shader compiler UnityShaderCompiler.exe after 0.07 seconds
Refreshing native plugins compatible for Editor in 0.68 ms, found 3 plugins.
Preloading 0 native plugins for Editor in 0.00 ms.
Unloading 3093 Unused Serialized files (Serialized files now loaded: 0)
Unloading 24 unused Assets / (46.8 KB). Loaded Objects now: 3571.
Memory consumption went from 125.4 MB to 125.3 MB.
Total: 2.924500 ms (FindLiveObjects: 0.325700 ms CreateObjectMapping: 0.124500 ms MarkObjects: 2.387000 ms  DeleteObjects: 0.085800 ms)

AssetImportParameters requested are different than current active one (requested -> active):
  custom:video-decoder-ogg-theora: a1e56fd34408186e4bbccfd4996cb3dc -> 
  custom:container-muxer-webm: aa71ff27fc2769a1b78a27578f13a17b -> 
  custom:container-demuxer-webm: 4f35f7cbe854078d1ac9338744f61a02 -> 
  custom:video-encoder-webm-vp8: eb34c28f22e8b96e1ab97ce403110664 -> 
  custom:video-codec-MediaFoundation-h265: 746d11721c4dcdbdad8f713fa42b33f4 -> 
  custom:CustomObjectIndexerAttribute: bc11b3a6c3213fcdd17b65e7da85e133 -> 
  custom:audio-encoder-webm-vorbis: bf7c407c2cedff20999df2af8eb42d56 -> 
  custom:framework-win-MediaFoundation: 216162199b28c13a410421893ffa2e32 -> 
  custom:SearchIndexIgnoredProperties: e643bd26f0fe6173181afceb89e7c659 -> 
  custom:container-demuxer-ogg: 62fdf1f143b41e24485cea50d1cbac27 -> 
  custom:video-decoder-webm-vp8: 9c59270c3fd7afecdb556c50c9e8de78 -> 
  custom:audio-decoder-ogg-vorbis: bf7c407c2cedff20999df2af8eb42d56 -> 
========================================================================
Received Import Request.
  Time since last request: 25480.954608 seconds.
  path: Assets/PortalsPackage/Meshes/Circle2.fbx
  artifactKey: Guid(f1070450a8069b443916f943e1d236c3) Importer(815301076,1909f56bfc062723c751e8b465ee728b)
Number of updated assets reloaded before import = 0
Start importing Assets/PortalsPackage/Meshes/Circle2.fbx using Guid(f1070450a8069b443916f943e1d236c3) Importer(815301076,1909f56bfc062723c751e8b465ee728b)  -> (artifact id: '8728e458f31a028b74561ee1aec9d887') in 0.337633 seconds 
Number of asset objects unloaded after import = 219
========================================================================
Received Import Request.
  Time since last request: 18.800910 seconds.
  path: Assets/PortalsPackage/MatAndText/Portal#6/Ice1.png
  artifactKey: Guid(75b79d73fba6b384da62120a1727908b) Importer(815301076,1909f56bfc062723c751e8b465ee728b)
Number of updated assets reloaded before import = 0
Start importing Assets/PortalsPackage/MatAndText/Portal#6/Ice1.png using Guid(75b79d73fba6b384da62120a1727908b) Importer(815301076,1909f56bfc062723c751e8b465ee728b)  -> (artifact id: 'bd993054ea6b8a2947374d729ed1b5f6') in 0.217861 seconds 
Number of asset objects unloaded after import = 2
========================================================================
Received Import Request.
  Time since last request: 80.293381 seconds.
  path: Assets/PortalsPackage/MatAndText/Portal#1/Platform#1_Color.png
  artifactKey: Guid(5d2779e1f1de81742b5e86cfd560d7db) Importer(815301076,1909f56bfc062723c751e8b465ee728b)
Number of updated assets reloaded before import = 0
Start importing Assets/PortalsPackage/MatAndText/Portal#1/Platform#1_Color.png using Guid(5d2779e1f1de81742b5e86cfd560d7db) Importer(815301076,1909f56bfc062723c751e8b465ee728b)  -> (artifact id: '34e33468ce630ff4f8bba551202b2e73') in 0.016486 seconds 
Number of asset objects unloaded after import = 2
========================================================================
Received Import Request.
  Time since last request: 0.003666 seconds.
  path: Assets/PortalsPackage/MatAndText/Portal#1/Platform#1_Normal.png
  artifactKey: Guid(c591c2d3cd377f744a6a6e848fd412d6) Importer(815301076,1909f56bfc062723c751e8b465ee728b)
Number of updated assets reloaded before import = 0
Start importing Assets/PortalsPackage/MatAndText/Portal#1/Platform#1_Normal.png using Guid(c591c2d3cd377f744a6a6e848fd412d6) Importer(815301076,1909f56bfc062723c751e8b465ee728b)  -> (artifact id: 'c85e9caf93f21279dc1ac718446db992') in 0.031212 seconds 
Number of asset objects unloaded after import = 2
========================================================================
Received Import Request.
  Time since last request: 0.000017 seconds.
  path: Assets/PortalsPackage/MatAndText/Portal#1/Platform#1_Lights.mat
  artifactKey: Guid(b850314a1158aa3409623f72a90fe0c9) Importer(815301076,1909f56bfc062723c751e8b465ee728b)
Number of updated assets reloaded before import = 0
Start importing Assets/PortalsPackage/MatAndText/Portal#1/Platform#1_Lights.mat using Guid(b850314a1158aa3409623f72a90fe0c9) Importer(815301076,1909f56bfc062723c751e8b465ee728b)  -> (artifact id: '55844efe14db6127e86725e61d95edcc') in 0.031020 seconds 
Number of asset objects unloaded after import = 2
========================================================================
Received Import Request.
  Time since last request: 0.000026 seconds.
  path: Assets/PortalsPackage/MatAndText/Portal#1/Platform#1_Emission.png
  artifactKey: Guid(b6f60798bd0cd744ab6971d390a0a971) Importer(815301076,1909f56bfc062723c751e8b465ee728b)
Number of updated assets reloaded before import = 0
Start importing Assets/PortalsPackage/MatAndText/Portal#1/Platform#1_Emission.png using Guid(b6f60798bd0cd744ab6971d390a0a971) Importer(815301076,1909f56bfc062723c751e8b465ee728b)  -> (artifact id: '7c02ca89b72ceb16bd7a06ec783c3798') in 0.016428 seconds 
Number of asset objects unloaded after import = 2
========================================================================
Received Import Request.
  Time since last request: 0.857706 seconds.
  path: Assets/PortalsPackage/MatAndText/Portal#3/Platform#3_Aura.mat
  artifactKey: Guid(ae57ce35b5d3e9a4e95723dbd2dbe171) Importer(815301076,1909f56bfc062723c751e8b465ee728b)
Number of updated assets reloaded before import = 0
Start importing Assets/PortalsPackage/MatAndText/Portal#3/Platform#3_Aura.mat using Guid(ae57ce35b5d3e9a4e95723dbd2dbe171) Importer(815301076,1909f56bfc062723c751e8b465ee728b)  -> (artifact id: 'f23620fd65d414d77663b9244a71462c') in 0.030335 seconds 
Number of asset objects unloaded after import = 2
========================================================================
Received Import Request.
  Time since last request: 0.000018 seconds.
  path: Assets/PortalsPackage/MatAndText/Portal#3/Platform#3_Normal.png
  artifactKey: Guid(61de2e48ae697f04e89e0bf6a13da407) Importer(815301076,1909f56bfc062723c751e8b465ee728b)
Number of updated assets reloaded before import = 0
Start importing Assets/PortalsPackage/MatAndText/Portal#3/Platform#3_Normal.png using Guid(61de2e48ae697f04e89e0bf6a13da407) Importer(815301076,1909f56bfc062723c751e8b465ee728b)  -> (artifact id: 'a75895671c6bcb277bb2de31a918bbb8') in 0.017768 seconds 
Number of asset objects unloaded after import = 2
========================================================================
Received Import Request.
  Time since last request: 0.000015 seconds.
  path: Assets/PortalsPackage/MatAndText/Portal#3/Platform#3_Lihts.mat
  artifactKey: Guid(d6de02cfc68f43e4db1e118f1f2c69a8) Importer(815301076,1909f56bfc062723c751e8b465ee728b)
Number of updated assets reloaded before import = 0
Start importing Assets/PortalsPackage/MatAndText/Portal#3/Platform#3_Lihts.mat using Guid(d6de02cfc68f43e4db1e118f1f2c69a8) Importer(815301076,1909f56bfc062723c751e8b465ee728b)  -> (artifact id: '70214ad67366798a0073e1be1d08f142') in 0.018590 seconds 
Number of asset objects unloaded after import = 2
========================================================================
Received Import Request.
  Time since last request: 1.370859 seconds.
  path: Assets/PortalsPackage/MatAndText/Portal#4/InnerRing.mat
  artifactKey: Guid(bf7bf40551698f74b84daa867c29e41e) Importer(815301076,1909f56bfc062723c751e8b465ee728b)
Number of updated assets reloaded before import = 0
Start importing Assets/PortalsPackage/MatAndText/Portal#4/InnerRing.mat using Guid(bf7bf40551698f74b84daa867c29e41e) Importer(815301076,1909f56bfc062723c751e8b465ee728b)  -> (artifact id: '3829856bccdc790405cd7fbdbc35461e') in 0.049846 seconds 
Number of asset objects unloaded after import = 5
========================================================================
Received Import Request.
  Time since last request: 0.000017 seconds.
  path: Assets/PortalsPackage/MatAndText/Portal#4/OuterRing.mat
  artifactKey: Guid(bd240610f08d4fd46b63160c5b08bfdc) Importer(815301076,1909f56bfc062723c751e8b465ee728b)
Number of updated assets reloaded before import = 0
Start importing Assets/PortalsPackage/MatAndText/Portal#4/OuterRing.mat using Guid(bd240610f08d4fd46b63160c5b08bfdc) Importer(815301076,1909f56bfc062723c751e8b465ee728b)  -> (artifact id: 'a021067bbe9254fdb3ee9bbd89cae76f') in 0.022461 seconds 
Number of asset objects unloaded after import = 5
========================================================================
Received Import Request.
  Time since last request: 0.000018 seconds.
  path: Assets/PortalsPackage/MatAndText/Portal#4/OuterRing_AO.png
  artifactKey: Guid(7469593e41736844eadfd75fe960a405) Importer(815301076,1909f56bfc062723c751e8b465ee728b)
Number of updated assets reloaded before import = 0
Start importing Assets/PortalsPackage/MatAndText/Portal#4/OuterRing_AO.png using Guid(7469593e41736844eadfd75fe960a405) Importer(815301076,1909f56bfc062723c751e8b465ee728b)  -> (artifact id: 'f463c51aea44561e1f1d977c7811100a') in 0.019174 seconds 
Number of asset objects unloaded after import = 2
========================================================================
Received Import Request.
  Time since last request: 0.000019 seconds.
  path: Assets/PortalsPackage/MatAndText/Portal#4/MiddleRing_Normal.png
  artifactKey: Guid(6a259c7a2e514ca44a9c35d39bc7940c) Importer(815301076,1909f56bfc062723c751e8b465ee728b)
Number of updated assets reloaded before import = 0
Start importing Assets/PortalsPackage/MatAndText/Portal#4/MiddleRing_Normal.png using Guid(6a259c7a2e514ca44a9c35d39bc7940c) Importer(815301076,1909f56bfc062723c751e8b465ee728b)  -> (artifact id: '6b7d000eabac80600aee56b2c8ea5be7') in 0.018765 seconds 
Number of asset objects unloaded after import = 2
========================================================================
Received Import Request.
  Time since last request: 0.000016 seconds.
  path: Assets/PortalsPackage/MatAndText/Portal#4/MiddleRing_AO.png
  artifactKey: Guid(e240f3c455507e34a8aa051dbeaadcf8) Importer(815301076,1909f56bfc062723c751e8b465ee728b)
Number of updated assets reloaded before import = 0
Start importing Assets/PortalsPackage/MatAndText/Portal#4/MiddleRing_AO.png using Guid(e240f3c455507e34a8aa051dbeaadcf8) Importer(815301076,1909f56bfc062723c751e8b465ee728b)  -> (artifact id: 'f099bcf84e18e8c4dc7b1ccc4b459323') in 0.017416 seconds 
Number of asset objects unloaded after import = 2
========================================================================
Received Import Request.
  Time since last request: 0.000017 seconds.
  path: Assets/PortalsPackage/MatAndText/Portal#4/MiddleRing_Specular.png
  artifactKey: Guid(105737c1697724840b6d507708acba68) Importer(815301076,1909f56bfc062723c751e8b465ee728b)
Number of updated assets reloaded before import = 0
Start importing Assets/PortalsPackage/MatAndText/Portal#4/MiddleRing_Specular.png using Guid(105737c1697724840b6d507708acba68) Importer(815301076,1909f56bfc062723c751e8b465ee728b)  -> (artifact id: '846b18ff385b2b8cc1262227cc9fce70') in 0.016266 seconds 
Number of asset objects unloaded after import = 2
========================================================================
Received Import Request.
  Time since last request: 0.000021 seconds.
  path: Assets/PortalsPackage/MatAndText/Portal#4/InnerRing_AO.png
  artifactKey: Guid(ccace2eadfa4c3a4fb06cc7087b36bcf) Importer(815301076,1909f56bfc062723c751e8b465ee728b)
Number of updated assets reloaded before import = 0
Start importing Assets/PortalsPackage/MatAndText/Portal#4/InnerRing_AO.png using Guid(ccace2eadfa4c3a4fb06cc7087b36bcf) Importer(815301076,1909f56bfc062723c751e8b465ee728b)  -> (artifact id: 'bf12cce51bd084d8f0bd46bfbd5dc3e0') in 0.015019 seconds 
Number of asset objects unloaded after import = 2
========================================================================
Received Import Request.
  Time since last request: 2.011470 seconds.
  path: Assets/PortalsPackage/MatAndText/Portal#5/UpperEdge 1.mat
  artifactKey: Guid(ecd2c97bb83b07245ba2189b30df7fdb) Importer(815301076,1909f56bfc062723c751e8b465ee728b)
Number of updated assets reloaded before import = 0
Start importing Assets/PortalsPackage/MatAndText/Portal#5/UpperEdge 1.mat using Guid(ecd2c97bb83b07245ba2189b30df7fdb) Importer(815301076,1909f56bfc062723c751e8b465ee728b)  -> (artifact id: '00ad038ac04eb6114bdeef7f43ec8296') in 0.016774 seconds 
Number of asset objects unloaded after import = 2
========================================================================
Received Prepare
Registering precompiled user dll's ...
Registered in 0.003368 seconds.
Begin MonoManager ReloadAssembly
Native extension for WindowsStandalone target not found
Native extension for Android target not found
Refreshing native plugins compatible for Editor in 0.47 ms, found 3 plugins.
Preloading 0 native plugins for Editor in 0.00 ms.
[Package Manager] Server::EnsureServerProcessIsRunning -- launch failed, reason: Unity was launched with the -noUpm command-line argument
[Package Manager] Cannot connect to Unity Package Manager local server
Mono: successfully reloaded assembly
- Completed reload, in  1.230 seconds
Domain Reload Profiling:
	ReloadAssembly (1231ms)
		BeginReloadAssembly (162ms)
			ExecutionOrderSort (0ms)
			DisableScriptedObjects (3ms)
			BackupInstance (0ms)
			ReleaseScriptingObjects (0ms)
			CreateAndSetChildDomain (30ms)
		EndReloadAssembly (1009ms)
			LoadAssemblies (125ms)
			RebuildTransferFunctionScriptingTraits (0ms)
			SetupTypeCache (224ms)
			ReleaseScriptCaches (1ms)
			RebuildScriptCaches (40ms)
			SetupLoadedEditorAssemblies (640ms)
				LogAssemblyErrors (0ms)
				InitializePlatformSupportModulesInManaged (24ms)
				SetLoadedEditorAssemblies (0ms)
				RefreshPlugins (1ms)
				BeforeProcessingInitializeOnLoad (45ms)
				ProcessInitializeOnLoadAttributes (549ms)
				ProcessInitializeOnLoadMethodAttributes (19ms)
				AfterProcessingInitializeOnLoad (2ms)
				EditorAssembliesLoaded (0ms)
			ExecutionOrderSort2 (0ms)
			AwakeInstancesAfterBackupRestoration (8ms)
Platform modules already initialized, skipping
Refreshing native plugins compatible for Editor in 0.82 ms, found 3 plugins.
Preloading 0 native plugins for Editor in 0.00 ms.
Unloading 3079 Unused Serialized files (Serialized files now loaded: 0)
Unloading 19 unused Assets / (21.9 KB). Loaded Objects now: 3622.
Memory consumption went from 125.0 MB to 125.0 MB.
Total: 3.900100 ms (FindLiveObjects: 0.291400 ms CreateObjectMapping: 0.139800 ms MarkObjects: 3.409600 ms  DeleteObjects: 0.057500 ms)

AssetImportParameters requested are different than current active one (requested -> active):
  custom:video-decoder-ogg-theora: a1e56fd34408186e4bbccfd4996cb3dc -> 
  custom:container-muxer-webm: aa71ff27fc2769a1b78a27578f13a17b -> 
  custom:container-demuxer-webm: 4f35f7cbe854078d1ac9338744f61a02 -> 
  custom:video-encoder-webm-vp8: eb34c28f22e8b96e1ab97ce403110664 -> 
  custom:video-codec-MediaFoundation-h265: 746d11721c4dcdbdad8f713fa42b33f4 -> 
  custom:CustomObjectIndexerAttribute: bc11b3a6c3213fcdd17b65e7da85e133 -> 
  custom:audio-encoder-webm-vorbis: bf7c407c2cedff20999df2af8eb42d56 -> 
  custom:framework-win-MediaFoundation: 216162199b28c13a410421893ffa2e32 -> 
  custom:SearchIndexIgnoredProperties: e643bd26f0fe6173181afceb89e7c659 -> 
  custom:container-demuxer-ogg: 62fdf1f143b41e24485cea50d1cbac27 -> 
  custom:video-decoder-webm-vp8: 9c59270c3fd7afecdb556c50c9e8de78 -> 
  custom:audio-decoder-ogg-vorbis: bf7c407c2cedff20999df2af8eb42d56 -> 
Editor requested this worker to shutdown with reason: Scaling down because of idle timeout
AssetImportWorker is now disconnected from the server
Process exiting
Exiting without the bug reporter. Application will terminate with return code 0