Using pre-set license
Built from '2021.3/staging' branch; Version is '2021.3.40f1 (6fcab7dbbbc1) revision 7326391'; Using compiler version '192829333'; Build Type 'Release'
OS: 'Windows 11  (10.0.22631) 64bit CoreCountrySpecific' Language: 'zh' Physical Memory: 16108 MB
BatchMode: 1, IsHumanControllingUs: 0, StartBugReporterOnCrash: 0, Is64bit: 1, IsPro: 1

COMMAND LINE ARGUMENTS:
D:\unity\2021.3.40f1\Editor\Unity.exe
-adb2
-batchMode
-noUpm
-name
AssetImportWorker19
-projectPath
D:/unity/prototype/7381-prototype
-logFile
Logs/AssetImportWorker19.log
-srvPort
60865
Successfully changed project path to: D:/unity/prototype/7381-prototype
D:/unity/prototype/7381-prototype
[UnityMemory] Configuration Parameters - Can be set up in boot.config
    "memorysetup-bucket-allocator-granularity=16"
    "memorysetup-bucket-allocator-bucket-count=8"
    "memorysetup-bucket-allocator-block-size=33554432"
    "memorysetup-bucket-allocator-block-count=8"
    "memorysetup-main-allocator-block-size=16777216"
    "memorysetup-thread-allocator-block-size=16777216"
    "memorysetup-gfx-main-allocator-block-size=16777216"
    "memorysetup-gfx-thread-allocator-block-size=16777216"
    "memorysetup-cache-allocator-block-size=4194304"
    "memorysetup-typetree-allocator-block-size=2097152"
    "memorysetup-profiler-bucket-allocator-granularity=16"
    "memorysetup-profiler-bucket-allocator-bucket-count=8"
    "memorysetup-profiler-bucket-allocator-block-size=33554432"
    "memorysetup-profiler-bucket-allocator-block-count=8"
    "memorysetup-profiler-allocator-block-size=16777216"
    "memorysetup-profiler-editor-allocator-block-size=1048576"
    "memorysetup-temp-allocator-size-main=16777216"
    "memorysetup-job-temp-allocator-block-size=2097152"
    "memorysetup-job-temp-allocator-block-size-background=1048576"
    "memorysetup-job-temp-allocator-reduction-small-platforms=262144"
    "memorysetup-temp-allocator-size-background-worker=32768"
    "memorysetup-temp-allocator-size-job-worker=262144"
    "memorysetup-temp-allocator-size-preload-manager=33554432"
    "memorysetup-temp-allocator-size-nav-mesh-worker=65536"
    "memorysetup-temp-allocator-size-audio-worker=65536"
    "memorysetup-temp-allocator-size-cloud-worker=32768"
    "memorysetup-temp-allocator-size-gi-baking-worker=262144"
    "memorysetup-temp-allocator-size-gfx=262144"
Player connection [4368] Host "[IP] 10.70.92.119 [Port] 0 [Flags] 2 [Guid] 3484152026 [EditorId] 3484152026 [Version] 1048832 [Id] WindowsEditor(7,LAPTOP-SGLN2ASP) [Debug] 1 [PackageName] WindowsEditor [ProjectName] Editor" joined multi-casting on [225.0.0.222:54997]...

Player connection [4368] Host "[IP] 10.70.92.119 [Port] 0 [Flags] 2 [Guid] 3484152026 [EditorId] 3484152026 [Version] 1048832 [Id] WindowsEditor(7,LAPTOP-SGLN2ASP) [Debug] 1 [PackageName] WindowsEditor [ProjectName] Editor" joined alternative multi-casting on [225.0.0.222:34997]...

[Physics::Module] Initialized MultithreadedJobDispatcher with {0} workers.
Refreshing native plugins compatible for Editor in 76.38 ms, found 5 plugins.
Preloading 0 native plugins for Editor in 0.00 ms.
Initialize engine version: 2021.3.40f1 (6fcab7dbbbc1)
[Subsystems] Discovering subsystems at path D:/unity/2021.3.40f1/Editor/Data/Resources/UnitySubsystems
[Subsystems] Discovering subsystems at path D:/unity/prototype/7381-prototype/Assets
GfxDevice: creating device client; threaded=0; jobified=0
Direct3D:
    Version:  Direct3D 11.0 [level 11.1]
    Renderer: NVIDIA GeForce RTX 3060 Laptop GPU (ID=0x2560)
    Vendor:   NVIDIA
    VRAM:     5996 MB
    Driver:   31.0.15.5123
Initialize mono
Mono path[0] = 'D:/unity/2021.3.40f1/Editor/Data/Managed'
Mono path[1] = 'D:/unity/2021.3.40f1/Editor/Data/MonoBleedingEdge/lib/mono/unityjit-win32'
Mono config path = 'D:/unity/2021.3.40f1/Editor/Data/MonoBleedingEdge/etc'
Using monoOptions --debugger-agent=transport=dt_socket,embedding=1,server=y,suspend=n,address=127.0.0.1:56624
Begin MonoManager ReloadAssembly
Registering precompiled unity dll's ...
Register platform support module: D:/unity/2021.3.40f1/Editor/Data/PlaybackEngines/AndroidPlayer/UnityEditor.Android.Extensions.dll
Register platform support module: D:/unity/2021.3.40f1/Editor/Data/PlaybackEngines/WindowsStandaloneSupport/UnityEditor.WindowsStandalone.Extensions.dll
Registered in 0.001454 seconds.
Native extension for WindowsStandalone target not found
Native extension for Android target not found
Android Extension - Scanning For ADB Devices 266 ms
Refreshing native plugins compatible for Editor in 87.85 ms, found 5 plugins.
Preloading 0 native plugins for Editor in 0.00 ms.
Mono: successfully reloaded assembly
- Completed reload, in  0.834 seconds
Domain Reload Profiling:
	ReloadAssembly (835ms)
		BeginReloadAssembly (84ms)
			ExecutionOrderSort (0ms)
			DisableScriptedObjects (0ms)
			BackupInstance (0ms)
			ReleaseScriptingObjects (0ms)
			CreateAndSetChildDomain (1ms)
		EndReloadAssembly (690ms)
			LoadAssemblies (83ms)
			RebuildTransferFunctionScriptingTraits (0ms)
			SetupTypeCache (80ms)
			ReleaseScriptCaches (0ms)
			RebuildScriptCaches (20ms)
			SetupLoadedEditorAssemblies (561ms)
				LogAssemblyErrors (0ms)
				InitializePlatformSupportModulesInManaged (341ms)
				SetLoadedEditorAssemblies (0ms)
				RefreshPlugins (88ms)
				BeforeProcessingInitializeOnLoad (1ms)
				ProcessInitializeOnLoadAttributes (92ms)
				ProcessInitializeOnLoadMethodAttributes (39ms)
				AfterProcessingInitializeOnLoad (0ms)
				EditorAssembliesLoaded (0ms)
			ExecutionOrderSort2 (0ms)
			AwakeInstancesAfterBackupRestoration (0ms)
Platform modules already initialized, skipping
Registering precompiled user dll's ...
Registered in 0.003084 seconds.
Begin MonoManager ReloadAssembly
Native extension for WindowsStandalone target not found
Native extension for Android target not found
Refreshing native plugins compatible for Editor in 0.72 ms, found 5 plugins.
Preloading 0 native plugins for Editor in 0.00 ms.
Package Manager log level set to [2]
[Package Manager] Server::EnsureServerProcessIsRunning -- launch failed, reason: Unity was launched with the -noUpm command-line argument
[Package Manager] Cannot connect to Unity Package Manager local server
Mono: successfully reloaded assembly
- Completed reload, in  1.117 seconds
Domain Reload Profiling:
	ReloadAssembly (1118ms)
		BeginReloadAssembly (96ms)
			ExecutionOrderSort (0ms)
			DisableScriptedObjects (4ms)
			BackupInstance (0ms)
			ReleaseScriptingObjects (0ms)
			CreateAndSetChildDomain (13ms)
		EndReloadAssembly (955ms)
			LoadAssemblies (84ms)
			RebuildTransferFunctionScriptingTraits (0ms)
			SetupTypeCache (186ms)
			ReleaseScriptCaches (0ms)
			RebuildScriptCaches (36ms)
			SetupLoadedEditorAssemblies (641ms)
				LogAssemblyErrors (0ms)
				InitializePlatformSupportModulesInManaged (14ms)
				SetLoadedEditorAssemblies (0ms)
				RefreshPlugins (1ms)
				BeforeProcessingInitializeOnLoad (49ms)
				ProcessInitializeOnLoadAttributes (558ms)
				ProcessInitializeOnLoadMethodAttributes (16ms)
				AfterProcessingInitializeOnLoad (2ms)
				EditorAssembliesLoaded (0ms)
			ExecutionOrderSort2 (0ms)
			AwakeInstancesAfterBackupRestoration (9ms)
Platform modules already initialized, skipping
========================================================================
Worker process is ready to serve import requests
Launched and connected shader compiler UnityShaderCompiler.exe after 0.05 seconds
Refreshing native plugins compatible for Editor in 0.69 ms, found 5 plugins.
Preloading 0 native plugins for Editor in 0.00 ms.
Unloading 3239 Unused Serialized files (Serialized files now loaded: 0)
Unloading 27 unused Assets / (46.8 KB). Loaded Objects now: 3723.
Memory consumption went from 141.9 MB to 141.8 MB.
Total: 2.357500 ms (FindLiveObjects: 0.206800 ms CreateObjectMapping: 0.101800 ms MarkObjects: 1.974100 ms  DeleteObjects: 0.074000 ms)

AssetImportParameters requested are different than current active one (requested -> active):
  custom:video-decoder-ogg-theora: a1e56fd34408186e4bbccfd4996cb3dc -> 
  custom:container-muxer-webm: aa71ff27fc2769a1b78a27578f13a17b -> 
  custom:container-demuxer-webm: 4f35f7cbe854078d1ac9338744f61a02 -> 
  custom:video-encoder-webm-vp8: eb34c28f22e8b96e1ab97ce403110664 -> 
  custom:video-codec-MediaFoundation-h265: 746d11721c4dcdbdad8f713fa42b33f4 -> 
  custom:CustomObjectIndexerAttribute: bc11b3a6c3213fcdd17b65e7da85e133 -> 
  custom:audio-encoder-webm-vorbis: bf7c407c2cedff20999df2af8eb42d56 -> 
  custom:framework-win-MediaFoundation: 216162199b28c13a410421893ffa2e32 -> 
  custom:SearchIndexIgnoredProperties: e643bd26f0fe6173181afceb89e7c659 -> 
  custom:container-demuxer-ogg: 62fdf1f143b41e24485cea50d1cbac27 -> 
  custom:video-decoder-webm-vp8: 9c59270c3fd7afecdb556c50c9e8de78 -> 
  custom:audio-decoder-ogg-vorbis: bf7c407c2cedff20999df2af8eb42d56 -> 
========================================================================
Received Import Request.
  Time since last request: 3953.302209 seconds.
  path: Assets/PolygonAncientEmpire/Materials/Murals/Mural_01.mat
  artifactKey: Guid(a4cee49bf2dae2b49949497df8709099) Importer(815301076,1909f56bfc062723c751e8b465ee728b)
Number of updated assets reloaded before import = 0
Start importing Assets/PolygonAncientEmpire/Materials/Murals/Mural_01.mat using Guid(a4cee49bf2dae2b49949497df8709099) Importer(815301076,1909f56bfc062723c751e8b465ee728b)  -> (artifact id: '27001532973498f7f6bcb6032d503cc0') in 0.135597 seconds 
Number of asset objects unloaded after import = 2
========================================================================
Received Import Request.
  Time since last request: 0.000058 seconds.
  path: Assets/PolygonAncientEmpire/Materials/Murals/Mural_08.mat
  artifactKey: Guid(bc9a4e436d086d34595d8ee14bf897b8) Importer(815301076,1909f56bfc062723c751e8b465ee728b)
Number of updated assets reloaded before import = 0
Start importing Assets/PolygonAncientEmpire/Materials/Murals/Mural_08.mat using Guid(bc9a4e436d086d34595d8ee14bf897b8) Importer(815301076,1909f56bfc062723c751e8b465ee728b)  -> (artifact id: 'f8fbb7dc6c723f5e557f9d0e9dc754ea') in 0.039917 seconds 
Number of asset objects unloaded after import = 2
========================================================================
Received Import Request.
  Time since last request: 2.455968 seconds.
  path: Assets/PolygonAncientEmpire/Models/SM_Prop_Cart_02.fbx
  artifactKey: Guid(910856a6ad58c5048b180af284b250be) Importer(815301076,1909f56bfc062723c751e8b465ee728b)
Number of updated assets reloaded before import = 0
Start importing Assets/PolygonAncientEmpire/Models/SM_Prop_Cart_02.fbx using Guid(910856a6ad58c5048b180af284b250be) Importer(815301076,1909f56bfc062723c751e8b465ee728b)  -> (artifact id: '0cdc393ea6432d0acad08a9f782197be') in 0.069572 seconds 
Number of asset objects unloaded after import = 13
========================================================================
Received Import Request.
  Time since last request: 0.422585 seconds.
  path: Assets/nTools/PrefabPainter/Examples/Materials/Red.mat
  artifactKey: Guid(6edf1e8abaaa74941af7f2c89366d384) Importer(815301076,1909f56bfc062723c751e8b465ee728b)
Number of updated assets reloaded before import = 0
Start importing Assets/nTools/PrefabPainter/Examples/Materials/Red.mat using Guid(6edf1e8abaaa74941af7f2c89366d384) Importer(815301076,1909f56bfc062723c751e8b465ee728b)  -> (artifact id: '90fa7263f4433eb2ccf45330db012503') in 0.026836 seconds 
Number of asset objects unloaded after import = 1
========================================================================
Received Import Request.
  Time since last request: 0.000018 seconds.
  path: Assets/PolygonAncientEmpire/Materials/BuildingAlts/Roof_03.mat
  artifactKey: Guid(7630ff993592cb4449e88917222c2aeb) Importer(815301076,1909f56bfc062723c751e8b465ee728b)
Number of updated assets reloaded before import = 0
Start importing Assets/PolygonAncientEmpire/Materials/BuildingAlts/Roof_03.mat using Guid(7630ff993592cb4449e88917222c2aeb) Importer(815301076,1909f56bfc062723c751e8b465ee728b)  -> (artifact id: '8c7aecd86b252b7a49fbb4449d0f1201') in 0.065182 seconds 
Number of asset objects unloaded after import = 3
========================================================================
Received Import Request.
  Time since last request: 0.000015 seconds.
  path: Assets/PortalsPackage/MatAndText/Portal#8/Shield 1.mat
  artifactKey: Guid(1d4911b4915ca4748abc44f4d6f7f33f) Importer(815301076,1909f56bfc062723c751e8b465ee728b)
Number of updated assets reloaded before import = 0
Start importing Assets/PortalsPackage/MatAndText/Portal#8/Shield 1.mat using Guid(1d4911b4915ca4748abc44f4d6f7f33f) Importer(815301076,1909f56bfc062723c751e8b465ee728b)  -> (artifact id: '7783cb3e8976a2226f8ada75e425e23f') in 0.020130 seconds 
Number of asset objects unloaded after import = 3
========================================================================
Received Import Request.
  Time since last request: 0.000019 seconds.
  path: Assets/PolygonAncientEmpire/Materials/BuildingAlts/Roof_08.mat
  artifactKey: Guid(13e00429e660e3b48babb43e23f3b0c1) Importer(815301076,1909f56bfc062723c751e8b465ee728b)
Number of updated assets reloaded before import = 0
Start importing Assets/PolygonAncientEmpire/Materials/BuildingAlts/Roof_08.mat using Guid(13e00429e660e3b48babb43e23f3b0c1) Importer(815301076,1909f56bfc062723c751e8b465ee728b)  -> (artifact id: 'fca514ea045cb174a230f4c6ead3893d') in 0.048740 seconds 
Number of asset objects unloaded after import = 3
========================================================================
Received Import Request.
  Time since last request: 0.571650 seconds.
  path: Assets/PolygonAncientEmpire/Materials/Misc/Sky_Mat.mat
  artifactKey: Guid(df1b7bd8f7cecac42b0e7e75beccb3e3) Importer(815301076,1909f56bfc062723c751e8b465ee728b)
Number of updated assets reloaded before import = 0
Start importing Assets/PolygonAncientEmpire/Materials/Misc/Sky_Mat.mat using Guid(df1b7bd8f7cecac42b0e7e75beccb3e3) Importer(815301076,1909f56bfc062723c751e8b465ee728b)  -> (artifact id: '6a74e6da74b4ee217732b694be6572da') in 0.066386 seconds 
Number of asset objects unloaded after import = 2
========================================================================
Received Import Request.
  Time since last request: 0.289147 seconds.
  path: Assets/Romans Pack - Low Poly (HA)/MATERIALS/MODEL SPECIFIC/signs/temple/Materials/SM_sign_alb.mat
  artifactKey: Guid(1d7af900a07b3d64cbd4a67a70cb9311) Importer(815301076,1909f56bfc062723c751e8b465ee728b)
Number of updated assets reloaded before import = 0
Start importing Assets/Romans Pack - Low Poly (HA)/MATERIALS/MODEL SPECIFIC/signs/temple/Materials/SM_sign_alb.mat using Guid(1d7af900a07b3d64cbd4a67a70cb9311) Importer(815301076,1909f56bfc062723c751e8b465ee728b)  -> (artifact id: 'cf6f36e962750b18c8160a1d0b67788d') in 0.044444 seconds 
Number of asset objects unloaded after import = 2
========================================================================
Received Import Request.
  Time since last request: 0.000039 seconds.
  path: Assets/PortalsPackage/Meshes/Materials/Stones.mat
  artifactKey: Guid(60ea9c62326b6a747b178803abd0dadb) Importer(815301076,1909f56bfc062723c751e8b465ee728b)
Number of updated assets reloaded before import = 0
Start importing Assets/PortalsPackage/Meshes/Materials/Stones.mat using Guid(60ea9c62326b6a747b178803abd0dadb) Importer(815301076,1909f56bfc062723c751e8b465ee728b)  -> (artifact id: '4a7289e5b8570368b016af639b44dce5') in 0.033954 seconds 
Number of asset objects unloaded after import = 1
========================================================================
Received Import Request.
  Time since last request: 1.031634 seconds.
  path: Assets/PolygonAncientEmpire/Materials/BuildingAlts/Stucco_Blue_Pattern_02.mat
  artifactKey: Guid(54b1f95ae61f5494b977fd22b7651704) Importer(815301076,1909f56bfc062723c751e8b465ee728b)
Number of updated assets reloaded before import = 0
Start importing Assets/PolygonAncientEmpire/Materials/BuildingAlts/Stucco_Blue_Pattern_02.mat using Guid(54b1f95ae61f5494b977fd22b7651704) Importer(815301076,1909f56bfc062723c751e8b465ee728b)  -> (artifact id: '8e0cf3410308d6b18c5a7ef50dffe57a') in 0.052469 seconds 
Number of asset objects unloaded after import = 2
========================================================================
Received Import Request.
  Time since last request: 0.000023 seconds.
  path: Assets/PolygonAncientEmpire/Materials/BuildingAlts/Stucco_Red_Pattern_03.mat
  artifactKey: Guid(a247e999ae448a54f9453a9df453ce65) Importer(815301076,1909f56bfc062723c751e8b465ee728b)
Number of updated assets reloaded before import = 0
Start importing Assets/PolygonAncientEmpire/Materials/BuildingAlts/Stucco_Red_Pattern_03.mat using Guid(a247e999ae448a54f9453a9df453ce65) Importer(815301076,1909f56bfc062723c751e8b465ee728b)  -> (artifact id: '29b010436506e3742d1b3635681ebcfd') in 0.046918 seconds 
Number of asset objects unloaded after import = 2
========================================================================
Received Import Request.
  Time since last request: 0.000026 seconds.
  path: Assets/PolygonAncientEmpire/Materials/BuildingAlts/Stucco_Coloured_01.mat
  artifactKey: Guid(fc0890413de053d4ba8d395b2b95c86b) Importer(815301076,1909f56bfc062723c751e8b465ee728b)
Number of updated assets reloaded before import = 0
Start importing Assets/PolygonAncientEmpire/Materials/BuildingAlts/Stucco_Coloured_01.mat using Guid(fc0890413de053d4ba8d395b2b95c86b) Importer(815301076,1909f56bfc062723c751e8b465ee728b)  -> (artifact id: 'dce5097215d79a255e5864ae84097967') in 0.044819 seconds 
Number of asset objects unloaded after import = 3
========================================================================
Received Import Request.
  Time since last request: 0.000016 seconds.
  path: Assets/PolygonAncientEmpire/Materials/BuildingAlts/Stucco_White_Pattern_01.mat
  artifactKey: Guid(67fa84a8abaed664982f2afb0af626b2) Importer(815301076,1909f56bfc062723c751e8b465ee728b)
Number of updated assets reloaded before import = 0
Start importing Assets/PolygonAncientEmpire/Materials/BuildingAlts/Stucco_White_Pattern_01.mat using Guid(67fa84a8abaed664982f2afb0af626b2) Importer(815301076,1909f56bfc062723c751e8b465ee728b)  -> (artifact id: 'b5bd7e013343e426ba3afa2ac998ad16') in 0.047589 seconds 
Number of asset objects unloaded after import = 3
========================================================================
Received Import Request.
  Time since last request: 0.000018 seconds.
  path: Assets/PolygonAncientEmpire/Materials/BuildingAlts/Stucco_Orange_Pattern_02.mat
  artifactKey: Guid(c9463018e2a31db49b7513a719567c5e) Importer(815301076,1909f56bfc062723c751e8b465ee728b)
Number of updated assets reloaded before import = 0
Start importing Assets/PolygonAncientEmpire/Materials/BuildingAlts/Stucco_Orange_Pattern_02.mat using Guid(c9463018e2a31db49b7513a719567c5e) Importer(815301076,1909f56bfc062723c751e8b465ee728b)  -> (artifact id: 'eb9489b0ba0035c9b2aa01b620beeff5') in 0.044401 seconds 
Number of asset objects unloaded after import = 3
========================================================================
Received Import Request.
  Time since last request: 0.447090 seconds.
  path: Assets/nTools/PrefabPainter/Examples/Materials/Water.mat
  artifactKey: Guid(2b27506c190f441f79f1ce33c9e8c66b) Importer(815301076,1909f56bfc062723c751e8b465ee728b)
Number of updated assets reloaded before import = 0
Start importing Assets/nTools/PrefabPainter/Examples/Materials/Water.mat using Guid(2b27506c190f441f79f1ce33c9e8c66b) Importer(815301076,1909f56bfc062723c751e8b465ee728b)  -> (artifact id: '54e56823b81afebcafbbcce369001256') in 0.199076 seconds 
Number of asset objects unloaded after import = 1
========================================================================
Received Import Request.
  Time since last request: 76.972134 seconds.
  path: Assets/Romans Pack - Low Poly (HA)/FBX FILES/Nature/Trees/SM_tree_d_06.FBX
  artifactKey: Guid(534ca29a5596f254aaa469ab0a4b2d1e) Importer(815301076,1909f56bfc062723c751e8b465ee728b)
Number of updated assets reloaded before import = 0
Start importing Assets/Romans Pack - Low Poly (HA)/FBX FILES/Nature/Trees/SM_tree_d_06.FBX using Guid(534ca29a5596f254aaa469ab0a4b2d1e) Importer(815301076,1909f56bfc062723c751e8b465ee728b)  -> (artifact id: '064bcd62410f36994c752f87bb89f9b3') in 0.050782 seconds 
Number of asset objects unloaded after import = 9
========================================================================
Received Import Request.
  Time since last request: 0.000023 seconds.
  path: Assets/Romans Pack - Low Poly (HA)/FBX FILES/Nature/Trees/SM_tree_d_02.FBX
  artifactKey: Guid(7d86fccd92ae5c44883cc494d363c115) Importer(815301076,1909f56bfc062723c751e8b465ee728b)
Number of updated assets reloaded before import = 0
Start importing Assets/Romans Pack - Low Poly (HA)/FBX FILES/Nature/Trees/SM_tree_d_02.FBX using Guid(7d86fccd92ae5c44883cc494d363c115) Importer(815301076,1909f56bfc062723c751e8b465ee728b)  -> (artifact id: 'dc58687ce908199e3c937868a3060b4c') in 0.041987 seconds 
Number of asset objects unloaded after import = 10
========================================================================
Received Import Request.
  Time since last request: 0.000025 seconds.
  path: Assets/Romans Pack - Low Poly (HA)/FBX FILES/Nature/Trees/SM_tree_d_04.FBX
  artifactKey: Guid(850d3af48925b3943b07a78195416648) Importer(815301076,1909f56bfc062723c751e8b465ee728b)
Number of updated assets reloaded before import = 0
Start importing Assets/Romans Pack - Low Poly (HA)/FBX FILES/Nature/Trees/SM_tree_d_04.FBX using Guid(850d3af48925b3943b07a78195416648) Importer(815301076,1909f56bfc062723c751e8b465ee728b)  -> (artifact id: '4683186919850496f41daaed397738d0') in 0.035856 seconds 
Number of asset objects unloaded after import = 10
========================================================================
Received Import Request.
  Time since last request: 0.083305 seconds.
  path: Assets/Romans Pack - Low Poly (HA)/FBX FILES/Nature/Trees/SM_tree_olive_02.FBX
  artifactKey: Guid(b978afdf97686884c8d99a12a3750b96) Importer(815301076,1909f56bfc062723c751e8b465ee728b)
Number of updated assets reloaded before import = 0
Start importing Assets/Romans Pack - Low Poly (HA)/FBX FILES/Nature/Trees/SM_tree_olive_02.FBX using Guid(b978afdf97686884c8d99a12a3750b96) Importer(815301076,1909f56bfc062723c751e8b465ee728b)  -> (artifact id: 'd0a128108b4d2b50050f6a6c56dbc5d3') in 0.036763 seconds 
Number of asset objects unloaded after import = 10
========================================================================
Received Import Request.
  Time since last request: 0.000015 seconds.
  path: Assets/Romans Pack - Low Poly (HA)/MATERIALS/MODEL SPECIFIC/shields_textures/M_shields.mat
  artifactKey: Guid(36e0171da11782f4694ddd956785c839) Importer(815301076,1909f56bfc062723c751e8b465ee728b)
Number of updated assets reloaded before import = 0
Start importing Assets/Romans Pack - Low Poly (HA)/MATERIALS/MODEL SPECIFIC/shields_textures/M_shields.mat using Guid(36e0171da11782f4694ddd956785c839) Importer(815301076,1909f56bfc062723c751e8b465ee728b)  -> (artifact id: 'a72afaa565cc8987d46aeadbef3226d4') in 0.029064 seconds 
Number of asset objects unloaded after import = 2
========================================================================
Received Import Request.
  Time since last request: 0.000015 seconds.
  path: Assets/Romans Pack - Low Poly (HA)/MATERIALS/MODEL SPECIFIC/shields_hoplite_greek/athenian/Materials/M_Shield_hoplite_diff.mat
  artifactKey: Guid(c850787cd14688848866403906d2a8d1) Importer(815301076,1909f56bfc062723c751e8b465ee728b)
Number of updated assets reloaded before import = 0
Start importing Assets/Romans Pack - Low Poly (HA)/MATERIALS/MODEL SPECIFIC/shields_hoplite_greek/athenian/Materials/M_Shield_hoplite_diff.mat using Guid(c850787cd14688848866403906d2a8d1) Importer(815301076,1909f56bfc062723c751e8b465ee728b)  -> (artifact id: '0a284ddc84e3661166d88c299528730e') in 0.029216 seconds 
Number of asset objects unloaded after import = 2
========================================================================
Received Import Request.
  Time since last request: 0.229698 seconds.
  path: Assets/Romans Pack - Low Poly (HA)/MATERIALS/MODEL SPECIFIC/sails/roman/Materials/M_sails_alb.mat
  artifactKey: Guid(67fbbeaffa7b8444ab9b7f54381cc99f) Importer(815301076,1909f56bfc062723c751e8b465ee728b)
Number of updated assets reloaded before import = 0
Start importing Assets/Romans Pack - Low Poly (HA)/MATERIALS/MODEL SPECIFIC/sails/roman/Materials/M_sails_alb.mat using Guid(67fbbeaffa7b8444ab9b7f54381cc99f) Importer(815301076,1909f56bfc062723c751e8b465ee728b)  -> (artifact id: '2a338bf33d6800c9eaa0a235f17d75f6') in 0.032167 seconds 
Number of asset objects unloaded after import = 2
========================================================================
Received Import Request.
  Time since last request: 0.000016 seconds.
  path: Assets/Romans Pack - Low Poly (HA)/MATERIALS/MODEL SPECIFIC/shields_hoplite_greek/persian/Materials/M_Shield_hoplite_alb.mat
  artifactKey: Guid(8ffc0ca5848907641957c3151849f690) Importer(815301076,1909f56bfc062723c751e8b465ee728b)
Number of updated assets reloaded before import = 0
Start importing Assets/Romans Pack - Low Poly (HA)/MATERIALS/MODEL SPECIFIC/shields_hoplite_greek/persian/Materials/M_Shield_hoplite_alb.mat using Guid(8ffc0ca5848907641957c3151849f690) Importer(815301076,1909f56bfc062723c751e8b465ee728b)  -> (artifact id: '5c838c3f2db57b094db22b18233cd574') in 0.028333 seconds 
Number of asset objects unloaded after import = 2
========================================================================
Received Import Request.
  Time since last request: 0.000017 seconds.
  path: Assets/Romans Pack - Low Poly (HA)/MATERIALS/MATERIALS TILING/roofceramic/M_roof_ceramic.mat
  artifactKey: Guid(66db976ec3e70334ca96c2ee9fc811fb) Importer(815301076,1909f56bfc062723c751e8b465ee728b)
Number of updated assets reloaded before import = 0
Start importing Assets/Romans Pack - Low Poly (HA)/MATERIALS/MATERIALS TILING/roofceramic/M_roof_ceramic.mat using Guid(66db976ec3e70334ca96c2ee9fc811fb) Importer(815301076,1909f56bfc062723c751e8b465ee728b)  -> (artifact id: '396219f6c231b9cda376c8c90c4919c1') in 0.017007 seconds 
Number of asset objects unloaded after import = 2
========================================================================
Received Import Request.
  Time since last request: 0.000016 seconds.
  path: Assets/Romans Pack - Low Poly (HA)/MATERIALS/MODEL SPECIFIC/shields_hoplite_greek/spartan/Materials/M_Shield_hoplite_diff.mat
  artifactKey: Guid(70e5445c92e404749b5703b6be7b2747) Importer(815301076,1909f56bfc062723c751e8b465ee728b)
Number of updated assets reloaded before import = 0
Start importing Assets/Romans Pack - Low Poly (HA)/MATERIALS/MODEL SPECIFIC/shields_hoplite_greek/spartan/Materials/M_Shield_hoplite_diff.mat using Guid(70e5445c92e404749b5703b6be7b2747) Importer(815301076,1909f56bfc062723c751e8b465ee728b)  -> (artifact id: 'ef36c582ba578eae51dd0f9fe27dedb1') in 0.028525 seconds 
Number of asset objects unloaded after import = 2
========================================================================
Received Import Request.
  Time since last request: 0.000022 seconds.
  path: Assets/Romans Pack - Low Poly (HA)/MATERIALS/MODEL SPECIFIC/sails/spartan/M_sails_spartan.mat
  artifactKey: Guid(5e4c67374ea75ac4d80c6e530db5e1b2) Importer(815301076,1909f56bfc062723c751e8b465ee728b)
Number of updated assets reloaded before import = 0
Start importing Assets/Romans Pack - Low Poly (HA)/MATERIALS/MODEL SPECIFIC/sails/spartan/M_sails_spartan.mat using Guid(5e4c67374ea75ac4d80c6e530db5e1b2) Importer(815301076,1909f56bfc062723c751e8b465ee728b)  -> (artifact id: 'b66a601c30a554d106059c2976c67cef') in 0.030672 seconds 
Number of asset objects unloaded after import = 2
========================================================================
Received Import Request.
  Time since last request: 0.000016 seconds.
  path: Assets/Romans Pack - Low Poly (HA)/MATERIALS/MODEL SPECIFIC/sails/persian/Materials/M_sails_alb.mat
  artifactKey: Guid(816b3645a75cf704293dc8771e8a84d4) Importer(815301076,1909f56bfc062723c751e8b465ee728b)
Number of updated assets reloaded before import = 0
Start importing Assets/Romans Pack - Low Poly (HA)/MATERIALS/MODEL SPECIFIC/sails/persian/Materials/M_sails_alb.mat using Guid(816b3645a75cf704293dc8771e8a84d4) Importer(815301076,1909f56bfc062723c751e8b465ee728b)  -> (artifact id: '363154779f954c13d757a530806b7548') in 0.025650 seconds 
Number of asset objects unloaded after import = 2
========================================================================
Received Import Request.
  Time since last request: 0.139995 seconds.
  path: Assets/Romans Pack - Low Poly (HA)/FBX FILES/Nature/Rocks/SM_rock_010.FBX
  artifactKey: Guid(e338a71362513a94992bc0d91d822383) Importer(815301076,1909f56bfc062723c751e8b465ee728b)
Number of updated assets reloaded before import = 0
Start importing Assets/Romans Pack - Low Poly (HA)/FBX FILES/Nature/Rocks/SM_rock_010.FBX using Guid(e338a71362513a94992bc0d91d822383) Importer(815301076,1909f56bfc062723c751e8b465ee728b)  -> (artifact id: 'fecec6de9b0a0be55d4ff76ee431a72d') in 0.025814 seconds 
Number of asset objects unloaded after import = 9
========================================================================
Received Import Request.
  Time since last request: 0.000016 seconds.
  path: Assets/Romans Pack - Low Poly (HA)/FBX FILES/Nature/Rocks/SM_rock_007.FBX
  artifactKey: Guid(9392555b5be799744b4d9e7c8d1e5a3d) Importer(815301076,1909f56bfc062723c751e8b465ee728b)
Number of updated assets reloaded before import = 0
Start importing Assets/Romans Pack - Low Poly (HA)/FBX FILES/Nature/Rocks/SM_rock_007.FBX using Guid(9392555b5be799744b4d9e7c8d1e5a3d) Importer(815301076,1909f56bfc062723c751e8b465ee728b)  -> (artifact id: '1d9073f16ff0fd4128819f4c8248a45a') in 0.035265 seconds 
Number of asset objects unloaded after import = 9
========================================================================
Received Import Request.
  Time since last request: 0.000017 seconds.
  path: Assets/Romans Pack - Low Poly (HA)/FBX FILES/Nature/Rocks/SM_rock_012.FBX
  artifactKey: Guid(05703e660efed0e49af5823db2fea25d) Importer(815301076,1909f56bfc062723c751e8b465ee728b)
Number of updated assets reloaded before import = 0
Start importing Assets/Romans Pack - Low Poly (HA)/FBX FILES/Nature/Rocks/SM_rock_012.FBX using Guid(05703e660efed0e49af5823db2fea25d) Importer(815301076,1909f56bfc062723c751e8b465ee728b)  -> (artifact id: 'b3c3fa5c57215fe7a39f8ce52d06514e') in 0.031823 seconds 
Number of asset objects unloaded after import = 9
========================================================================
Received Import Request.
  Time since last request: 0.000029 seconds.
  path: Assets/Romans Pack - Low Poly (HA)/FBX FILES/Nature/Rocks/SM_rock_008.FBX
  artifactKey: Guid(99ad27699d86c714cba73786e33ecb2b) Importer(815301076,1909f56bfc062723c751e8b465ee728b)
Number of updated assets reloaded before import = 0
Start importing Assets/Romans Pack - Low Poly (HA)/FBX FILES/Nature/Rocks/SM_rock_008.FBX using Guid(99ad27699d86c714cba73786e33ecb2b) Importer(815301076,1909f56bfc062723c751e8b465ee728b)  -> (artifact id: '1e880fd3fa213d074e3d8a64cf82dda8') in 0.031904 seconds 
Number of asset objects unloaded after import = 9
========================================================================
Received Import Request.
  Time since last request: 0.000041 seconds.
  path: Assets/Romans Pack - Low Poly (HA)/FBX FILES/Nature/Rocks/SM_rock_001.FBX
  artifactKey: Guid(5a92634aafdc1f543a45a606ce12f005) Importer(815301076,1909f56bfc062723c751e8b465ee728b)
Number of updated assets reloaded before import = 0
Start importing Assets/Romans Pack - Low Poly (HA)/FBX FILES/Nature/Rocks/SM_rock_001.FBX using Guid(5a92634aafdc1f543a45a606ce12f005) Importer(815301076,1909f56bfc062723c751e8b465ee728b)  -> (artifact id: '0db69ee61aac9f711fde348fe771df1f') in 0.023528 seconds 
Number of asset objects unloaded after import = 9
========================================================================
Received Import Request.
  Time since last request: 0.000018 seconds.
  path: Assets/Romans Pack - Low Poly (HA)/FBX FILES/Nature/Rocks/SM_rock_004.FBX
  artifactKey: Guid(69de33547008a8a4d947d17747cdbbfb) Importer(815301076,1909f56bfc062723c751e8b465ee728b)
Number of updated assets reloaded before import = 0
Start importing Assets/Romans Pack - Low Poly (HA)/FBX FILES/Nature/Rocks/SM_rock_004.FBX using Guid(69de33547008a8a4d947d17747cdbbfb) Importer(815301076,1909f56bfc062723c751e8b465ee728b)  -> (artifact id: '036124bedc86f7e9cb2a6d4c51dbcbdd') in 0.030721 seconds 
Number of asset objects unloaded after import = 9
========================================================================
Received Import Request.
  Time since last request: 0.161863 seconds.
  path: Assets/Romans Pack - Low Poly (HA)/FBX FILES/Nature/Rocks/SM_stone_01.FBX
  artifactKey: Guid(1351421ae47332c4c952ab07856fde6a) Importer(815301076,1909f56bfc062723c751e8b465ee728b)
Number of updated assets reloaded before import = 0
Start importing Assets/Romans Pack - Low Poly (HA)/FBX FILES/Nature/Rocks/SM_stone_01.FBX using Guid(1351421ae47332c4c952ab07856fde6a) Importer(815301076,1909f56bfc062723c751e8b465ee728b)  -> (artifact id: 'db885b4c50c50e17a995db0df1db3dc4') in 0.028602 seconds 
Number of asset objects unloaded after import = 9
========================================================================
Received Import Request.
  Time since last request: 0.000022 seconds.
  path: Assets/Romans Pack - Low Poly (HA)/FBX FILES/Man Made/Probs/Pottery/SM_pottery_013.FBX
  artifactKey: Guid(0fe59ee05f5c45947bb2840f57da7315) Importer(815301076,1909f56bfc062723c751e8b465ee728b)
Number of updated assets reloaded before import = 0
Start importing Assets/Romans Pack - Low Poly (HA)/FBX FILES/Man Made/Probs/Pottery/SM_pottery_013.FBX using Guid(0fe59ee05f5c45947bb2840f57da7315) Importer(815301076,1909f56bfc062723c751e8b465ee728b)  -> (artifact id: '318b1b45fda396a5fa1cd909346e8540') in 0.023868 seconds 
Number of asset objects unloaded after import = 9
========================================================================
Received Import Request.
  Time since last request: 0.000017 seconds.
  path: Assets/Romans Pack - Low Poly (HA)/FBX FILES/Nature/Rocks/SM_stone_03.FBX
  artifactKey: Guid(f6cb0d5f0ec4bcd41b55ea0e90c3b5bf) Importer(815301076,1909f56bfc062723c751e8b465ee728b)
Number of updated assets reloaded before import = 0
Start importing Assets/Romans Pack - Low Poly (HA)/FBX FILES/Nature/Rocks/SM_stone_03.FBX using Guid(f6cb0d5f0ec4bcd41b55ea0e90c3b5bf) Importer(815301076,1909f56bfc062723c751e8b465ee728b)  -> (artifact id: '4a2ec3edf100d2b6013b5c928023cfd5') in 0.031299 seconds 
Number of asset objects unloaded after import = 9
========================================================================
Received Import Request.
  Time since last request: 0.000017 seconds.
  path: Assets/Romans Pack - Low Poly (HA)/FBX FILES/Nature/Rocks/SM_rock_018.FBX
  artifactKey: Guid(87fb8349062512c43918f73c0003c6d4) Importer(815301076,1909f56bfc062723c751e8b465ee728b)
Number of updated assets reloaded before import = 0
Start importing Assets/Romans Pack - Low Poly (HA)/FBX FILES/Nature/Rocks/SM_rock_018.FBX using Guid(87fb8349062512c43918f73c0003c6d4) Importer(815301076,1909f56bfc062723c751e8b465ee728b)  -> (artifact id: '5f30f9c184497470e3fa866c610ab5ab') in 0.034105 seconds 
Number of asset objects unloaded after import = 9
========================================================================
Received Import Request.
  Time since last request: 0.000016 seconds.
  path: Assets/Romans Pack - Low Poly (HA)/FBX FILES/Nature/Rocks/SM_rock_013.FBX
  artifactKey: Guid(ca207929fcc2f7741a80d4674f876af9) Importer(815301076,1909f56bfc062723c751e8b465ee728b)
Number of updated assets reloaded before import = 0
Start importing Assets/Romans Pack - Low Poly (HA)/FBX FILES/Nature/Rocks/SM_rock_013.FBX using Guid(ca207929fcc2f7741a80d4674f876af9) Importer(815301076,1909f56bfc062723c751e8b465ee728b)  -> (artifact id: '908fe37d81ae21c91375cdce3f417bb5') in 0.033836 seconds 
Number of asset objects unloaded after import = 9
========================================================================
Received Import Request.
  Time since last request: 0.000015 seconds.
  path: Assets/Romans Pack - Low Poly (HA)/FBX FILES/Nature/Rocks/SM_stone_04.FBX
  artifactKey: Guid(940f644f06055b74e83d81e676856737) Importer(815301076,1909f56bfc062723c751e8b465ee728b)
Number of updated assets reloaded before import = 0
Start importing Assets/Romans Pack - Low Poly (HA)/FBX FILES/Nature/Rocks/SM_stone_04.FBX using Guid(940f644f06055b74e83d81e676856737) Importer(815301076,1909f56bfc062723c751e8b465ee728b)  -> (artifact id: '8de585fcd6f9283e09fc020f137ede30') in 0.034863 seconds 
Number of asset objects unloaded after import = 9
========================================================================
Received Import Request.
  Time since last request: 0.000017 seconds.
  path: Assets/Romans Pack - Low Poly (HA)/FBX FILES/Man Made/Probs/Pottery/SM_pottery_012.FBX
  artifactKey: Guid(51294cc50e739064dae572ee6b6827f9) Importer(815301076,1909f56bfc062723c751e8b465ee728b)
Number of updated assets reloaded before import = 0
Start importing Assets/Romans Pack - Low Poly (HA)/FBX FILES/Man Made/Probs/Pottery/SM_pottery_012.FBX using Guid(51294cc50e739064dae572ee6b6827f9) Importer(815301076,1909f56bfc062723c751e8b465ee728b)  -> (artifact id: 'f39eb9c7ddf743d0a8108f94030d8cfe') in 0.032668 seconds 
Number of asset objects unloaded after import = 9
========================================================================
Received Import Request.
  Time since last request: 0.000017 seconds.
  path: Assets/Romans Pack - Low Poly (HA)/FBX FILES/Man Made/Probs/Pottery/SM_pottery_016.FBX
  artifactKey: Guid(a1ded04dff07a9741876156e0e209953) Importer(815301076,1909f56bfc062723c751e8b465ee728b)
Number of updated assets reloaded before import = 0
Start importing Assets/Romans Pack - Low Poly (HA)/FBX FILES/Man Made/Probs/Pottery/SM_pottery_016.FBX using Guid(a1ded04dff07a9741876156e0e209953) Importer(815301076,1909f56bfc062723c751e8b465ee728b)  -> (artifact id: 'bd86058ae2d8699bc65c2eccb273b7ac') in 0.032370 seconds 
Number of asset objects unloaded after import = 9
========================================================================
Received Import Request.
  Time since last request: 0.000026 seconds.
  path: Assets/Romans Pack - Low Poly (HA)/FBX FILES/Man Made/Probs/Pottery/SM_bowl_02.FBX
  artifactKey: Guid(50885ada844a4c543a6444af14a9b99a) Importer(815301076,1909f56bfc062723c751e8b465ee728b)
Number of updated assets reloaded before import = 0
Start importing Assets/Romans Pack - Low Poly (HA)/FBX FILES/Man Made/Probs/Pottery/SM_bowl_02.FBX using Guid(50885ada844a4c543a6444af14a9b99a) Importer(815301076,1909f56bfc062723c751e8b465ee728b)  -> (artifact id: '374300de85b6a7d1edc1dcbf24160497') in 0.022711 seconds 
Number of asset objects unloaded after import = 9
========================================================================
Received Import Request.
  Time since last request: 0.000019 seconds.
  path: Assets/Romans Pack - Low Poly (HA)/FBX FILES/Nature/Rocks/SM_rock_019.FBX
  artifactKey: Guid(60113abcd4f30ca40ae46110fa8c6685) Importer(815301076,1909f56bfc062723c751e8b465ee728b)
Number of updated assets reloaded before import = 0
Start importing Assets/Romans Pack - Low Poly (HA)/FBX FILES/Nature/Rocks/SM_rock_019.FBX using Guid(60113abcd4f30ca40ae46110fa8c6685) Importer(815301076,1909f56bfc062723c751e8b465ee728b)  -> (artifact id: '45e56dced976bc076f8218c1239f1ab9') in 0.031807 seconds 
Number of asset objects unloaded after import = 9
========================================================================
Received Import Request.
  Time since last request: 0.000019 seconds.
  path: Assets/Romans Pack - Low Poly (HA)/FBX FILES/Nature/Rocks/SM_Rock_003.FBX
  artifactKey: Guid(6e3d70ccc41fb104d84a6135655e441b) Importer(815301076,1909f56bfc062723c751e8b465ee728b)
Number of updated assets reloaded before import = 0
Start importing Assets/Romans Pack - Low Poly (HA)/FBX FILES/Nature/Rocks/SM_Rock_003.FBX using Guid(6e3d70ccc41fb104d84a6135655e441b) Importer(815301076,1909f56bfc062723c751e8b465ee728b)  -> (artifact id: 'f496786c42283dbc287b7215c7e0688a') in 0.033100 seconds 
Number of asset objects unloaded after import = 9
========================================================================
Received Import Request.
  Time since last request: 0.099529 seconds.
  path: Assets/Romans Pack - Low Poly (HA)/FBX FILES/Man Made/Probs/Pottery/SM_pottery_001.FBX
  artifactKey: Guid(93b2d9d6efbda9040a8d80c892711007) Importer(815301076,1909f56bfc062723c751e8b465ee728b)
Number of updated assets reloaded before import = 0
Start importing Assets/Romans Pack - Low Poly (HA)/FBX FILES/Man Made/Probs/Pottery/SM_pottery_001.FBX using Guid(93b2d9d6efbda9040a8d80c892711007) Importer(815301076,1909f56bfc062723c751e8b465ee728b)  -> (artifact id: '6e8c904aa532a5232adf0520def7967b') in 0.021900 seconds 
Number of asset objects unloaded after import = 9
========================================================================
Received Import Request.
  Time since last request: 0.051196 seconds.
  path: Assets/Romans Pack - Low Poly (HA)/FBX FILES/Nature/Mountains/SM_mountain_03.FBX
  artifactKey: Guid(7adf88ad05767bd49b50ed42600f22e5) Importer(815301076,1909f56bfc062723c751e8b465ee728b)
Number of updated assets reloaded before import = 0
Start importing Assets/Romans Pack - Low Poly (HA)/FBX FILES/Nature/Mountains/SM_mountain_03.FBX using Guid(7adf88ad05767bd49b50ed42600f22e5) Importer(815301076,1909f56bfc062723c751e8b465ee728b)  -> (artifact id: '5553d96ef8e6cc543209a2071487da48') in 0.021410 seconds 
Number of asset objects unloaded after import = 9
========================================================================
Received Import Request.
  Time since last request: 0.000015 seconds.
  path: Assets/Romans Pack - Low Poly (HA)/FBX FILES/Man Made/Probs/Pottery/SM_pottery_004.FBX
  artifactKey: Guid(2daee50fec2c172499b370dc60f68662) Importer(815301076,1909f56bfc062723c751e8b465ee728b)
Number of updated assets reloaded before import = 0
Start importing Assets/Romans Pack - Low Poly (HA)/FBX FILES/Man Made/Probs/Pottery/SM_pottery_004.FBX using Guid(2daee50fec2c172499b370dc60f68662) Importer(815301076,1909f56bfc062723c751e8b465ee728b)  -> (artifact id: 'eadd2d68d67c2a1b03078aaefc5521cd') in 0.022566 seconds 
Number of asset objects unloaded after import = 9
========================================================================
Received Import Request.
  Time since last request: 0.000015 seconds.
  path: Assets/Romans Pack - Low Poly (HA)/FBX FILES/Man Made/Probs/Pottery/SM_pottery_003.FBX
  artifactKey: Guid(6ea605471d721a548b4777240b87a185) Importer(815301076,1909f56bfc062723c751e8b465ee728b)
Number of updated assets reloaded before import = 0
Start importing Assets/Romans Pack - Low Poly (HA)/FBX FILES/Man Made/Probs/Pottery/SM_pottery_003.FBX using Guid(6ea605471d721a548b4777240b87a185) Importer(815301076,1909f56bfc062723c751e8b465ee728b)  -> (artifact id: '8903fafdba7a1bea1a4840adadf9267c') in 0.034098 seconds 
Number of asset objects unloaded after import = 9
========================================================================
Received Import Request.
  Time since last request: 0.000032 seconds.
  path: Assets/Romans Pack - Low Poly (HA)/FBX FILES/Man Made/Probs/Pottery/SM_pottery_006.FBX
  artifactKey: Guid(91334b4a2fa59384ca5f0974928badd2) Importer(815301076,1909f56bfc062723c751e8b465ee728b)
Number of updated assets reloaded before import = 0
Start importing Assets/Romans Pack - Low Poly (HA)/FBX FILES/Man Made/Probs/Pottery/SM_pottery_006.FBX using Guid(91334b4a2fa59384ca5f0974928badd2) Importer(815301076,1909f56bfc062723c751e8b465ee728b)  -> (artifact id: 'a85c5f67041d5fa18a6b761b8c5193c5') in 0.025082 seconds 
Number of asset objects unloaded after import = 9
========================================================================
Received Import Request.
  Time since last request: 0.000017 seconds.
  path: Assets/Romans Pack - Low Poly (HA)/FBX FILES/Man Made/Probs/Pottery/SM_pottery_009.FBX
  artifactKey: Guid(c35be868c729b3044a597d44e27a8d58) Importer(815301076,1909f56bfc062723c751e8b465ee728b)
Number of updated assets reloaded before import = 0
Start importing Assets/Romans Pack - Low Poly (HA)/FBX FILES/Man Made/Probs/Pottery/SM_pottery_009.FBX using Guid(c35be868c729b3044a597d44e27a8d58) Importer(815301076,1909f56bfc062723c751e8b465ee728b)  -> (artifact id: '056ec9d9fd383320e37face6950fb9e5') in 0.023755 seconds 
Number of asset objects unloaded after import = 9
========================================================================
Received Import Request.
  Time since last request: 0.000018 seconds.
  path: Assets/Romans Pack - Low Poly (HA)/FBX FILES/Man Made/Probs/Pottery/SM_pottery_005.FBX
  artifactKey: Guid(90ae7013499e1a44ab6e7e476bc98214) Importer(815301076,1909f56bfc062723c751e8b465ee728b)
Number of updated assets reloaded before import = 0
Start importing Assets/Romans Pack - Low Poly (HA)/FBX FILES/Man Made/Probs/Pottery/SM_pottery_005.FBX using Guid(90ae7013499e1a44ab6e7e476bc98214) Importer(815301076,1909f56bfc062723c751e8b465ee728b)  -> (artifact id: 'e9ea90d1b407dc34f5a3579f5a4879f0') in 0.028359 seconds 
Number of asset objects unloaded after import = 9
========================================================================
Received Import Request.
  Time since last request: 0.081057 seconds.
  path: Assets/Romans Pack - Low Poly (HA)/MATERIALS/COLORS/M_leaves_2.mat
  artifactKey: Guid(c920fed25633c5849b1c0f7b3a9e9096) Importer(815301076,1909f56bfc062723c751e8b465ee728b)
Number of updated assets reloaded before import = 0
Start importing Assets/Romans Pack - Low Poly (HA)/MATERIALS/COLORS/M_leaves_2.mat using Guid(c920fed25633c5849b1c0f7b3a9e9096) Importer(815301076,1909f56bfc062723c751e8b465ee728b)  -> (artifact id: '0d7a5aa27603a2d67c8adc3fc618b179') in 0.015275 seconds 
Number of asset objects unloaded after import = 1
========================================================================
Received Import Request.
  Time since last request: 0.000017 seconds.
  path: Assets/Romans Pack - Low Poly (HA)/MATERIALS/COLORS/M_leaves_3.mat
  artifactKey: Guid(4ef97cc40934447488dfcc94a86c40d0) Importer(815301076,1909f56bfc062723c751e8b465ee728b)
Number of updated assets reloaded before import = 0
Start importing Assets/Romans Pack - Low Poly (HA)/MATERIALS/COLORS/M_leaves_3.mat using Guid(4ef97cc40934447488dfcc94a86c40d0) Importer(815301076,1909f56bfc062723c751e8b465ee728b)  -> (artifact id: 'a97d421ccabbd12ab6fb2608b8561594') in 0.015114 seconds 
Number of asset objects unloaded after import = 1
========================================================================
Received Import Request.
  Time since last request: 0.000021 seconds.
  path: Assets/Romans Pack - Low Poly (HA)/MATERIALS/COLORS/M_leaves_4.mat
  artifactKey: Guid(46a338929a448134082a2ab3f3610871) Importer(815301076,1909f56bfc062723c751e8b465ee728b)
Number of updated assets reloaded before import = 0
Start importing Assets/Romans Pack - Low Poly (HA)/MATERIALS/COLORS/M_leaves_4.mat using Guid(46a338929a448134082a2ab3f3610871) Importer(815301076,1909f56bfc062723c751e8b465ee728b)  -> (artifact id: '563b2a1a55bb140ec3f42bb6701e536e') in 0.024357 seconds 
Number of asset objects unloaded after import = 1
========================================================================
Received Import Request.
  Time since last request: 0.000017 seconds.
  path: Assets/Romans Pack - Low Poly (HA)/FBX FILES/Nature/Mountains/SM_mountain_05.FBX
  artifactKey: Guid(d9c6206ccb4f38542ac23773635d10f0) Importer(815301076,1909f56bfc062723c751e8b465ee728b)
Number of updated assets reloaded before import = 0
Start importing Assets/Romans Pack - Low Poly (HA)/FBX FILES/Nature/Mountains/SM_mountain_05.FBX using Guid(d9c6206ccb4f38542ac23773635d10f0) Importer(815301076,1909f56bfc062723c751e8b465ee728b)  -> (artifact id: 'c6086f05b46517c656032e35da6e330d') in 0.027387 seconds 
Number of asset objects unloaded after import = 9
Editor requested this worker to shutdown with reason: Scaling down because of idle timeout
AssetImportWorker is now disconnected from the server
Process exiting
Exiting without the bug reporter. Application will terminate with return code 0