Using pre-set license
Built from '2021.3/staging' branch; Version is '2021.3.40f1 (6fcab7dbbbc1) revision 7326391'; Using compiler version '192829333'; Build Type 'Release'
OS: 'Windows 11  (10.0.22631) 64bit CoreCountrySpecific' Language: 'zh' Physical Memory: 16108 MB
BatchMode: 1, IsHumanControllingUs: 0, StartBugReporterOnCrash: 0, Is64bit: 1, IsPro: 1

COMMAND LINE ARGUMENTS:
D:\unity\2021.3.40f1\Editor\Unity.exe
-adb2
-batchMode
-noUpm
-name
AssetImportWorker4
-projectPath
D:/unity/prototype/7381-prototype
-logFile
Logs/AssetImportWorker4.log
-srvPort
58890
Successfully changed project path to: D:/unity/prototype/7381-prototype
D:/unity/prototype/7381-prototype
[UnityMemory] Configuration Parameters - Can be set up in boot.config
    "memorysetup-bucket-allocator-granularity=16"
    "memorysetup-bucket-allocator-bucket-count=8"
    "memorysetup-bucket-allocator-block-size=33554432"
    "memorysetup-bucket-allocator-block-count=8"
    "memorysetup-main-allocator-block-size=16777216"
    "memorysetup-thread-allocator-block-size=16777216"
    "memorysetup-gfx-main-allocator-block-size=16777216"
    "memorysetup-gfx-thread-allocator-block-size=16777216"
    "memorysetup-cache-allocator-block-size=4194304"
    "memorysetup-typetree-allocator-block-size=2097152"
    "memorysetup-profiler-bucket-allocator-granularity=16"
    "memorysetup-profiler-bucket-allocator-bucket-count=8"
    "memorysetup-profiler-bucket-allocator-block-size=33554432"
    "memorysetup-profiler-bucket-allocator-block-count=8"
    "memorysetup-profiler-allocator-block-size=16777216"
    "memorysetup-profiler-editor-allocator-block-size=1048576"
    "memorysetup-temp-allocator-size-main=16777216"
    "memorysetup-job-temp-allocator-block-size=2097152"
    "memorysetup-job-temp-allocator-block-size-background=1048576"
    "memorysetup-job-temp-allocator-reduction-small-platforms=262144"
    "memorysetup-temp-allocator-size-background-worker=32768"
    "memorysetup-temp-allocator-size-job-worker=262144"
    "memorysetup-temp-allocator-size-preload-manager=33554432"
    "memorysetup-temp-allocator-size-nav-mesh-worker=65536"
    "memorysetup-temp-allocator-size-audio-worker=65536"
    "memorysetup-temp-allocator-size-cloud-worker=32768"
    "memorysetup-temp-allocator-size-gi-baking-worker=262144"
    "memorysetup-temp-allocator-size-gfx=262144"
Player connection [31168] Host "[IP] 10.70.92.119 [Port] 0 [Flags] 2 [Guid] 3153149296 [EditorId] 3153149296 [Version] 1048832 [Id] WindowsEditor(7,LAPTOP-SGLN2ASP) [Debug] 1 [PackageName] WindowsEditor [ProjectName] Editor" joined multi-casting on [225.0.0.222:54997]...

Player connection [31168] Host "[IP] 10.70.92.119 [Port] 0 [Flags] 2 [Guid] 3153149296 [EditorId] 3153149296 [Version] 1048832 [Id] WindowsEditor(7,LAPTOP-SGLN2ASP) [Debug] 1 [PackageName] WindowsEditor [ProjectName] Editor" joined alternative multi-casting on [225.0.0.222:34997]...

[Physics::Module] Initialized MultithreadedJobDispatcher with {0} workers.
Refreshing native plugins compatible for Editor in 111.49 ms, found 13 plugins.
Preloading 3 native plugins for Editor in 2.11 ms.
Initialize engine version: 2021.3.40f1 (6fcab7dbbbc1)
[Subsystems] Discovering subsystems at path D:/unity/2021.3.40f1/Editor/Data/Resources/UnitySubsystems
[Subsystems] Discovering subsystems at path D:/unity/prototype/7381-prototype/Assets
GfxDevice: creating device client; threaded=0; jobified=0
Direct3D:
    Version:  Direct3D 11.0 [level 11.1]
    Renderer: NVIDIA GeForce RTX 3060 Laptop GPU (ID=0x2560)
    Vendor:   NVIDIA
    VRAM:     5996 MB
    Driver:   31.0.15.5123
Shader 'Meta/MRUK/Scene/HighlightsAndShadows': fallback shader 'Off' not found
Shader 'Oculus/OVRMRCameraFrameLit': fallback shader 'Alpha-Diffuse' not found
Initialize mono
Mono path[0] = 'D:/unity/2021.3.40f1/Editor/Data/Managed'
Mono path[1] = 'D:/unity/2021.3.40f1/Editor/Data/MonoBleedingEdge/lib/mono/unityjit-win32'
Mono config path = 'D:/unity/2021.3.40f1/Editor/Data/MonoBleedingEdge/etc'
Using monoOptions --debugger-agent=transport=dt_socket,embedding=1,server=y,suspend=n,address=127.0.0.1:56700
Begin MonoManager ReloadAssembly
Registering precompiled unity dll's ...
Register platform support module: D:/unity/2021.3.40f1/Editor/Data/PlaybackEngines/AndroidPlayer/UnityEditor.Android.Extensions.dll
Register platform support module: D:/unity/2021.3.40f1/Editor/Data/PlaybackEngines/WindowsStandaloneSupport/UnityEditor.WindowsStandalone.Extensions.dll
Registered in 0.001649 seconds.
Native extension for WindowsStandalone target not found
Native extension for Android target not found
Android Extension - Scanning For ADB Devices 405 ms
Refreshing native plugins compatible for Editor in 134.98 ms, found 13 plugins.
Preloading 3 native plugins for Editor in 0.11 ms.
Mono: successfully reloaded assembly
- Completed reload, in  1.072 seconds
Domain Reload Profiling:
	ReloadAssembly (1073ms)
		BeginReloadAssembly (108ms)
			ExecutionOrderSort (0ms)
			DisableScriptedObjects (0ms)
			BackupInstance (0ms)
			ReleaseScriptingObjects (0ms)
			CreateAndSetChildDomain (1ms)
		EndReloadAssembly (893ms)
			LoadAssemblies (108ms)
			RebuildTransferFunctionScriptingTraits (0ms)
			SetupTypeCache (88ms)
			ReleaseScriptCaches (0ms)
			RebuildScriptCaches (20ms)
			SetupLoadedEditorAssemblies (748ms)
				LogAssemblyErrors (0ms)
				InitializePlatformSupportModulesInManaged (479ms)
				SetLoadedEditorAssemblies (0ms)
				RefreshPlugins (135ms)
				BeforeProcessingInitializeOnLoad (1ms)
				ProcessInitializeOnLoadAttributes (94ms)
				ProcessInitializeOnLoadMethodAttributes (39ms)
				AfterProcessingInitializeOnLoad (0ms)
				EditorAssembliesLoaded (0ms)
			ExecutionOrderSort2 (0ms)
			AwakeInstancesAfterBackupRestoration (0ms)
Platform modules already initialized, skipping
Registering precompiled user dll's ...
Registered in 0.005540 seconds.
Begin MonoManager ReloadAssembly
Native extension for WindowsStandalone target not found
Native extension for Android target not found
Refreshing native plugins compatible for Editor in 91.04 ms, found 13 plugins.
Preloading 3 native plugins for Editor in 0.09 ms.
Package Manager log level set to [2]
[Package Manager] Server::EnsureServerProcessIsRunning -- launch failed, reason: Unity was launched with the -noUpm command-line argument
[Package Manager] Cannot connect to Unity Package Manager local server
[Package Manager] Server::EnsureServerProcessIsRunning -- launch failed, reason: Unity was launched with the -noUpm command-line argument
[Package Manager] Cannot connect to Unity Package Manager local server
[Package Manager] Server::EnsureServerProcessIsRunning -- launch failed, reason: Unity was launched with the -noUpm command-line argument
[Package Manager] Cannot connect to Unity Package Manager local server
System.Reflection.TargetInvocationException: Exception has been thrown by the target of an invocation. ---> System.NullReferenceException: Object reference not set to an instance of an object
  at Unity.XR.Oculus.OculusLoader.AssetPathToAbsolutePath (System.String assetPath) [0x0003d] in D:\unity\prototype\7381-prototype\Library\PackageCache\com.unity.xr.oculus@3.4.0\Runtime\OculusLoader.cs:287 
  at Unity.XR.Oculus.OculusLoader.EditorLoadOVRPlugin () [0x00084] in D:\unity\prototype\7381-prototype\Library\PackageCache\com.unity.xr.oculus@3.4.0\Runtime\OculusLoader.cs:272 
  at (wrapper managed-to-native) System.Reflection.RuntimeMethodInfo.InternalInvoke(System.Reflection.RuntimeMethodInfo,object,object[],System.Exception&)
  at System.Reflection.RuntimeMethodInfo.Invoke (System.Object obj, System.Reflection.BindingFlags invokeAttr, System.Reflection.Binder binder, System.Object[] parameters, System.Globalization.CultureInfo culture) [0x0006a] in <3aa98f447c32440abc2affef8f2fd6a0>:0 
   --- End of inner exception stack trace ---
  at System.Reflection.RuntimeMethodInfo.Invoke (System.Object obj, System.Reflection.BindingFlags invokeAttr, System.Reflection.Binder binder, System.Object[] parameters, System.Globalization.CultureInfo culture) [0x00083] in <3aa98f447c32440abc2affef8f2fd6a0>:0 
  at System.Reflection.MethodBase.Invoke (System.Object obj, System.Object[] parameters) [0x00000] in <3aa98f447c32440abc2affef8f2fd6a0>:0 
  at UnityEditor.EditorAssemblies.ProcessInitializeOnLoadMethodAttributes () [0x000a5] in <58158fa5247e42af9544990ea0885e7f>:0 
UnityEngine.StackTraceUtility:ExtractStackTrace ()
UnityEngine.DebugLogHandler:LogFormat (UnityEngine.LogType,UnityEngine.Object,string,object[])
UnityEngine.Logger:Log (UnityEngine.LogType,object)
UnityEngine.Debug:LogError (object)
UnityEditor.EditorAssemblies:ProcessInitializeOnLoadMethodAttributes ()

Mono: successfully reloaded assembly
- Completed reload, in  1.251 seconds
Domain Reload Profiling:
	ReloadAssembly (1251ms)
		BeginReloadAssembly (117ms)
			ExecutionOrderSort (0ms)
			DisableScriptedObjects (4ms)
			BackupInstance (0ms)
			ReleaseScriptingObjects (0ms)
			CreateAndSetChildDomain (15ms)
		EndReloadAssembly (1062ms)
			LoadAssemblies (120ms)
			RebuildTransferFunctionScriptingTraits (0ms)
			SetupTypeCache (229ms)
			ReleaseScriptCaches (1ms)
			RebuildScriptCaches (62ms)
			SetupLoadedEditorAssemblies (661ms)
				LogAssemblyErrors (0ms)
				InitializePlatformSupportModulesInManaged (13ms)
				SetLoadedEditorAssemblies (0ms)
				RefreshPlugins (91ms)
				BeforeProcessingInitializeOnLoad (76ms)
				ProcessInitializeOnLoadAttributes (463ms)
				ProcessInitializeOnLoadMethodAttributes (16ms)
				AfterProcessingInitializeOnLoad (1ms)
				EditorAssembliesLoaded (0ms)
			ExecutionOrderSort2 (0ms)
			AwakeInstancesAfterBackupRestoration (8ms)
Platform modules already initialized, skipping
========================================================================
Worker process is ready to serve import requests
Shader 'SH_Vefects_VFX_URP_Fire_Flames_01': fallback shader 'Hidden/Shader Graph/FallbackError' not found
Shader 'SH_Vefects_VFX_URP_Heat_Haze_01': fallback shader 'Hidden/Shader Graph/FallbackError' not found
Shader 'SH_Vefects_VFX_URP_Particles_Erosion_01': fallback shader 'Hidden/Shader Graph/FallbackError' not found
Shader 'Oculus/OVRMRCameraFrameLit': fallback shader 'Alpha-Diffuse' not found
Shader 'Meta/MRUK/Scene/HighlightsAndShadows': fallback shader 'Off' not found
Shader 'SH_Vefects_VFX_URP_Fire_Flames_01': fallback shader 'Hidden/Shader Graph/FallbackError' not found
Shader 'SH_Vefects_VFX_URP_Heat_Haze_01': fallback shader 'Hidden/Shader Graph/FallbackError' not found
Shader 'SH_Vefects_VFX_URP_Particles_Erosion_01': fallback shader 'Hidden/Shader Graph/FallbackError' not found
Launched and connected shader compiler UnityShaderCompiler.exe after 0.08 seconds
Refreshing native plugins compatible for Editor in 1.90 ms, found 13 plugins.
Preloading 3 native plugins for Editor in 0.17 ms.
Unloading 5253 Unused Serialized files (Serialized files now loaded: 0)
Unloading 66 unused Assets / (0.7 MB). Loaded Objects now: 5717.
Memory consumption went from 242.5 MB to 241.9 MB.
Total: 3.608300 ms (FindLiveObjects: 0.304800 ms CreateObjectMapping: 0.238300 ms MarkObjects: 2.897200 ms  DeleteObjects: 0.166900 ms)

AssetImportParameters requested are different than current active one (requested -> active):
  custom:video-decoder-ogg-theora: a1e56fd34408186e4bbccfd4996cb3dc -> 
  custom:container-muxer-webm: aa71ff27fc2769a1b78a27578f13a17b -> 
  custom:container-demuxer-webm: 4f35f7cbe854078d1ac9338744f61a02 -> 
  custom:video-encoder-webm-vp8: eb34c28f22e8b96e1ab97ce403110664 -> 
  custom:video-codec-MediaFoundation-h265: 746d11721c4dcdbdad8f713fa42b33f4 -> 
  custom:CustomObjectIndexerAttribute: bc11b3a6c3213fcdd17b65e7da85e133 -> 
  custom:audio-encoder-webm-vorbis: bf7c407c2cedff20999df2af8eb42d56 -> 
  custom:framework-win-MediaFoundation: 216162199b28c13a410421893ffa2e32 -> 
  custom:SearchIndexIgnoredProperties: e643bd26f0fe6173181afceb89e7c659 -> 
  custom:container-demuxer-ogg: 62fdf1f143b41e24485cea50d1cbac27 -> 
  custom:video-decoder-webm-vp8: 9c59270c3fd7afecdb556c50c9e8de78 -> 
  custom:audio-decoder-ogg-vorbis: bf7c407c2cedff20999df2af8eb42d56 -> 
========================================================================
Received Import Request.
  Time since last request: 14202.025559 seconds.
  path: Assets/Idyllic Rome/Materials/Terrain/LayerCliffs.terrainlayer
  artifactKey: Guid(ca8df2c8386adfb40961424edfdd8267) Importer(815301076,1909f56bfc062723c751e8b465ee728b)
Number of updated assets reloaded before import = 0
Start importing Assets/Idyllic Rome/Materials/Terrain/LayerCliffs.terrainlayer using Guid(ca8df2c8386adfb40961424edfdd8267) Importer(815301076,1909f56bfc062723c751e8b465ee728b)  -> (artifact id: '164678d7fe86fa2b1a0289f99242910b') in 0.116126 seconds 
Number of asset objects unloaded after import = 4
========================================================================
Received Import Request.
  Time since last request: 1.275002 seconds.
  path: Assets/Idyllic Rome/Prefabs/Buildings/SM_amphitheatre_rome.prefab
  artifactKey: Guid(6ddec0df886d08140a26cc54f5c67838) Importer(815301076,1909f56bfc062723c751e8b465ee728b)
Number of updated assets reloaded before import = 0
Start importing Assets/Idyllic Rome/Prefabs/Buildings/SM_amphitheatre_rome.prefab using Guid(6ddec0df886d08140a26cc54f5c67838) Importer(815301076,1909f56bfc062723c751e8b465ee728b)  -> (artifact id: '7daf68d93c531217ca6e9c83366eb56b') in 0.944510 seconds 
Number of asset objects unloaded after import = 54
========================================================================
Received Import Request.
  Time since last request: 0.000034 seconds.
  path: Assets/Idyllic Rome/Prefabs/Buildings/SM_temple_rome.prefab
  artifactKey: Guid(ce88f6e2eb275a74f9ad017796ada9ea) Importer(815301076,1909f56bfc062723c751e8b465ee728b)
Number of updated assets reloaded before import = 0
Start importing Assets/Idyllic Rome/Prefabs/Buildings/SM_temple_rome.prefab using Guid(ce88f6e2eb275a74f9ad017796ada9ea) Importer(815301076,1909f56bfc062723c751e8b465ee728b)  -> (artifact id: 'ae1561c311bffbf72f15c799ac3fb195') in 0.472949 seconds 
Number of asset objects unloaded after import = 62
========================================================================
Received Import Request.
  Time since last request: 0.000049 seconds.
  path: Assets/Idyllic Rome/Prefabs/Buildings/SM_insulae_building_06.prefab
  artifactKey: Guid(5dea86a35d0582d45ab74fa7e135aa10) Importer(815301076,1909f56bfc062723c751e8b465ee728b)
Number of updated assets reloaded before import = 0
Start importing Assets/Idyllic Rome/Prefabs/Buildings/SM_insulae_building_06.prefab using Guid(5dea86a35d0582d45ab74fa7e135aa10) Importer(815301076,1909f56bfc062723c751e8b465ee728b)  -> (artifact id: '053d0500d42f6327fd4b0a6c2c0c45e1') in 0.449793 seconds 
Number of asset objects unloaded after import = 42
========================================================================
Received Import Request.
  Time since last request: 0.000021 seconds.
  path: Assets/Idyllic Rome/Prefabs/Buildings/SM_insulae_building_05.prefab
  artifactKey: Guid(6d912a4b8c5acfc4da13358933b3729f) Importer(815301076,1909f56bfc062723c751e8b465ee728b)
Number of updated assets reloaded before import = 0
Start importing Assets/Idyllic Rome/Prefabs/Buildings/SM_insulae_building_05.prefab using Guid(6d912a4b8c5acfc4da13358933b3729f) Importer(815301076,1909f56bfc062723c751e8b465ee728b)  -> (artifact id: '528a5ac066fd19981dd2c37c11b69853') in 0.297771 seconds 
Number of asset objects unloaded after import = 38
========================================================================
Received Import Request.
  Time since last request: 5.987293 seconds.
  path: Assets/Idyllic Rome/Prefabs/Nature/SM_bush_01.prefab
  artifactKey: Guid(c47d4070b47bb25428b8aa0db17b0675) Importer(815301076,1909f56bfc062723c751e8b465ee728b)
Number of updated assets reloaded before import = 0
Start importing Assets/Idyllic Rome/Prefabs/Nature/SM_bush_01.prefab using Guid(c47d4070b47bb25428b8aa0db17b0675) Importer(815301076,1909f56bfc062723c751e8b465ee728b)  -> (artifact id: '955ddc8158d481568071f7a5fbd6b4f4') in 0.654912 seconds 
Number of asset objects unloaded after import = 9
========================================================================
Received Import Request.
  Time since last request: 0.000049 seconds.
  path: Assets/Idyllic Rome/Prefabs/Nature/SM_tree_01.prefab
  artifactKey: Guid(4dfc5b833df6f4f4abba3eae07053850) Importer(815301076,1909f56bfc062723c751e8b465ee728b)
Number of updated assets reloaded before import = 0
Start importing Assets/Idyllic Rome/Prefabs/Nature/SM_tree_01.prefab using Guid(4dfc5b833df6f4f4abba3eae07053850) Importer(815301076,1909f56bfc062723c751e8b465ee728b)  -> (artifact id: 'b1b75afbdda13414911ebe842656c697') in 0.065071 seconds 
Number of asset objects unloaded after import = 13
========================================================================
Received Import Request.
  Time since last request: 0.857570 seconds.
  path: Assets/Idyllic Rome/Prefabs/Props/SM_amphora_01.prefab
  artifactKey: Guid(00a0f55379ba92e4883992ef21c7fe6a) Importer(815301076,1909f56bfc062723c751e8b465ee728b)
Number of updated assets reloaded before import = 0
Start importing Assets/Idyllic Rome/Prefabs/Props/SM_amphora_01.prefab using Guid(00a0f55379ba92e4883992ef21c7fe6a) Importer(815301076,1909f56bfc062723c751e8b465ee728b)  -> (artifact id: '1521c0498ccd82f3e18f5b29fc3d263f') in 0.172634 seconds 
Number of asset objects unloaded after import = 12
========================================================================
Received Import Request.
  Time since last request: 0.000017 seconds.
  path: Assets/Idyllic Rome/Prefabs/Props/SM_basket_fruit_01.prefab
  artifactKey: Guid(e31eacdc3d0c98e40a76204fd5c33bd0) Importer(815301076,1909f56bfc062723c751e8b465ee728b)
Number of updated assets reloaded before import = 0
Start importing Assets/Idyllic Rome/Prefabs/Props/SM_basket_fruit_01.prefab using Guid(e31eacdc3d0c98e40a76204fd5c33bd0) Importer(815301076,1909f56bfc062723c751e8b465ee728b)  -> (artifact id: '582801424967763e91b2ba52e7d5cf1f') in 0.181133 seconds 
Number of asset objects unloaded after import = 16
========================================================================
Received Import Request.
  Time since last request: 0.000060 seconds.
  path: Assets/Idyllic Rome/Prefabs/Props/SM_book_01.prefab
  artifactKey: Guid(2356fa3653ed3ba409bac716d4351958) Importer(815301076,1909f56bfc062723c751e8b465ee728b)
Number of updated assets reloaded before import = 0
Start importing Assets/Idyllic Rome/Prefabs/Props/SM_book_01.prefab using Guid(2356fa3653ed3ba409bac716d4351958) Importer(815301076,1909f56bfc062723c751e8b465ee728b)  -> (artifact id: '6b12875078740642e470c380df776c51') in 0.070505 seconds 
Number of asset objects unloaded after import = 12
========================================================================
Received Import Request.
  Time since last request: 0.000034 seconds.
  path: Assets/Idyllic Rome/Prefabs/Props/SM_banner_rome_03.prefab
  artifactKey: Guid(6f9125f3ebac9d545b32f289ed838684) Importer(815301076,1909f56bfc062723c751e8b465ee728b)
Number of updated assets reloaded before import = 0
Start importing Assets/Idyllic Rome/Prefabs/Props/SM_banner_rome_03.prefab using Guid(6f9125f3ebac9d545b32f289ed838684) Importer(815301076,1909f56bfc062723c751e8b465ee728b)  -> (artifact id: 'be7fc9153f92028990b87a61adae63ef') in 0.127710 seconds 
Number of asset objects unloaded after import = 15
========================================================================
Received Import Request.
  Time since last request: 0.000017 seconds.
  path: Assets/Idyllic Rome/Prefabs/Props/SM_bed_roman.prefab
  artifactKey: Guid(45f785edb8835454199e8ad959442141) Importer(815301076,1909f56bfc062723c751e8b465ee728b)
Number of updated assets reloaded before import = 0
Start importing Assets/Idyllic Rome/Prefabs/Props/SM_bed_roman.prefab using Guid(45f785edb8835454199e8ad959442141) Importer(815301076,1909f56bfc062723c751e8b465ee728b)  -> (artifact id: 'f9706f245c4c8e0b69be50bc3c4a67d6') in 0.076143 seconds 
Number of asset objects unloaded after import = 12
========================================================================
Received Import Request.
  Time since last request: 7.736388 seconds.
  path: Assets/Idyllic Rome/Meshes
  artifactKey: Guid(b639ab3495f371c4a949a073a60dbb6e) Importer(815301076,1909f56bfc062723c751e8b465ee728b)
Number of updated assets reloaded before import = 0
Start importing Assets/Idyllic Rome/Meshes using Guid(b639ab3495f371c4a949a073a60dbb6e) Importer(815301076,1909f56bfc062723c751e8b465ee728b)  -> (artifact id: 'c292a072ec38fb4f6b3a6be4a87a5e78') in 0.011455 seconds 
Number of asset objects unloaded after import = 0
========================================================================
Received Import Request.
  Time since last request: 1.104097 seconds.
  path: Assets/Idyllic Rome/Meshes/Nature
  artifactKey: Guid(3c13e45992901bd40ad6fd0ef860b437) Importer(815301076,1909f56bfc062723c751e8b465ee728b)
Number of updated assets reloaded before import = 0
Start importing Assets/Idyllic Rome/Meshes/Nature using Guid(3c13e45992901bd40ad6fd0ef860b437) Importer(815301076,1909f56bfc062723c751e8b465ee728b)  -> (artifact id: '7d8d478374450e208bc11a7f7ffb209c') in 0.014590 seconds 
Number of asset objects unloaded after import = 0
========================================================================
Received Import Request.
  Time since last request: 2.245976 seconds.
  path: Assets/Idyllic Rome/Meshes/Buildings
  artifactKey: Guid(805631121fed2f949a37215397ed98df) Importer(815301076,1909f56bfc062723c751e8b465ee728b)
Number of updated assets reloaded before import = 0
Start importing Assets/Idyllic Rome/Meshes/Buildings using Guid(805631121fed2f949a37215397ed98df) Importer(815301076,1909f56bfc062723c751e8b465ee728b)  -> (artifact id: 'a866c40a4991ebdc3f41afd4e262e10e') in 0.021406 seconds 
Number of asset objects unloaded after import = 0
========================================================================
Received Import Request.
  Time since last request: 0.129502 seconds.
  path: Assets/Idyllic Rome/Meshes/Buildings/SM_amphitheatre_rome.fbx
  artifactKey: Guid(e14f7f4599cc6db4ea9576b2861e9d3d) Importer(815301076,1909f56bfc062723c751e8b465ee728b)
Number of updated assets reloaded before import = 0
Start importing Assets/Idyllic Rome/Meshes/Buildings/SM_amphitheatre_rome.fbx using Guid(e14f7f4599cc6db4ea9576b2861e9d3d) Importer(815301076,1909f56bfc062723c751e8b465ee728b)  -> (artifact id: '6fd48774365d23a3de0a4243db7ace7f') in 0.118885 seconds 
Number of asset objects unloaded after import = 21
========================================================================
Received Import Request.
  Time since last request: 0.000037 seconds.
  path: Assets/Idyllic Rome/Meshes/Buildings/SM_senate_building.fbx
  artifactKey: Guid(47c4bbe9ae08cf040b92832e23b1de04) Importer(815301076,1909f56bfc062723c751e8b465ee728b)
Number of updated assets reloaded before import = 0
Start importing Assets/Idyllic Rome/Meshes/Buildings/SM_senate_building.fbx using Guid(47c4bbe9ae08cf040b92832e23b1de04) Importer(815301076,1909f56bfc062723c751e8b465ee728b)  -> (artifact id: '7f52edccaeaac1c4c65c43f8307bc6a4') in 0.076397 seconds 
Number of asset objects unloaded after import = 19
========================================================================
Received Import Request.
  Time since last request: 0.000026 seconds.
  path: Assets/Idyllic Rome/Meshes/Buildings/SM_temple_rome_02.fbx
  artifactKey: Guid(7fdb3dbc8048d6e408ed575257e0f329) Importer(815301076,1909f56bfc062723c751e8b465ee728b)
Number of updated assets reloaded before import = 0
Start importing Assets/Idyllic Rome/Meshes/Buildings/SM_temple_rome_02.fbx using Guid(7fdb3dbc8048d6e408ed575257e0f329) Importer(815301076,1909f56bfc062723c751e8b465ee728b)  -> (artifact id: '51ec5b27b6af18ab3df41530b28c5b9c') in 0.104740 seconds 
Number of asset objects unloaded after import = 24
========================================================================
Received Import Request.
  Time since last request: 2.478201 seconds.
  path: Assets/Idyllic Rome/Meshes/Nature/SM_bush_01.fbx
  artifactKey: Guid(0f3784a7ad243f540bbff12f1ea0fdd5) Importer(815301076,1909f56bfc062723c751e8b465ee728b)
Number of updated assets reloaded before import = 0
Start importing Assets/Idyllic Rome/Meshes/Nature/SM_bush_01.fbx using Guid(0f3784a7ad243f540bbff12f1ea0fdd5) Importer(815301076,1909f56bfc062723c751e8b465ee728b)  -> (artifact id: 'f7ed04d0d7ff57407ba5d0a91e5ddbea') in 0.029964 seconds 
Number of asset objects unloaded after import = 9
========================================================================
Received Import Request.
  Time since last request: 0.000021 seconds.
  path: Assets/Idyllic Rome/Meshes/Nature/SM_tree_03.fbx
  artifactKey: Guid(8bb06360eba31404485081ee8becc635) Importer(815301076,1909f56bfc062723c751e8b465ee728b)
Number of updated assets reloaded before import = 0
Start importing Assets/Idyllic Rome/Meshes/Nature/SM_tree_03.fbx using Guid(8bb06360eba31404485081ee8becc635) Importer(815301076,1909f56bfc062723c751e8b465ee728b)  -> (artifact id: 'ac2c5b3323a5f3bd278ed7356dc5be13') in 0.031330 seconds 
Number of asset objects unloaded after import = 9
========================================================================
Received Import Request.
  Time since last request: 0.000025 seconds.
  path: Assets/Idyllic Rome/Meshes/Nature/SM_rock_large_04.fbx
  artifactKey: Guid(16660323f17198c4398dbbf59c4ff2aa) Importer(815301076,1909f56bfc062723c751e8b465ee728b)
Number of updated assets reloaded before import = 0
Start importing Assets/Idyllic Rome/Meshes/Nature/SM_rock_large_04.fbx using Guid(16660323f17198c4398dbbf59c4ff2aa) Importer(815301076,1909f56bfc062723c751e8b465ee728b)  -> (artifact id: '3fbc0d8227d91d671f56ed142839ea16') in 0.024295 seconds 
Number of asset objects unloaded after import = 8
========================================================================
Received Import Request.
  Time since last request: 0.000030 seconds.
  path: Assets/Idyllic Rome/Meshes/Nature/SM_rocks_ground_01.fbx
  artifactKey: Guid(1f9cfd9900b73734eb9dcfbd32cbbb1b) Importer(815301076,1909f56bfc062723c751e8b465ee728b)
Number of updated assets reloaded before import = 0
Start importing Assets/Idyllic Rome/Meshes/Nature/SM_rocks_ground_01.fbx using Guid(1f9cfd9900b73734eb9dcfbd32cbbb1b) Importer(815301076,1909f56bfc062723c751e8b465ee728b)  -> (artifact id: 'af9ec153dce53014f791b0dabb074416') in 0.025932 seconds 
Number of asset objects unloaded after import = 8
========================================================================
Received Import Request.
  Time since last request: 0.382791 seconds.
  path: Assets/Idyllic Rome/Meshes/Props/SM_amphora_01.fbx
  artifactKey: Guid(099f67e53b864b149b7c96b818fa2296) Importer(815301076,1909f56bfc062723c751e8b465ee728b)
Number of updated assets reloaded before import = 0
Start importing Assets/Idyllic Rome/Meshes/Props/SM_amphora_01.fbx using Guid(099f67e53b864b149b7c96b818fa2296) Importer(815301076,1909f56bfc062723c751e8b465ee728b)  -> (artifact id: '1a89dc111a9c5d39e974e515c46d0a46') in 0.027881 seconds 
Number of asset objects unloaded after import = 8
========================================================================
Received Import Request.
  Time since last request: 0.000018 seconds.
  path: Assets/Idyllic Rome/Meshes/Props/SM_basket_empty.fbx
  artifactKey: Guid(411a24736c94e7c42ab8240f3aef669d) Importer(815301076,1909f56bfc062723c751e8b465ee728b)
Number of updated assets reloaded before import = 0
Start importing Assets/Idyllic Rome/Meshes/Props/SM_basket_empty.fbx using Guid(411a24736c94e7c42ab8240f3aef669d) Importer(815301076,1909f56bfc062723c751e8b465ee728b)  -> (artifact id: '2437957af15d62a1da6c794e534dfb36') in 0.023833 seconds 
Number of asset objects unloaded after import = 8
========================================================================
Received Import Request.
  Time since last request: 0.000036 seconds.
  path: Assets/Idyllic Rome/Meshes/Props/SM_banner_rome_02.fbx
  artifactKey: Guid(752305a0f26e4fb43bb8143e4ad51ae6) Importer(815301076,1909f56bfc062723c751e8b465ee728b)
Number of updated assets reloaded before import = 0
Start importing Assets/Idyllic Rome/Meshes/Props/SM_banner_rome_02.fbx using Guid(752305a0f26e4fb43bb8143e4ad51ae6) Importer(815301076,1909f56bfc062723c751e8b465ee728b)  -> (artifact id: '0b23da7899b6395281eb8a154d7e72b9') in 0.029472 seconds 
Number of asset objects unloaded after import = 9
========================================================================
Received Import Request.
  Time since last request: 0.000021 seconds.
  path: Assets/Idyllic Rome/Meshes/Props/SM_banner_rome_04.fbx
  artifactKey: Guid(28ea84ead035f994cb66f1b109147bb7) Importer(815301076,1909f56bfc062723c751e8b465ee728b)
Number of updated assets reloaded before import = 0
Start importing Assets/Idyllic Rome/Meshes/Props/SM_banner_rome_04.fbx using Guid(28ea84ead035f994cb66f1b109147bb7) Importer(815301076,1909f56bfc062723c751e8b465ee728b)  -> (artifact id: 'b4a7fa618a84938652d09193a9ae7c09') in 0.030446 seconds 
Number of asset objects unloaded after import = 9
========================================================================
Received Import Request.
  Time since last request: 0.000028 seconds.
  path: Assets/Idyllic Rome/Meshes/Props/SM_broncepot_01.fbx
  artifactKey: Guid(48031d7ee57b3694782f77c1301a2f7a) Importer(815301076,1909f56bfc062723c751e8b465ee728b)
Number of updated assets reloaded before import = 0
Start importing Assets/Idyllic Rome/Meshes/Props/SM_broncepot_01.fbx using Guid(48031d7ee57b3694782f77c1301a2f7a) Importer(815301076,1909f56bfc062723c751e8b465ee728b)  -> (artifact id: '281a6728f51438e099a1d31ac1a2c45a') in 0.023484 seconds 
Number of asset objects unloaded after import = 8
========================================================================
Received Import Request.
  Time since last request: 0.000018 seconds.
  path: Assets/Idyllic Rome/Meshes/Props/SM_barrel_01.fbx
  artifactKey: Guid(ce46326841531eb46b5a675759b6bb53) Importer(815301076,1909f56bfc062723c751e8b465ee728b)
Number of updated assets reloaded before import = 0
Start importing Assets/Idyllic Rome/Meshes/Props/SM_barrel_01.fbx using Guid(ce46326841531eb46b5a675759b6bb53) Importer(815301076,1909f56bfc062723c751e8b465ee728b)  -> (artifact id: 'edc0dcfd2068ba3bb6a29c1a6391f998') in 0.054775 seconds 
Number of asset objects unloaded after import = 10
========================================================================
Received Import Request.
  Time since last request: 9.106734 seconds.
  path: Assets/Idyllic Rome/Prefabs/Props/SM_broncevase_02.prefab
  artifactKey: Guid(bda9dbf9a50abb046a4bafb10eb4f60b) Importer(815301076,1909f56bfc062723c751e8b465ee728b)
Number of updated assets reloaded before import = 0
Start importing Assets/Idyllic Rome/Prefabs/Props/SM_broncevase_02.prefab using Guid(bda9dbf9a50abb046a4bafb10eb4f60b) Importer(815301076,1909f56bfc062723c751e8b465ee728b)  -> (artifact id: 'd27486def291a0eefb4572e36fa761ec') in 0.047227 seconds 
Number of asset objects unloaded after import = 12
========================================================================
Received Import Request.
  Time since last request: 0.018483 seconds.
  path: Assets/Idyllic Rome/Prefabs/Props/SM_candle_03.prefab
  artifactKey: Guid(8c5a67ed04b6a1346ba895bbd3c1827f) Importer(815301076,1909f56bfc062723c751e8b465ee728b)
Number of updated assets reloaded before import = 0
Start importing Assets/Idyllic Rome/Prefabs/Props/SM_candle_03.prefab using Guid(8c5a67ed04b6a1346ba895bbd3c1827f) Importer(815301076,1909f56bfc062723c751e8b465ee728b)  -> (artifact id: '063de91843b464dee8e182dd6c025054') in 0.056518 seconds 
Number of asset objects unloaded after import = 12
========================================================================
Received Import Request.
  Time since last request: 0.160343 seconds.
  path: Assets/Idyllic Rome/Prefabs/Props/SM_candle_05.prefab
  artifactKey: Guid(65abf6da2f956454ba5a41e86c14a12a) Importer(815301076,1909f56bfc062723c751e8b465ee728b)
Number of updated assets reloaded before import = 0
Start importing Assets/Idyllic Rome/Prefabs/Props/SM_candle_05.prefab using Guid(65abf6da2f956454ba5a41e86c14a12a) Importer(815301076,1909f56bfc062723c751e8b465ee728b)  -> (artifact id: '25d0baa94eb71e40484c6dee5f7c3b2a') in 0.055431 seconds 
Number of asset objects unloaded after import = 12
========================================================================
Received Import Request.
  Time since last request: 0.000017 seconds.
  path: Assets/Idyllic Rome/Prefabs/Props/SM_cloth_folded_01.prefab
  artifactKey: Guid(8d8681c64f22eb94da7037c289cebd77) Importer(815301076,1909f56bfc062723c751e8b465ee728b)
Number of updated assets reloaded before import = 0
Start importing Assets/Idyllic Rome/Prefabs/Props/SM_cloth_folded_01.prefab using Guid(8d8681c64f22eb94da7037c289cebd77) Importer(815301076,1909f56bfc062723c751e8b465ee728b)  -> (artifact id: 'ef3ee5f7390b28d21ae49d5f8e444a84') in 0.062845 seconds 
Number of asset objects unloaded after import = 12
========================================================================
Received Import Request.
  Time since last request: 0.146425 seconds.
  path: Assets/Idyllic Rome/Prefabs/Props/SM_cloth_folded_02.prefab
  artifactKey: Guid(c0f06c7f7135eff47ac734af8faaffc3) Importer(815301076,1909f56bfc062723c751e8b465ee728b)
Number of updated assets reloaded before import = 0
Start importing Assets/Idyllic Rome/Prefabs/Props/SM_cloth_folded_02.prefab using Guid(c0f06c7f7135eff47ac734af8faaffc3) Importer(815301076,1909f56bfc062723c751e8b465ee728b)  -> (artifact id: '80f4cc0a8014d44f790c216c51331ea1') in 0.053135 seconds 
Number of asset objects unloaded after import = 12
========================================================================
Received Import Request.
  Time since last request: 0.000020 seconds.
  path: Assets/Idyllic Rome/Prefabs/Props/SM_column_large_rome_01.prefab
  artifactKey: Guid(e5cc550b41473f04d8d2e976a2fdb390) Importer(815301076,1909f56bfc062723c751e8b465ee728b)
Number of updated assets reloaded before import = 0
Start importing Assets/Idyllic Rome/Prefabs/Props/SM_column_large_rome_01.prefab using Guid(e5cc550b41473f04d8d2e976a2fdb390) Importer(815301076,1909f56bfc062723c751e8b465ee728b)  -> (artifact id: '55f85b077c55d0272efd45cc016ce6de') in 0.076585 seconds 
Number of asset objects unloaded after import = 15
========================================================================
Received Import Request.
  Time since last request: 2.201231 seconds.
  path: Assets/Idyllic Rome/Prefabs/Props/SM_column_large_rome_02.prefab
  artifactKey: Guid(46ba17237365f654988672aa38878a5e) Importer(815301076,1909f56bfc062723c751e8b465ee728b)
Number of updated assets reloaded before import = 0
Start importing Assets/Idyllic Rome/Prefabs/Props/SM_column_large_rome_02.prefab using Guid(46ba17237365f654988672aa38878a5e) Importer(815301076,1909f56bfc062723c751e8b465ee728b)  -> (artifact id: 'f5a919374eda9f11860211841210a365') in 0.079510 seconds 
Number of asset objects unloaded after import = 15
========================================================================
Received Import Request.
  Time since last request: 0.000019 seconds.
  path: Assets/Idyllic Rome/Prefabs/Props/SM_crate_small_base.prefab
  artifactKey: Guid(a6c48a271e891da438184f6173f3e579) Importer(815301076,1909f56bfc062723c751e8b465ee728b)
Number of updated assets reloaded before import = 0
Start importing Assets/Idyllic Rome/Prefabs/Props/SM_crate_small_base.prefab using Guid(a6c48a271e891da438184f6173f3e579) Importer(815301076,1909f56bfc062723c751e8b465ee728b)  -> (artifact id: 'b4610c7a29123676220b52bdf3e02f37') in 0.052582 seconds 
Number of asset objects unloaded after import = 12
========================================================================
Received Import Request.
  Time since last request: 0.000053 seconds.
  path: Assets/Idyllic Rome/Prefabs/Props/SM_door_wooden_01.prefab
  artifactKey: Guid(a35346c2b74164e43a17d7aee6139a40) Importer(815301076,1909f56bfc062723c751e8b465ee728b)
Number of updated assets reloaded before import = 0
Start importing Assets/Idyllic Rome/Prefabs/Props/SM_door_wooden_01.prefab using Guid(a35346c2b74164e43a17d7aee6139a40) Importer(815301076,1909f56bfc062723c751e8b465ee728b)  -> (artifact id: '2b0f1386215aeb249e89e30699ae8170') in 0.140296 seconds 
Number of asset objects unloaded after import = 16
========================================================================
Received Import Request.
  Time since last request: 0.000022 seconds.
  path: Assets/Idyllic Rome/Prefabs/Props/SM_pottery_preset_02.prefab
  artifactKey: Guid(e5516e813161bbd4ebf45cc65b1ab6cd) Importer(815301076,1909f56bfc062723c751e8b465ee728b)
Number of updated assets reloaded before import = 0
Start importing Assets/Idyllic Rome/Prefabs/Props/SM_pottery_preset_02.prefab using Guid(e5516e813161bbd4ebf45cc65b1ab6cd) Importer(815301076,1909f56bfc062723c751e8b465ee728b)  -> (artifact id: '89ed552a40d9b1df82c723aeec9c3741') in 0.141831 seconds 
Number of asset objects unloaded after import = 15
========================================================================
Received Import Request.
  Time since last request: 0.000033 seconds.
  path: Assets/Idyllic Rome/Prefabs/Props/SM_fireplace.prefab
  artifactKey: Guid(64dc0f3a26ddb764eb900477e1c3357a) Importer(815301076,1909f56bfc062723c751e8b465ee728b)
Number of updated assets reloaded before import = 0
Start importing Assets/Idyllic Rome/Prefabs/Props/SM_fireplace.prefab using Guid(64dc0f3a26ddb764eb900477e1c3357a) Importer(815301076,1909f56bfc062723c751e8b465ee728b)  -> (artifact id: 'da3b6d1f0cb6fb73e8cb286860ac6914') in 0.075664 seconds 
Number of asset objects unloaded after import = 16
========================================================================
Received Import Request.
  Time since last request: 0.000027 seconds.
  path: Assets/Idyllic Rome/Prefabs/Props/SM_rope_hanging_cloth.prefab
  artifactKey: Guid(3efa34acc986c0f4c80da5139915163f) Importer(815301076,1909f56bfc062723c751e8b465ee728b)
Number of updated assets reloaded before import = 0
Start importing Assets/Idyllic Rome/Prefabs/Props/SM_rope_hanging_cloth.prefab using Guid(3efa34acc986c0f4c80da5139915163f) Importer(815301076,1909f56bfc062723c751e8b465ee728b)  -> (artifact id: '16ad19abb5cee7b26d2b045d3ba327c9') in 0.188163 seconds 
Number of asset objects unloaded after import = 19
========================================================================
Received Import Request.
  Time since last request: 0.000026 seconds.
  path: Assets/Idyllic Rome/Prefabs/Props/SM_fence_stone_01.prefab
  artifactKey: Guid(51f419e26a0c669448293fa1e887dda5) Importer(815301076,1909f56bfc062723c751e8b465ee728b)
Number of updated assets reloaded before import = 0
Start importing Assets/Idyllic Rome/Prefabs/Props/SM_fence_stone_01.prefab using Guid(51f419e26a0c669448293fa1e887dda5) Importer(815301076,1909f56bfc062723c751e8b465ee728b)  -> (artifact id: 'df8daf93d228d97cb1f2df6c368b94f2') in 0.060038 seconds 
Number of asset objects unloaded after import = 12
========================================================================
Received Import Request.
  Time since last request: 0.000020 seconds.
  path: Assets/Idyllic Rome/Prefabs/Props/SM_weaponstand_preset_01.prefab
  artifactKey: Guid(b1ad10cd8c6836e4fb66306d07bd6c4b) Importer(815301076,1909f56bfc062723c751e8b465ee728b)
Number of updated assets reloaded before import = 0
Start importing Assets/Idyllic Rome/Prefabs/Props/SM_weaponstand_preset_01.prefab using Guid(b1ad10cd8c6836e4fb66306d07bd6c4b) Importer(815301076,1909f56bfc062723c751e8b465ee728b)  -> (artifact id: 'ea9ad523242f04dacb775247610a2a7a') in 0.213866 seconds 
Number of asset objects unloaded after import = 16
========================================================================
Received Import Request.
  Time since last request: 0.000046 seconds.
  path: Assets/Idyllic Rome/Prefabs/Props/SM_shelf_02.prefab
  artifactKey: Guid(65df2ca531a3e11428abdebad06d6cc9) Importer(815301076,1909f56bfc062723c751e8b465ee728b)
Number of updated assets reloaded before import = 0
Start importing Assets/Idyllic Rome/Prefabs/Props/SM_shelf_02.prefab using Guid(65df2ca531a3e11428abdebad06d6cc9) Importer(815301076,1909f56bfc062723c751e8b465ee728b)  -> (artifact id: 'b83343c0019732172c07d18b06ad964d') in 0.125037 seconds 
Number of asset objects unloaded after import = 15
========================================================================
Received Import Request.
  Time since last request: 0.000034 seconds.
  path: Assets/Idyllic Rome/Prefabs/Props/SM_fence_wooden_preset_02.prefab
  artifactKey: Guid(d8675104b6167c340832a02445a42c0d) Importer(815301076,1909f56bfc062723c751e8b465ee728b)
Number of updated assets reloaded before import = 0
Start importing Assets/Idyllic Rome/Prefabs/Props/SM_fence_wooden_preset_02.prefab using Guid(d8675104b6167c340832a02445a42c0d) Importer(815301076,1909f56bfc062723c751e8b465ee728b)  -> (artifact id: '82f2a6a751062e6792d39ddba5a725b4') in 0.129071 seconds 
Number of asset objects unloaded after import = 12
========================================================================
Received Import Request.
  Time since last request: 0.000021 seconds.
  path: Assets/Idyllic Rome/Prefabs/Props/SM_staircase_02.prefab
  artifactKey: Guid(9d6a337dcd29c7c46af37bf77a98603d) Importer(815301076,1909f56bfc062723c751e8b465ee728b)
Number of updated assets reloaded before import = 0
Start importing Assets/Idyllic Rome/Prefabs/Props/SM_staircase_02.prefab using Guid(9d6a337dcd29c7c46af37bf77a98603d) Importer(815301076,1909f56bfc062723c751e8b465ee728b)  -> (artifact id: '3e86b11c92061abeafc61c34b740a3c9') in 0.166604 seconds 
Number of asset objects unloaded after import = 23
========================================================================
Received Import Request.
  Time since last request: 0.000095 seconds.
  path: Assets/Idyllic Rome/Prefabs/Props/SM_table_03.prefab
  artifactKey: Guid(efd92abc8ba9c114e92c55ef71a4ce04) Importer(815301076,1909f56bfc062723c751e8b465ee728b)
Number of updated assets reloaded before import = 0
Start importing Assets/Idyllic Rome/Prefabs/Props/SM_table_03.prefab using Guid(efd92abc8ba9c114e92c55ef71a4ce04) Importer(815301076,1909f56bfc062723c751e8b465ee728b)  -> (artifact id: '068ad6b03ba40b402f78cf96d2ae521c') in 0.115027 seconds 
Number of asset objects unloaded after import = 12
========================================================================
Received Import Request.
  Time since last request: 0.000018 seconds.
  path: Assets/Idyllic Rome/Prefabs/Props/SM_fruit_hanging_01.prefab
  artifactKey: Guid(0d68786879817c54f896f6ed47c6865f) Importer(815301076,1909f56bfc062723c751e8b465ee728b)
Number of updated assets reloaded before import = 0
Start importing Assets/Idyllic Rome/Prefabs/Props/SM_fruit_hanging_01.prefab using Guid(0d68786879817c54f896f6ed47c6865f) Importer(815301076,1909f56bfc062723c751e8b465ee728b)  -> (artifact id: '53f2ab9d715d22b0138e05b480174c61') in 0.120671 seconds 
Number of asset objects unloaded after import = 12
========================================================================
Received Import Request.
  Time since last request: 0.000020 seconds.
  path: Assets/Idyllic Rome/Prefabs/Props/SM_shelf_01.prefab
  artifactKey: Guid(1f1cf60b504cf0245a960d899efdc4c6) Importer(815301076,1909f56bfc062723c751e8b465ee728b)
Number of updated assets reloaded before import = 0
Start importing Assets/Idyllic Rome/Prefabs/Props/SM_shelf_01.prefab using Guid(1f1cf60b504cf0245a960d899efdc4c6) Importer(815301076,1909f56bfc062723c751e8b465ee728b)  -> (artifact id: 'ccdfe9e7d1650bf1769e56bd76be4ea2') in 0.115103 seconds 
Number of asset objects unloaded after import = 12
========================================================================
Received Import Request.
  Time since last request: 0.000025 seconds.
  path: Assets/Idyllic Rome/Prefabs/Props/SM_marketstand_03.prefab
  artifactKey: Guid(eb8834701bf8efd4e92424daa5c7d8e1) Importer(815301076,1909f56bfc062723c751e8b465ee728b)
Number of updated assets reloaded before import = 0
Start importing Assets/Idyllic Rome/Prefabs/Props/SM_marketstand_03.prefab using Guid(eb8834701bf8efd4e92424daa5c7d8e1) Importer(815301076,1909f56bfc062723c751e8b465ee728b)  -> (artifact id: '8f69c4a41469ba8a4cc8a82031d7b078') in 0.228164 seconds 
Number of asset objects unloaded after import = 16
========================================================================
Received Import Request.
  Time since last request: 0.000026 seconds.
  path: Assets/Idyllic Rome/Prefabs/Props/SM_pottery_preset_03.prefab
  artifactKey: Guid(9c781b9b2b90305429c9e257339fec07) Importer(815301076,1909f56bfc062723c751e8b465ee728b)
Number of updated assets reloaded before import = 0
Start importing Assets/Idyllic Rome/Prefabs/Props/SM_pottery_preset_03.prefab using Guid(9c781b9b2b90305429c9e257339fec07) Importer(815301076,1909f56bfc062723c751e8b465ee728b)  -> (artifact id: 'f698d296e3a326d21b913262a71c794d') in 0.173058 seconds 
Number of asset objects unloaded after import = 16
========================================================================
Received Import Request.
  Time since last request: 0.000029 seconds.
  path: Assets/Idyllic Rome/Prefabs/Props/SM_peach.prefab
  artifactKey: Guid(a3022e51cdebfc04dbb206a1557cb900) Importer(815301076,1909f56bfc062723c751e8b465ee728b)
Number of updated assets reloaded before import = 0
Start importing Assets/Idyllic Rome/Prefabs/Props/SM_peach.prefab using Guid(a3022e51cdebfc04dbb206a1557cb900) Importer(815301076,1909f56bfc062723c751e8b465ee728b)  -> (artifact id: 'dc25423638b802df64e5f513904ed624') in 0.151332 seconds 
Number of asset objects unloaded after import = 12
========================================================================
Received Import Request.
  Time since last request: 0.000027 seconds.
  path: Assets/Idyllic Rome/Prefabs/Props/SM_Scroll_02.prefab
  artifactKey: Guid(50bdcc4a958ef78489f729a730fdc402) Importer(815301076,1909f56bfc062723c751e8b465ee728b)
Number of updated assets reloaded before import = 0
Start importing Assets/Idyllic Rome/Prefabs/Props/SM_Scroll_02.prefab using Guid(50bdcc4a958ef78489f729a730fdc402) Importer(815301076,1909f56bfc062723c751e8b465ee728b)  -> (artifact id: '412e45c14bc4c376c4159df4cbad3c64') in 0.059766 seconds 
Number of asset objects unloaded after import = 12
Editor requested this worker to shutdown with reason: Scaling down because of idle timeout
AssetImportWorkerClient::OnTransportError - code=2 error=End of file
AssetImportWorker is now disconnected from the server
Process exiting
Exiting without the bug reporter. Application will terminate with return code 0