Using pre-set license
Built from '2021.3/staging' branch; Version is '2021.3.40f1 (6fcab7dbbbc1) revision 7326391'; Using compiler version '192829333'; Build Type 'Release'
OS: 'Windows 11  (10.0.22631) 64bit CoreCountrySpecific' Language: 'zh' Physical Memory: 16108 MB
BatchMode: 1, IsHumanControllingUs: 0, StartBugReporterOnCrash: 0, Is64bit: 1, IsPro: 1

COMMAND LINE ARGUMENTS:
D:\unity\2021.3.40f1\Editor\Unity.exe
-adb2
-batchMode
-noUpm
-name
AssetImportWorker2
-projectPath
D:/unity/prototype/7381-prototype
-logFile
Logs/AssetImportWorker2.log
-srvPort
58890
Successfully changed project path to: D:/unity/prototype/7381-prototype
D:/unity/prototype/7381-prototype
[UnityMemory] Configuration Parameters - Can be set up in boot.config
    "memorysetup-bucket-allocator-granularity=16"
    "memorysetup-bucket-allocator-bucket-count=8"
    "memorysetup-bucket-allocator-block-size=33554432"
    "memorysetup-bucket-allocator-block-count=8"
    "memorysetup-main-allocator-block-size=16777216"
    "memorysetup-thread-allocator-block-size=16777216"
    "memorysetup-gfx-main-allocator-block-size=16777216"
    "memorysetup-gfx-thread-allocator-block-size=16777216"
    "memorysetup-cache-allocator-block-size=4194304"
    "memorysetup-typetree-allocator-block-size=2097152"
    "memorysetup-profiler-bucket-allocator-granularity=16"
    "memorysetup-profiler-bucket-allocator-bucket-count=8"
    "memorysetup-profiler-bucket-allocator-block-size=33554432"
    "memorysetup-profiler-bucket-allocator-block-count=8"
    "memorysetup-profiler-allocator-block-size=16777216"
    "memorysetup-profiler-editor-allocator-block-size=1048576"
    "memorysetup-temp-allocator-size-main=16777216"
    "memorysetup-job-temp-allocator-block-size=2097152"
    "memorysetup-job-temp-allocator-block-size-background=1048576"
    "memorysetup-job-temp-allocator-reduction-small-platforms=262144"
    "memorysetup-temp-allocator-size-background-worker=32768"
    "memorysetup-temp-allocator-size-job-worker=262144"
    "memorysetup-temp-allocator-size-preload-manager=33554432"
    "memorysetup-temp-allocator-size-nav-mesh-worker=65536"
    "memorysetup-temp-allocator-size-audio-worker=65536"
    "memorysetup-temp-allocator-size-cloud-worker=32768"
    "memorysetup-temp-allocator-size-gi-baking-worker=262144"
    "memorysetup-temp-allocator-size-gfx=262144"
Player connection [2464] Host "[IP] 10.70.92.119 [Port] 0 [Flags] 2 [Guid] 1191694004 [EditorId] 1191694004 [Version] 1048832 [Id] WindowsEditor(7,LAPTOP-SGLN2ASP) [Debug] 1 [PackageName] WindowsEditor [ProjectName] Editor" joined multi-casting on [225.0.0.222:54997]...

Player connection [2464] Host "[IP] 10.70.92.119 [Port] 0 [Flags] 2 [Guid] 1191694004 [EditorId] 1191694004 [Version] 1048832 [Id] WindowsEditor(7,LAPTOP-SGLN2ASP) [Debug] 1 [PackageName] WindowsEditor [ProjectName] Editor" joined alternative multi-casting on [225.0.0.222:34997]...

[Physics::Module] Initialized MultithreadedJobDispatcher with {0} workers.
Refreshing native plugins compatible for Editor in 115.39 ms, found 13 plugins.
Preloading 3 native plugins for Editor in 2.68 ms.
Initialize engine version: 2021.3.40f1 (6fcab7dbbbc1)
[Subsystems] Discovering subsystems at path D:/unity/2021.3.40f1/Editor/Data/Resources/UnitySubsystems
[Subsystems] Discovering subsystems at path D:/unity/prototype/7381-prototype/Assets
GfxDevice: creating device client; threaded=0; jobified=0
Direct3D:
    Version:  Direct3D 11.0 [level 11.1]
    Renderer: NVIDIA GeForce RTX 3060 Laptop GPU (ID=0x2560)
    Vendor:   NVIDIA
    VRAM:     5996 MB
    Driver:   31.0.15.5123
Shader 'Meta/MRUK/Scene/HighlightsAndShadows': fallback shader 'Off' not found
Shader 'Oculus/OVRMRCameraFrameLit': fallback shader 'Alpha-Diffuse' not found
Initialize mono
Mono path[0] = 'D:/unity/2021.3.40f1/Editor/Data/Managed'
Mono path[1] = 'D:/unity/2021.3.40f1/Editor/Data/MonoBleedingEdge/lib/mono/unityjit-win32'
Mono config path = 'D:/unity/2021.3.40f1/Editor/Data/MonoBleedingEdge/etc'
Using monoOptions --debugger-agent=transport=dt_socket,embedding=1,server=y,suspend=n,address=127.0.0.1:56108
Begin MonoManager ReloadAssembly
Registering precompiled unity dll's ...
Register platform support module: D:/unity/2021.3.40f1/Editor/Data/PlaybackEngines/AndroidPlayer/UnityEditor.Android.Extensions.dll
Register platform support module: D:/unity/2021.3.40f1/Editor/Data/PlaybackEngines/WindowsStandaloneSupport/UnityEditor.WindowsStandalone.Extensions.dll
Registered in 0.001442 seconds.
Native extension for WindowsStandalone target not found
Native extension for Android target not found
Android Extension - Scanning For ADB Devices 402 ms
Refreshing native plugins compatible for Editor in 124.32 ms, found 13 plugins.
Preloading 3 native plugins for Editor in 0.09 ms.
Mono: successfully reloaded assembly
- Completed reload, in  1.068 seconds
Domain Reload Profiling:
	ReloadAssembly (1068ms)
		BeginReloadAssembly (109ms)
			ExecutionOrderSort (0ms)
			DisableScriptedObjects (0ms)
			BackupInstance (0ms)
			ReleaseScriptingObjects (0ms)
			CreateAndSetChildDomain (1ms)
		EndReloadAssembly (888ms)
			LoadAssemblies (109ms)
			RebuildTransferFunctionScriptingTraits (0ms)
			SetupTypeCache (93ms)
			ReleaseScriptCaches (0ms)
			RebuildScriptCaches (21ms)
			SetupLoadedEditorAssemblies (742ms)
				LogAssemblyErrors (0ms)
				InitializePlatformSupportModulesInManaged (484ms)
				SetLoadedEditorAssemblies (0ms)
				RefreshPlugins (124ms)
				BeforeProcessingInitializeOnLoad (1ms)
				ProcessInitializeOnLoadAttributes (91ms)
				ProcessInitializeOnLoadMethodAttributes (42ms)
				AfterProcessingInitializeOnLoad (0ms)
				EditorAssembliesLoaded (0ms)
			ExecutionOrderSort2 (0ms)
			AwakeInstancesAfterBackupRestoration (0ms)
Platform modules already initialized, skipping
Registering precompiled user dll's ...
Registered in 0.005583 seconds.
Begin MonoManager ReloadAssembly
Native extension for WindowsStandalone target not found
Native extension for Android target not found
Refreshing native plugins compatible for Editor in 93.22 ms, found 13 plugins.
Preloading 3 native plugins for Editor in 0.10 ms.
Package Manager log level set to [2]
[Package Manager] Server::EnsureServerProcessIsRunning -- launch failed, reason: Unity was launched with the -noUpm command-line argument
[Package Manager] Cannot connect to Unity Package Manager local server
[Package Manager] Server::EnsureServerProcessIsRunning -- launch failed, reason: Unity was launched with the -noUpm command-line argument
[Package Manager] Cannot connect to Unity Package Manager local server
[Package Manager] Server::EnsureServerProcessIsRunning -- launch failed, reason: Unity was launched with the -noUpm command-line argument
[Package Manager] Cannot connect to Unity Package Manager local server
System.Reflection.TargetInvocationException: Exception has been thrown by the target of an invocation. ---> System.NullReferenceException: Object reference not set to an instance of an object
  at Unity.XR.Oculus.OculusLoader.AssetPathToAbsolutePath (System.String assetPath) [0x0003d] in D:\unity\prototype\7381-prototype\Library\PackageCache\com.unity.xr.oculus@3.4.0\Runtime\OculusLoader.cs:287 
  at Unity.XR.Oculus.OculusLoader.EditorLoadOVRPlugin () [0x00084] in D:\unity\prototype\7381-prototype\Library\PackageCache\com.unity.xr.oculus@3.4.0\Runtime\OculusLoader.cs:272 
  at (wrapper managed-to-native) System.Reflection.RuntimeMethodInfo.InternalInvoke(System.Reflection.RuntimeMethodInfo,object,object[],System.Exception&)
  at System.Reflection.RuntimeMethodInfo.Invoke (System.Object obj, System.Reflection.BindingFlags invokeAttr, System.Reflection.Binder binder, System.Object[] parameters, System.Globalization.CultureInfo culture) [0x0006a] in <3aa98f447c32440abc2affef8f2fd6a0>:0 
   --- End of inner exception stack trace ---
  at System.Reflection.RuntimeMethodInfo.Invoke (System.Object obj, System.Reflection.BindingFlags invokeAttr, System.Reflection.Binder binder, System.Object[] parameters, System.Globalization.CultureInfo culture) [0x00083] in <3aa98f447c32440abc2affef8f2fd6a0>:0 
  at System.Reflection.MethodBase.Invoke (System.Object obj, System.Object[] parameters) [0x00000] in <3aa98f447c32440abc2affef8f2fd6a0>:0 
  at UnityEditor.EditorAssemblies.ProcessInitializeOnLoadMethodAttributes () [0x000a5] in <58158fa5247e42af9544990ea0885e7f>:0 
UnityEngine.StackTraceUtility:ExtractStackTrace ()
UnityEngine.DebugLogHandler:LogFormat (UnityEngine.LogType,UnityEngine.Object,string,object[])
UnityEngine.Logger:Log (UnityEngine.LogType,object)
UnityEngine.Debug:LogError (object)
UnityEditor.EditorAssemblies:ProcessInitializeOnLoadMethodAttributes ()

Mono: successfully reloaded assembly
- Completed reload, in  1.250 seconds
Domain Reload Profiling:
	ReloadAssembly (1251ms)
		BeginReloadAssembly (117ms)
			ExecutionOrderSort (0ms)
			DisableScriptedObjects (4ms)
			BackupInstance (0ms)
			ReleaseScriptingObjects (0ms)
			CreateAndSetChildDomain (15ms)
		EndReloadAssembly (1063ms)
			LoadAssemblies (121ms)
			RebuildTransferFunctionScriptingTraits (0ms)
			SetupTypeCache (228ms)
			ReleaseScriptCaches (1ms)
			RebuildScriptCaches (61ms)
			SetupLoadedEditorAssemblies (663ms)
				LogAssemblyErrors (0ms)
				InitializePlatformSupportModulesInManaged (13ms)
				SetLoadedEditorAssemblies (0ms)
				RefreshPlugins (93ms)
				BeforeProcessingInitializeOnLoad (75ms)
				ProcessInitializeOnLoadAttributes (464ms)
				ProcessInitializeOnLoadMethodAttributes (16ms)
				AfterProcessingInitializeOnLoad (2ms)
				EditorAssembliesLoaded (0ms)
			ExecutionOrderSort2 (0ms)
			AwakeInstancesAfterBackupRestoration (8ms)
Platform modules already initialized, skipping
========================================================================
Worker process is ready to serve import requests
Shader 'SH_Vefects_VFX_URP_Fire_Flames_01': fallback shader 'Hidden/Shader Graph/FallbackError' not found
Shader 'SH_Vefects_VFX_URP_Heat_Haze_01': fallback shader 'Hidden/Shader Graph/FallbackError' not found
Shader 'SH_Vefects_VFX_URP_Particles_Erosion_01': fallback shader 'Hidden/Shader Graph/FallbackError' not found
Shader 'Oculus/OVRMRCameraFrameLit': fallback shader 'Alpha-Diffuse' not found
Shader 'SH_Vefects_VFX_URP_Particles_Erosion_01': fallback shader 'Hidden/Shader Graph/FallbackError' not found
Shader 'Meta/MRUK/Scene/HighlightsAndShadows': fallback shader 'Off' not found
Shader 'SH_Vefects_VFX_URP_Heat_Haze_01': fallback shader 'Hidden/Shader Graph/FallbackError' not found
Shader 'SH_Vefects_VFX_URP_Fire_Flames_01': fallback shader 'Hidden/Shader Graph/FallbackError' not found
Launched and connected shader compiler UnityShaderCompiler.exe after 0.05 seconds
Refreshing native plugins compatible for Editor in 2.05 ms, found 13 plugins.
Preloading 3 native plugins for Editor in 0.19 ms.
Unloading 5253 Unused Serialized files (Serialized files now loaded: 0)
Unloading 66 unused Assets / (0.7 MB). Loaded Objects now: 5717.
Memory consumption went from 242.7 MB to 242.0 MB.
Total: 3.363900 ms (FindLiveObjects: 0.304900 ms CreateObjectMapping: 0.188100 ms MarkObjects: 2.702100 ms  DeleteObjects: 0.167800 ms)

AssetImportParameters requested are different than current active one (requested -> active):
  custom:video-decoder-ogg-theora: a1e56fd34408186e4bbccfd4996cb3dc -> 
  custom:container-muxer-webm: aa71ff27fc2769a1b78a27578f13a17b -> 
  custom:container-demuxer-webm: 4f35f7cbe854078d1ac9338744f61a02 -> 
  custom:video-encoder-webm-vp8: eb34c28f22e8b96e1ab97ce403110664 -> 
  custom:video-codec-MediaFoundation-h265: 746d11721c4dcdbdad8f713fa42b33f4 -> 
  custom:CustomObjectIndexerAttribute: bc11b3a6c3213fcdd17b65e7da85e133 -> 
  custom:audio-encoder-webm-vorbis: bf7c407c2cedff20999df2af8eb42d56 -> 
  custom:framework-win-MediaFoundation: 216162199b28c13a410421893ffa2e32 -> 
  custom:SearchIndexIgnoredProperties: e643bd26f0fe6173181afceb89e7c659 -> 
  custom:container-demuxer-ogg: 62fdf1f143b41e24485cea50d1cbac27 -> 
  custom:video-decoder-webm-vp8: 9c59270c3fd7afecdb556c50c9e8de78 -> 
  custom:audio-decoder-ogg-vorbis: bf7c407c2cedff20999df2af8eb42d56 -> 
========================================================================
Received Import Request.
  Time since last request: 14202.026627 seconds.
  path: Assets/Idyllic Rome/Materials/Terrain/LayerDirt.terrainlayer
  artifactKey: Guid(a7e4597b302e8e64f9a6c897d42ab7b7) Importer(815301076,1909f56bfc062723c751e8b465ee728b)
Number of updated assets reloaded before import = 0
Start importing Assets/Idyllic Rome/Materials/Terrain/LayerDirt.terrainlayer using Guid(a7e4597b302e8e64f9a6c897d42ab7b7) Importer(815301076,1909f56bfc062723c751e8b465ee728b)  -> (artifact id: '75c537fba0ff2db40999b04e9ffbf7c1') in 0.117155 seconds 
Number of asset objects unloaded after import = 4
========================================================================
Received Import Request.
  Time since last request: 1.273357 seconds.
  path: Assets/Idyllic Rome/Prefabs/Buildings/SM_house_building_01 (1).prefab
  artifactKey: Guid(ef5d7f0c76ff10c4bafba9dcc52379b2) Importer(815301076,1909f56bfc062723c751e8b465ee728b)
Number of updated assets reloaded before import = 0
Start importing Assets/Idyllic Rome/Prefabs/Buildings/SM_house_building_01 (1).prefab using Guid(ef5d7f0c76ff10c4bafba9dcc52379b2) Importer(815301076,1909f56bfc062723c751e8b465ee728b)  -> (artifact id: '9835a8200571da0491195fccd55df16b') in 0.403197 seconds 
Number of asset objects unloaded after import = 34
========================================================================
Received Import Request.
  Time since last request: 0.000021 seconds.
  path: Assets/Idyllic Rome/Prefabs/Buildings/SM_insulae_building_07 (1).prefab
  artifactKey: Guid(b40aaef24c5adf341af3ce057a305198) Importer(815301076,1909f56bfc062723c751e8b465ee728b)
Number of updated assets reloaded before import = 0
Start importing Assets/Idyllic Rome/Prefabs/Buildings/SM_insulae_building_07 (1).prefab using Guid(b40aaef24c5adf341af3ce057a305198) Importer(815301076,1909f56bfc062723c751e8b465ee728b)  -> (artifact id: 'd33bf2e6a4a7de6a799f7a20020b6400') in 0.588049 seconds 
Number of asset objects unloaded after import = 61
========================================================================
Received Import Request.
  Time since last request: 0.000036 seconds.
  path: Assets/Idyllic Rome/Prefabs/Buildings/SM_insulae_building_07.prefab
  artifactKey: Guid(7918a75ae636eb44587cc6f5efcf486d) Importer(815301076,1909f56bfc062723c751e8b465ee728b)
Number of updated assets reloaded before import = 0
Start importing Assets/Idyllic Rome/Prefabs/Buildings/SM_insulae_building_07.prefab using Guid(7918a75ae636eb44587cc6f5efcf486d) Importer(815301076,1909f56bfc062723c751e8b465ee728b)  -> (artifact id: '532d51aa6539b2ac2c8cf9746274a828') in 0.506564 seconds 
Number of asset objects unloaded after import = 60
========================================================================
Received Import Request.
  Time since last request: 0.000019 seconds.
  path: Assets/Idyllic Rome/Prefabs/Buildings/SM_insulae_building_08.prefab
  artifactKey: Guid(7eb71292c05a1b44fad058caf089725a) Importer(815301076,1909f56bfc062723c751e8b465ee728b)
Number of updated assets reloaded before import = 0
Start importing Assets/Idyllic Rome/Prefabs/Buildings/SM_insulae_building_08.prefab using Guid(7eb71292c05a1b44fad058caf089725a) Importer(815301076,1909f56bfc062723c751e8b465ee728b)  -> (artifact id: '2ec88f0cbe69279a81533edfe3e8dac2') in 0.444699 seconds 
Number of asset objects unloaded after import = 46
========================================================================
Received Import Request.
  Time since last request: 0.000030 seconds.
  path: Assets/Idyllic Rome/Prefabs/Buildings/SM_insulae_building_04 (1).prefab
  artifactKey: Guid(da03371121fa8cf4495738f37a7f56ae) Importer(815301076,1909f56bfc062723c751e8b465ee728b)
Number of updated assets reloaded before import = 0
Start importing Assets/Idyllic Rome/Prefabs/Buildings/SM_insulae_building_04 (1).prefab using Guid(da03371121fa8cf4495738f37a7f56ae) Importer(815301076,1909f56bfc062723c751e8b465ee728b)  -> (artifact id: '2522f1f3f3890f277aea478581edb5b0') in 0.262776 seconds 
Number of asset objects unloaded after import = 38
========================================================================
Received Import Request.
  Time since last request: 5.971695 seconds.
  path: Assets/Idyllic Rome/Prefabs/Nature/SM_grass_patch.prefab
  artifactKey: Guid(b10f768c5dbf9c848965abb39a4fa062) Importer(815301076,1909f56bfc062723c751e8b465ee728b)
Number of updated assets reloaded before import = 0
Start importing Assets/Idyllic Rome/Prefabs/Nature/SM_grass_patch.prefab using Guid(b10f768c5dbf9c848965abb39a4fa062) Importer(815301076,1909f56bfc062723c751e8b465ee728b)  -> (artifact id: 'ee1a3f320d8263d49430e21444a0c8b5') in 0.174545 seconds 
Number of asset objects unloaded after import = 9
========================================================================
Received Import Request.
  Time since last request: 0.000020 seconds.
  path: Assets/Idyllic Rome/Prefabs/Nature/SM_rocks_stack_02.prefab
  artifactKey: Guid(9e8169ff31956f440a2e732d292b51b5) Importer(815301076,1909f56bfc062723c751e8b465ee728b)
Number of updated assets reloaded before import = 0
Start importing Assets/Idyllic Rome/Prefabs/Nature/SM_rocks_stack_02.prefab using Guid(9e8169ff31956f440a2e732d292b51b5) Importer(815301076,1909f56bfc062723c751e8b465ee728b)  -> (artifact id: '77efaf1cbfc9ec24a859bae7c0896c2d') in 0.056564 seconds 
Number of asset objects unloaded after import = 12
========================================================================
Received Import Request.
  Time since last request: 0.000028 seconds.
  path: Assets/Idyllic Rome/Prefabs/Nature/SM_tree_03.prefab
  artifactKey: Guid(c58d2c3c52916334f8d70c67709a4d17) Importer(815301076,1909f56bfc062723c751e8b465ee728b)
Number of updated assets reloaded before import = 0
Start importing Assets/Idyllic Rome/Prefabs/Nature/SM_tree_03.prefab using Guid(c58d2c3c52916334f8d70c67709a4d17) Importer(815301076,1909f56bfc062723c751e8b465ee728b)  -> (artifact id: 'f17d3065e861ada2f63d692aa07856ce') in 0.647990 seconds 
Number of asset objects unloaded after import = 13
========================================================================
Received Import Request.
  Time since last request: 0.685105 seconds.
  path: Assets/Idyllic Rome/Prefabs/Props/SM_amphora_02.prefab
  artifactKey: Guid(8c11403142676f24099527ad0d69429e) Importer(815301076,1909f56bfc062723c751e8b465ee728b)
Number of updated assets reloaded before import = 0
Start importing Assets/Idyllic Rome/Prefabs/Props/SM_amphora_02.prefab using Guid(8c11403142676f24099527ad0d69429e) Importer(815301076,1909f56bfc062723c751e8b465ee728b)  -> (artifact id: '98acc908c7cfb4753f2f722575f5dbeb') in 0.164104 seconds 
Number of asset objects unloaded after import = 12
========================================================================
Received Import Request.
  Time since last request: 0.000023 seconds.
  path: Assets/Idyllic Rome/Prefabs/Props/SM_banner_rome_04.prefab
  artifactKey: Guid(86d561509ea1df640a53b5b6e089454b) Importer(815301076,1909f56bfc062723c751e8b465ee728b)
Number of updated assets reloaded before import = 0
Start importing Assets/Idyllic Rome/Prefabs/Props/SM_banner_rome_04.prefab using Guid(86d561509ea1df640a53b5b6e089454b) Importer(815301076,1909f56bfc062723c751e8b465ee728b)  -> (artifact id: '48e531d9a754d9e237e6a7a04e6947ef') in 0.110820 seconds 
Number of asset objects unloaded after import = 15
========================================================================
Received Import Request.
  Time since last request: 0.000027 seconds.
  path: Assets/Idyllic Rome/Prefabs/Props/SM_broncevase_01.prefab
  artifactKey: Guid(c02fe97ab7cc4ba4ca1e11f91c757e1a) Importer(815301076,1909f56bfc062723c751e8b465ee728b)
Number of updated assets reloaded before import = 0
Start importing Assets/Idyllic Rome/Prefabs/Props/SM_broncevase_01.prefab using Guid(c02fe97ab7cc4ba4ca1e11f91c757e1a) Importer(815301076,1909f56bfc062723c751e8b465ee728b)  -> (artifact id: '33fc285c27ce1a620b183211d6d457f8') in 0.057030 seconds 
Number of asset objects unloaded after import = 12
========================================================================
Received Import Request.
  Time since last request: 0.000022 seconds.
  path: Assets/Idyllic Rome/Prefabs/Props/SM_basket_empty.prefab
  artifactKey: Guid(915a9c3af982f7e4d82322ec0d567b14) Importer(815301076,1909f56bfc062723c751e8b465ee728b)
Number of updated assets reloaded before import = 0
Start importing Assets/Idyllic Rome/Prefabs/Props/SM_basket_empty.prefab using Guid(915a9c3af982f7e4d82322ec0d567b14) Importer(815301076,1909f56bfc062723c751e8b465ee728b)  -> (artifact id: 'd30e854832e8865d4046f154a315cfaf') in 0.061350 seconds 
Number of asset objects unloaded after import = 12
========================================================================
Received Import Request.
  Time since last request: 0.000023 seconds.
  path: Assets/Idyllic Rome/Prefabs/Props/SM_broncepot_01.prefab
  artifactKey: Guid(d7b628f7127fe7941bfd66da118bf820) Importer(815301076,1909f56bfc062723c751e8b465ee728b)
Number of updated assets reloaded before import = 0
Start importing Assets/Idyllic Rome/Prefabs/Props/SM_broncepot_01.prefab using Guid(d7b628f7127fe7941bfd66da118bf820) Importer(815301076,1909f56bfc062723c751e8b465ee728b)  -> (artifact id: 'a7c0b51f7206c78fbc9625ca42d84233') in 0.058482 seconds 
Number of asset objects unloaded after import = 12
========================================================================
Received Import Request.
  Time since last request: 0.000038 seconds.
  path: Assets/Idyllic Rome/Prefabs/Props/SM_barrel_01.prefab
  artifactKey: Guid(d2631035673b58d4ab320a13e5026418) Importer(815301076,1909f56bfc062723c751e8b465ee728b)
Number of updated assets reloaded before import = 0
Start importing Assets/Idyllic Rome/Prefabs/Props/SM_barrel_01.prefab using Guid(d2631035673b58d4ab320a13e5026418) Importer(815301076,1909f56bfc062723c751e8b465ee728b)  -> (artifact id: 'a5288468c0db9a61ccf3c2abe3443670') in 0.147339 seconds 
Number of asset objects unloaded after import = 16
========================================================================
Received Import Request.
  Time since last request: 0.000039 seconds.
  path: Assets/Idyllic Rome/Prefabs/Props/SM_bread_01.prefab
  artifactKey: Guid(9185fa22f6cb0d442a819f4cf33900b5) Importer(815301076,1909f56bfc062723c751e8b465ee728b)
Number of updated assets reloaded before import = 0
Start importing Assets/Idyllic Rome/Prefabs/Props/SM_bread_01.prefab using Guid(9185fa22f6cb0d442a819f4cf33900b5) Importer(815301076,1909f56bfc062723c751e8b465ee728b)  -> (artifact id: '63f18001e27c968bdb9843cc91c1bead') in 0.126776 seconds 
Number of asset objects unloaded after import = 12
========================================================================
Received Import Request.
  Time since last request: 11.160199 seconds.
  path: Assets/Idyllic Rome/Meshes/Buildings/SM_house_building_01.fbx
  artifactKey: Guid(6706f22c06c455b4186d007376a95caa) Importer(815301076,1909f56bfc062723c751e8b465ee728b)
Number of updated assets reloaded before import = 0
Start importing Assets/Idyllic Rome/Meshes/Buildings/SM_house_building_01.fbx using Guid(6706f22c06c455b4186d007376a95caa) Importer(815301076,1909f56bfc062723c751e8b465ee728b)  -> (artifact id: '7b8f4dbb9725996fc37dffc68e503ca3') in 0.091802 seconds 
Number of asset objects unloaded after import = 15
========================================================================
Received Import Request.
  Time since last request: 0.000020 seconds.
  path: Assets/Idyllic Rome/Meshes/Buildings/SM_triumphal_arch.fbx
  artifactKey: Guid(e390d835b3bb7fe408da45a96cd0a4e1) Importer(815301076,1909f56bfc062723c751e8b465ee728b)
Number of updated assets reloaded before import = 0
Start importing Assets/Idyllic Rome/Meshes/Buildings/SM_triumphal_arch.fbx using Guid(e390d835b3bb7fe408da45a96cd0a4e1) Importer(815301076,1909f56bfc062723c751e8b465ee728b)  -> (artifact id: 'b52222742e0de8ef84d7acbfccf5d151') in 0.053603 seconds 
Number of asset objects unloaded after import = 14
========================================================================
Received Import Request.
  Time since last request: 0.000026 seconds.
  path: Assets/Idyllic Rome/Meshes/Buildings/SM_temple_rome.fbx
  artifactKey: Guid(1717d936ed384524da0a8baddb7cfd72) Importer(815301076,1909f56bfc062723c751e8b465ee728b)
Number of updated assets reloaded before import = 0
Start importing Assets/Idyllic Rome/Meshes/Buildings/SM_temple_rome.fbx using Guid(1717d936ed384524da0a8baddb7cfd72) Importer(815301076,1909f56bfc062723c751e8b465ee728b)  -> (artifact id: 'fb71d36b2cb614493379d96f262b8258') in 0.080005 seconds 
Number of asset objects unloaded after import = 20
========================================================================
Received Import Request.
  Time since last request: 0.000018 seconds.
  path: Assets/Idyllic Rome/Meshes/Buildings/SM_insulae_building_08.fbx
  artifactKey: Guid(ee2bb520e7cfe1742acfe3876997ab8d) Importer(815301076,1909f56bfc062723c751e8b465ee728b)
Number of updated assets reloaded before import = 0
Start importing Assets/Idyllic Rome/Meshes/Buildings/SM_insulae_building_08.fbx using Guid(ee2bb520e7cfe1742acfe3876997ab8d) Importer(815301076,1909f56bfc062723c751e8b465ee728b)  -> (artifact id: 'c41c4d415dee2a2a8f8aa79e0f401adc') in 0.116759 seconds 
Number of asset objects unloaded after import = 22
========================================================================
Received Import Request.
  Time since last request: 2.436474 seconds.
  path: Assets/Idyllic Rome/Meshes/Nature/SM_grass_patch.fbx
  artifactKey: Guid(cf9a8a6bdb74a2d449118e7c4c58f30d) Importer(815301076,1909f56bfc062723c751e8b465ee728b)
Number of updated assets reloaded before import = 0
Start importing Assets/Idyllic Rome/Meshes/Nature/SM_grass_patch.fbx using Guid(cf9a8a6bdb74a2d449118e7c4c58f30d) Importer(815301076,1909f56bfc062723c751e8b465ee728b)  -> (artifact id: '36ad7a0d777d517a9c35ffa260b48143') in 0.030631 seconds 
Number of asset objects unloaded after import = 9
========================================================================
Received Import Request.
  Time since last request: 0.000020 seconds.
  path: Assets/Idyllic Rome/Meshes/Nature/SM_rock_small_01.fbx
  artifactKey: Guid(b2026a789d42dbd4abce00c29e6507fd) Importer(815301076,1909f56bfc062723c751e8b465ee728b)
Number of updated assets reloaded before import = 0
Start importing Assets/Idyllic Rome/Meshes/Nature/SM_rock_small_01.fbx using Guid(b2026a789d42dbd4abce00c29e6507fd) Importer(815301076,1909f56bfc062723c751e8b465ee728b)  -> (artifact id: '12e21270eb19b8e8bfd226f0b7001122') in 0.025029 seconds 
Number of asset objects unloaded after import = 8
========================================================================
Received Import Request.
  Time since last request: 0.000025 seconds.
  path: Assets/Idyllic Rome/Meshes/Nature/SM_tree_01.fbx
  artifactKey: Guid(21fabfd3ddd07e541ade7a83d4a933d4) Importer(815301076,1909f56bfc062723c751e8b465ee728b)
Number of updated assets reloaded before import = 0
Start importing Assets/Idyllic Rome/Meshes/Nature/SM_tree_01.fbx using Guid(21fabfd3ddd07e541ade7a83d4a933d4) Importer(815301076,1909f56bfc062723c751e8b465ee728b)  -> (artifact id: 'd1f52a2b63e6e684bbe42a6ace46ea54') in 0.030693 seconds 
Number of asset objects unloaded after import = 9
========================================================================
Received Import Request.
  Time since last request: 0.410802 seconds.
  path: Assets/Idyllic Rome/Meshes/Props/SM_amphora_02.fbx
  artifactKey: Guid(76b2fac11046d384589153ceb65d4014) Importer(815301076,1909f56bfc062723c751e8b465ee728b)
Number of updated assets reloaded before import = 0
Start importing Assets/Idyllic Rome/Meshes/Props/SM_amphora_02.fbx using Guid(76b2fac11046d384589153ceb65d4014) Importer(815301076,1909f56bfc062723c751e8b465ee728b)  -> (artifact id: '88e0209786cc2208aacbd38657af0663') in 0.027514 seconds 
Number of asset objects unloaded after import = 8
========================================================================
Received Import Request.
  Time since last request: 0.000019 seconds.
  path: Assets/Idyllic Rome/Meshes/Props/SM_chair.fbx
  artifactKey: Guid(04626a5a096d971469c3ae32aafdea39) Importer(815301076,1909f56bfc062723c751e8b465ee728b)
Number of updated assets reloaded before import = 0
Start importing Assets/Idyllic Rome/Meshes/Props/SM_chair.fbx using Guid(04626a5a096d971469c3ae32aafdea39) Importer(815301076,1909f56bfc062723c751e8b465ee728b)  -> (artifact id: '8bfde903d87473b746c4ac8319ebecb1') in 0.058022 seconds 
Number of asset objects unloaded after import = 9
========================================================================
Received Import Request.
  Time since last request: 0.000022 seconds.
  path: Assets/Idyllic Rome/Meshes/Props/SM_banner_rome_03.fbx
  artifactKey: Guid(b119691968bebbd45a28ff2968ad7bc1) Importer(815301076,1909f56bfc062723c751e8b465ee728b)
Number of updated assets reloaded before import = 0
Start importing Assets/Idyllic Rome/Meshes/Props/SM_banner_rome_03.fbx using Guid(b119691968bebbd45a28ff2968ad7bc1) Importer(815301076,1909f56bfc062723c751e8b465ee728b)  -> (artifact id: 'd62f87338c5ba7ba79c21b5923745a88') in 0.030538 seconds 
Number of asset objects unloaded after import = 9
========================================================================
Received Import Request.
  Time since last request: 0.000017 seconds.
  path: Assets/Idyllic Rome/Meshes/Props/SM_basket_fruit_01.fbx
  artifactKey: Guid(e094992e027e16a4fb93d0f0b1c0f2c2) Importer(815301076,1909f56bfc062723c751e8b465ee728b)
Number of updated assets reloaded before import = 0
Start importing Assets/Idyllic Rome/Meshes/Props/SM_basket_fruit_01.fbx using Guid(e094992e027e16a4fb93d0f0b1c0f2c2) Importer(815301076,1909f56bfc062723c751e8b465ee728b)  -> (artifact id: '0846e0abeaff87b72b4c50784429a30b') in 0.027476 seconds 
Number of asset objects unloaded after import = 9
========================================================================
Received Import Request.
  Time since last request: 0.000022 seconds.
  path: Assets/Idyllic Rome/Meshes/Props/SM_barrel_02.fbx
  artifactKey: Guid(1c5894ff911602a42859f0a077e626bc) Importer(815301076,1909f56bfc062723c751e8b465ee728b)
Number of updated assets reloaded before import = 0
Start importing Assets/Idyllic Rome/Meshes/Props/SM_barrel_02.fbx using Guid(1c5894ff911602a42859f0a077e626bc) Importer(815301076,1909f56bfc062723c751e8b465ee728b)  -> (artifact id: '6487e995c9f224dc9f6a7fdae7b3dd6d') in 0.054098 seconds 
Number of asset objects unloaded after import = 10
========================================================================
Received Import Request.
  Time since last request: 9.106679 seconds.
  path: Assets/Idyllic Rome/Prefabs/Props/SM_broncevase_03.prefab
  artifactKey: Guid(62f7467555d241f47b5208c2c9e9417a) Importer(815301076,1909f56bfc062723c751e8b465ee728b)
Number of updated assets reloaded before import = 0
Start importing Assets/Idyllic Rome/Prefabs/Props/SM_broncevase_03.prefab using Guid(62f7467555d241f47b5208c2c9e9417a) Importer(815301076,1909f56bfc062723c751e8b465ee728b)  -> (artifact id: 'bab844778baea49d1962ba724b9e3ef2') in 0.048646 seconds 
Number of asset objects unloaded after import = 12
========================================================================
Received Import Request.
  Time since last request: 0.016131 seconds.
  path: Assets/Idyllic Rome/Prefabs/Props/SM_candle_04.prefab
  artifactKey: Guid(792b4e045b439b642be30f3c577521cb) Importer(815301076,1909f56bfc062723c751e8b465ee728b)
Number of updated assets reloaded before import = 0
Start importing Assets/Idyllic Rome/Prefabs/Props/SM_candle_04.prefab using Guid(792b4e045b439b642be30f3c577521cb) Importer(815301076,1909f56bfc062723c751e8b465ee728b)  -> (artifact id: '014647ad43358c4c5056151af8702936') in 0.053126 seconds 
Number of asset objects unloaded after import = 12
========================================================================
Received Import Request.
  Time since last request: 0.167084 seconds.
  path: Assets/Idyllic Rome/Prefabs/Props/SM_candle_06.prefab
  artifactKey: Guid(0b99278726ba3af4c946ce537d006623) Importer(815301076,1909f56bfc062723c751e8b465ee728b)
Number of updated assets reloaded before import = 0
Start importing Assets/Idyllic Rome/Prefabs/Props/SM_candle_06.prefab using Guid(0b99278726ba3af4c946ce537d006623) Importer(815301076,1909f56bfc062723c751e8b465ee728b)  -> (artifact id: '3a6c631aaa1e4d17e6b1f830bc9673a9') in 0.057060 seconds 
Number of asset objects unloaded after import = 12
========================================================================
Received Import Request.
  Time since last request: 0.000018 seconds.
  path: Assets/Idyllic Rome/Prefabs/Props/SM_chair_rome.prefab
  artifactKey: Guid(5091f4409b8f5574bb0cf4696422cd7d) Importer(815301076,1909f56bfc062723c751e8b465ee728b)
Number of updated assets reloaded before import = 0
Start importing Assets/Idyllic Rome/Prefabs/Props/SM_chair_rome.prefab using Guid(5091f4409b8f5574bb0cf4696422cd7d) Importer(815301076,1909f56bfc062723c751e8b465ee728b)  -> (artifact id: '2b86afca931be2830c88ba64e678ff25') in 0.057548 seconds 
Number of asset objects unloaded after import = 12
========================================================================
Received Import Request.
  Time since last request: 0.151212 seconds.
  path: Assets/Idyllic Rome/Prefabs/Props/SM_cloth_folded_03.prefab
  artifactKey: Guid(c7890b87dde77c545aa9389222eaffba) Importer(815301076,1909f56bfc062723c751e8b465ee728b)
Number of updated assets reloaded before import = 0
Start importing Assets/Idyllic Rome/Prefabs/Props/SM_cloth_folded_03.prefab using Guid(c7890b87dde77c545aa9389222eaffba) Importer(815301076,1909f56bfc062723c751e8b465ee728b)  -> (artifact id: '536c6b3622d58b92fb53abd7bca4c301') in 0.055176 seconds 
Number of asset objects unloaded after import = 12
========================================================================
Received Import Request.
  Time since last request: 2.277185 seconds.
  path: Assets/Idyllic Rome/Prefabs/Props/SM_column_large_rome_03.prefab
  artifactKey: Guid(6a78d9675902f9c45ab6bb37383ff101) Importer(815301076,1909f56bfc062723c751e8b465ee728b)
Number of updated assets reloaded before import = 0
Start importing Assets/Idyllic Rome/Prefabs/Props/SM_column_large_rome_03.prefab using Guid(6a78d9675902f9c45ab6bb37383ff101) Importer(815301076,1909f56bfc062723c751e8b465ee728b)  -> (artifact id: 'd7ac34a2117097f295535371290407ad') in 0.084048 seconds 
Number of asset objects unloaded after import = 15
========================================================================
Received Import Request.
  Time since last request: 0.000018 seconds.
  path: Assets/Idyllic Rome/Prefabs/Props/SM_column_rome_04.prefab
  artifactKey: Guid(4672fd7da9c12e341bb1dc00b4875f2f) Importer(815301076,1909f56bfc062723c751e8b465ee728b)
Number of updated assets reloaded before import = 0
Start importing Assets/Idyllic Rome/Prefabs/Props/SM_column_rome_04.prefab using Guid(4672fd7da9c12e341bb1dc00b4875f2f) Importer(815301076,1909f56bfc062723c751e8b465ee728b)  -> (artifact id: '07b2e92220e7d61e75f0a83f06ae097a') in 0.147298 seconds 
Number of asset objects unloaded after import = 16
========================================================================
Received Import Request.
  Time since last request: 0.000018 seconds.
  path: Assets/Idyllic Rome/Prefabs/Props/SM_podest_rome_01.prefab
  artifactKey: Guid(cecdd212459a04e40b27c731a75024a6) Importer(815301076,1909f56bfc062723c751e8b465ee728b)
Number of updated assets reloaded before import = 0
Start importing Assets/Idyllic Rome/Prefabs/Props/SM_podest_rome_01.prefab using Guid(cecdd212459a04e40b27c731a75024a6) Importer(815301076,1909f56bfc062723c751e8b465ee728b)  -> (artifact id: '45804bb53428e8b689cf8e19e5f5516f') in 0.056249 seconds 
Number of asset objects unloaded after import = 12
========================================================================
Received Import Request.
  Time since last request: 0.000024 seconds.
  path: Assets/Idyllic Rome/Prefabs/Props/SM_pottery_preset_04.prefab
  artifactKey: Guid(cdb83657378bebe41a504bbe85ae07cf) Importer(815301076,1909f56bfc062723c751e8b465ee728b)
Number of updated assets reloaded before import = 0
Start importing Assets/Idyllic Rome/Prefabs/Props/SM_pottery_preset_04.prefab using Guid(cdb83657378bebe41a504bbe85ae07cf) Importer(815301076,1909f56bfc062723c751e8b465ee728b)  -> (artifact id: '98143611cc967ff32b3398f108ff079a') in 0.170037 seconds 
Number of asset objects unloaded after import = 20
========================================================================
Received Import Request.
  Time since last request: 0.000017 seconds.
  path: Assets/Idyllic Rome/Prefabs/Props/SM_table_02.prefab
  artifactKey: Guid(37fba270c68fab54c806e01114a18adc) Importer(815301076,1909f56bfc062723c751e8b465ee728b)
Number of updated assets reloaded before import = 0
Start importing Assets/Idyllic Rome/Prefabs/Props/SM_table_02.prefab using Guid(37fba270c68fab54c806e01114a18adc) Importer(815301076,1909f56bfc062723c751e8b465ee728b)  -> (artifact id: '0b8ee322d347744f55aedda3bf9fbb78') in 0.146365 seconds 
Number of asset objects unloaded after import = 16
========================================================================
Received Import Request.
  Time since last request: 0.000019 seconds.
  path: Assets/Idyllic Rome/Prefabs/Props/SM_windowcover_wooden.prefab
  artifactKey: Guid(0077a457eacf17144a2537b4c3bc2f14) Importer(815301076,1909f56bfc062723c751e8b465ee728b)
Number of updated assets reloaded before import = 0
Start importing Assets/Idyllic Rome/Prefabs/Props/SM_windowcover_wooden.prefab using Guid(0077a457eacf17144a2537b4c3bc2f14) Importer(815301076,1909f56bfc062723c751e8b465ee728b)  -> (artifact id: '372be3c70117dde8d1cea0a5013e7c2c') in 0.120285 seconds 
Number of asset objects unloaded after import = 12
========================================================================
Received Import Request.
  Time since last request: 0.000025 seconds.
  path: Assets/Idyllic Rome/Prefabs/Props/SM_pottery_bowl_02.prefab
  artifactKey: Guid(5cc5c928131ce90479b62fb510914b21) Importer(815301076,1909f56bfc062723c751e8b465ee728b)
Number of updated assets reloaded before import = 0
Start importing Assets/Idyllic Rome/Prefabs/Props/SM_pottery_bowl_02.prefab using Guid(5cc5c928131ce90479b62fb510914b21) Importer(815301076,1909f56bfc062723c751e8b465ee728b)  -> (artifact id: '4506d71920fdd09bd42605eef775ce2c') in 0.053408 seconds 
Number of asset objects unloaded after import = 12
========================================================================
Received Import Request.
  Time since last request: 0.000014 seconds.
  path: Assets/Idyllic Rome/Prefabs/Props/SM_shield_roman_01.prefab
  artifactKey: Guid(60c51acef1e972b4ba2fd244fb85bb60) Importer(815301076,1909f56bfc062723c751e8b465ee728b)
Number of updated assets reloaded before import = 0
Start importing Assets/Idyllic Rome/Prefabs/Props/SM_shield_roman_01.prefab using Guid(60c51acef1e972b4ba2fd244fb85bb60) Importer(815301076,1909f56bfc062723c751e8b465ee728b)  -> (artifact id: '5db3794392222b54ef8d5db68008e07a') in 0.131296 seconds 
Number of asset objects unloaded after import = 12
========================================================================
Received Import Request.
  Time since last request: 0.000018 seconds.
  path: Assets/Idyllic Rome/Prefabs/Props/SM_shelf_rome.prefab
  artifactKey: Guid(156f7834038dc2f45a8b45cdedf10321) Importer(815301076,1909f56bfc062723c751e8b465ee728b)
Number of updated assets reloaded before import = 0
Start importing Assets/Idyllic Rome/Prefabs/Props/SM_shelf_rome.prefab using Guid(156f7834038dc2f45a8b45cdedf10321) Importer(815301076,1909f56bfc062723c751e8b465ee728b)  -> (artifact id: '5fe14280a2d4eef29b2cc37c1ff8c72f') in 0.146780 seconds 
Number of asset objects unloaded after import = 12
========================================================================
Received Import Request.
  Time since last request: 0.000022 seconds.
  path: Assets/Idyllic Rome/Prefabs/Props/SM_stand_cloth.prefab
  artifactKey: Guid(2ebf7c6b7b5c5d04a9c93f5c6834e07d) Importer(815301076,1909f56bfc062723c751e8b465ee728b)
Number of updated assets reloaded before import = 0
Start importing Assets/Idyllic Rome/Prefabs/Props/SM_stand_cloth.prefab using Guid(2ebf7c6b7b5c5d04a9c93f5c6834e07d) Importer(815301076,1909f56bfc062723c751e8b465ee728b)  -> (artifact id: 'b2c51a5095f1cb45e312c728743ce81c') in 0.144820 seconds 
Number of asset objects unloaded after import = 16
========================================================================
Received Import Request.
  Time since last request: 0.000021 seconds.
  path: Assets/Idyllic Rome/Prefabs/Props/SM_platform_preset_large.prefab
  artifactKey: Guid(c70cb00df960eda41b86a946b1683a46) Importer(815301076,1909f56bfc062723c751e8b465ee728b)
Number of updated assets reloaded before import = 0
Start importing Assets/Idyllic Rome/Prefabs/Props/SM_platform_preset_large.prefab using Guid(c70cb00df960eda41b86a946b1683a46) Importer(815301076,1909f56bfc062723c751e8b465ee728b)  -> (artifact id: 'e305fb1f7fe7bdaac98fcac3fccb5be8') in 0.246838 seconds 
Number of asset objects unloaded after import = 36
========================================================================
Received Import Request.
  Time since last request: 0.000034 seconds.
  path: Assets/Idyllic Rome/Prefabs/Props/SM_windowcover_cloth.prefab
  artifactKey: Guid(2ce74da2406209c4390d00713199e462) Importer(815301076,1909f56bfc062723c751e8b465ee728b)
Number of updated assets reloaded before import = 0
Start importing Assets/Idyllic Rome/Prefabs/Props/SM_windowcover_cloth.prefab using Guid(2ce74da2406209c4390d00713199e462) Importer(815301076,1909f56bfc062723c751e8b465ee728b)  -> (artifact id: '18695b01f5d434b729330bf44ded4f0d') in 0.211770 seconds 
Number of asset objects unloaded after import = 16
========================================================================
Received Import Request.
  Time since last request: 0.000024 seconds.
  path: Assets/Idyllic Rome/Prefabs/Props/SM_fence_wooden_01.prefab
  artifactKey: Guid(1981efedbdf03d344ac2377b2fa1901b) Importer(815301076,1909f56bfc062723c751e8b465ee728b)
Number of updated assets reloaded before import = 0
Start importing Assets/Idyllic Rome/Prefabs/Props/SM_fence_wooden_01.prefab using Guid(1981efedbdf03d344ac2377b2fa1901b) Importer(815301076,1909f56bfc062723c751e8b465ee728b)  -> (artifact id: 'f7228b9f71599c654ddf0bc2cb213cd7') in 0.124200 seconds 
Number of asset objects unloaded after import = 12
========================================================================
Received Import Request.
  Time since last request: 0.000031 seconds.
  path: Assets/Idyllic Rome/Prefabs/Props/SM_rope_ground_02.prefab
  artifactKey: Guid(877b4545817eb3e4d9c5afa793bc1f53) Importer(815301076,1909f56bfc062723c751e8b465ee728b)
Number of updated assets reloaded before import = 0
Start importing Assets/Idyllic Rome/Prefabs/Props/SM_rope_ground_02.prefab using Guid(877b4545817eb3e4d9c5afa793bc1f53) Importer(815301076,1909f56bfc062723c751e8b465ee728b)  -> (artifact id: '45ff872b79427993fe19afbe482da8a0') in 0.037847 seconds 
Number of asset objects unloaded after import = 11
========================================================================
Received Import Request.
  Time since last request: 0.000021 seconds.
  path: Assets/Idyllic Rome/Prefabs/Props/SM_standard_rome.prefab
  artifactKey: Guid(3268910af48513e40a574bd3dcaf981c) Importer(815301076,1909f56bfc062723c751e8b465ee728b)
Number of updated assets reloaded before import = 0
Start importing Assets/Idyllic Rome/Prefabs/Props/SM_standard_rome.prefab using Guid(3268910af48513e40a574bd3dcaf981c) Importer(815301076,1909f56bfc062723c751e8b465ee728b)  -> (artifact id: '79f794ecb711e9c55d254323a67bcd78') in 0.137419 seconds 
Number of asset objects unloaded after import = 12
========================================================================
Received Import Request.
  Time since last request: 0.000016 seconds.
  path: Assets/Idyllic Rome/Prefabs/Props/SM_stand_fruit.prefab
  artifactKey: Guid(abff5e4477955da49a219214bb27bce8) Importer(815301076,1909f56bfc062723c751e8b465ee728b)
Number of updated assets reloaded before import = 0
Start importing Assets/Idyllic Rome/Prefabs/Props/SM_stand_fruit.prefab using Guid(abff5e4477955da49a219214bb27bce8) Importer(815301076,1909f56bfc062723c751e8b465ee728b)  -> (artifact id: '2c9fba7e5a44339ddf80121071891e7a') in 0.224611 seconds 
Number of asset objects unloaded after import = 16
========================================================================
Received Import Request.
  Time since last request: 0.000025 seconds.
  path: Assets/Idyllic Rome/Prefabs/Props/SM_table_pottery.prefab
  artifactKey: Guid(394af98a3f6577b42b5f3a82d1035cd9) Importer(815301076,1909f56bfc062723c751e8b465ee728b)
Number of updated assets reloaded before import = 0
Start importing Assets/Idyllic Rome/Prefabs/Props/SM_table_pottery.prefab using Guid(394af98a3f6577b42b5f3a82d1035cd9) Importer(815301076,1909f56bfc062723c751e8b465ee728b)  -> (artifact id: '03128c6de3d5e1768a8a444a7ad1101e') in 0.257641 seconds 
Number of asset objects unloaded after import = 20
Editor requested this worker to shutdown with reason: Scaling down because of idle timeout
AssetImportWorker is now disconnected from the server
Process exiting
Exiting without the bug reporter. Application will terminate with return code 0