Using pre-set license
Built from '2021.3/staging' branch; Version is '2021.3.40f1 (6fcab7dbbbc1) revision 7326391'; Using compiler version '192829333'; Build Type 'Release'
OS: 'Windows 11  (10.0.22631) 64bit CoreCountrySpecific' Language: 'zh' Physical Memory: 16108 MB
BatchMode: 1, IsHumanControllingUs: 0, StartBugReporterOnCrash: 0, Is64bit: 1, IsPro: 1

COMMAND LINE ARGUMENTS:
D:\unity\2021.3.40f1\Editor\Unity.exe
-adb2
-batchMode
-noUpm
-name
AssetImportWorker3
-projectPath
D:/unity/prototype/7381-prototype
-logFile
Logs/AssetImportWorker3.log
-srvPort
58890
Successfully changed project path to: D:/unity/prototype/7381-prototype
D:/unity/prototype/7381-prototype
[UnityMemory] Configuration Parameters - Can be set up in boot.config
    "memorysetup-bucket-allocator-granularity=16"
    "memorysetup-bucket-allocator-bucket-count=8"
    "memorysetup-bucket-allocator-block-size=33554432"
    "memorysetup-bucket-allocator-block-count=8"
    "memorysetup-main-allocator-block-size=16777216"
    "memorysetup-thread-allocator-block-size=16777216"
    "memorysetup-gfx-main-allocator-block-size=16777216"
    "memorysetup-gfx-thread-allocator-block-size=16777216"
    "memorysetup-cache-allocator-block-size=4194304"
    "memorysetup-typetree-allocator-block-size=2097152"
    "memorysetup-profiler-bucket-allocator-granularity=16"
    "memorysetup-profiler-bucket-allocator-bucket-count=8"
    "memorysetup-profiler-bucket-allocator-block-size=33554432"
    "memorysetup-profiler-bucket-allocator-block-count=8"
    "memorysetup-profiler-allocator-block-size=16777216"
    "memorysetup-profiler-editor-allocator-block-size=1048576"
    "memorysetup-temp-allocator-size-main=16777216"
    "memorysetup-job-temp-allocator-block-size=2097152"
    "memorysetup-job-temp-allocator-block-size-background=1048576"
    "memorysetup-job-temp-allocator-reduction-small-platforms=262144"
    "memorysetup-temp-allocator-size-background-worker=32768"
    "memorysetup-temp-allocator-size-job-worker=262144"
    "memorysetup-temp-allocator-size-preload-manager=33554432"
    "memorysetup-temp-allocator-size-nav-mesh-worker=65536"
    "memorysetup-temp-allocator-size-audio-worker=65536"
    "memorysetup-temp-allocator-size-cloud-worker=32768"
    "memorysetup-temp-allocator-size-gi-baking-worker=262144"
    "memorysetup-temp-allocator-size-gfx=262144"
Player connection [18148] Host "[IP] 10.70.92.119 [Port] 0 [Flags] 2 [Guid] 2238070607 [EditorId] 2238070607 [Version] 1048832 [Id] WindowsEditor(7,LAPTOP-SGLN2ASP) [Debug] 1 [PackageName] WindowsEditor [ProjectName] Editor" joined multi-casting on [225.0.0.222:54997]...

Player connection [18148] Host "[IP] 10.70.92.119 [Port] 0 [Flags] 2 [Guid] 2238070607 [EditorId] 2238070607 [Version] 1048832 [Id] WindowsEditor(7,LAPTOP-SGLN2ASP) [Debug] 1 [PackageName] WindowsEditor [ProjectName] Editor" joined alternative multi-casting on [225.0.0.222:34997]...

[Physics::Module] Initialized MultithreadedJobDispatcher with {0} workers.
Refreshing native plugins compatible for Editor in 110.23 ms, found 13 plugins.
Preloading 3 native plugins for Editor in 1.63 ms.
Initialize engine version: 2021.3.40f1 (6fcab7dbbbc1)
[Subsystems] Discovering subsystems at path D:/unity/2021.3.40f1/Editor/Data/Resources/UnitySubsystems
[Subsystems] Discovering subsystems at path D:/unity/prototype/7381-prototype/Assets
GfxDevice: creating device client; threaded=0; jobified=0
Direct3D:
    Version:  Direct3D 11.0 [level 11.1]
    Renderer: NVIDIA GeForce RTX 3060 Laptop GPU (ID=0x2560)
    Vendor:   NVIDIA
    VRAM:     5996 MB
    Driver:   31.0.15.5123
Shader 'Meta/MRUK/Scene/HighlightsAndShadows': fallback shader 'Off' not found
Shader 'Oculus/OVRMRCameraFrameLit': fallback shader 'Alpha-Diffuse' not found
Initialize mono
Mono path[0] = 'D:/unity/2021.3.40f1/Editor/Data/Managed'
Mono path[1] = 'D:/unity/2021.3.40f1/Editor/Data/MonoBleedingEdge/lib/mono/unityjit-win32'
Mono config path = 'D:/unity/2021.3.40f1/Editor/Data/MonoBleedingEdge/etc'
Using monoOptions --debugger-agent=transport=dt_socket,embedding=1,server=y,suspend=n,address=127.0.0.1:56200
Begin MonoManager ReloadAssembly
Registering precompiled unity dll's ...
Register platform support module: D:/unity/2021.3.40f1/Editor/Data/PlaybackEngines/AndroidPlayer/UnityEditor.Android.Extensions.dll
Register platform support module: D:/unity/2021.3.40f1/Editor/Data/PlaybackEngines/WindowsStandaloneSupport/UnityEditor.WindowsStandalone.Extensions.dll
Registered in 0.002129 seconds.
Native extension for WindowsStandalone target not found
Native extension for Android target not found
Android Extension - Scanning For ADB Devices 397 ms
Refreshing native plugins compatible for Editor in 133.47 ms, found 13 plugins.
Preloading 3 native plugins for Editor in 0.10 ms.
Mono: successfully reloaded assembly
- Completed reload, in  1.066 seconds
Domain Reload Profiling:
	ReloadAssembly (1067ms)
		BeginReloadAssembly (104ms)
			ExecutionOrderSort (0ms)
			DisableScriptedObjects (0ms)
			BackupInstance (0ms)
			ReleaseScriptingObjects (0ms)
			CreateAndSetChildDomain (1ms)
		EndReloadAssembly (888ms)
			LoadAssemblies (105ms)
			RebuildTransferFunctionScriptingTraits (0ms)
			SetupTypeCache (88ms)
			ReleaseScriptCaches (0ms)
			RebuildScriptCaches (21ms)
			SetupLoadedEditorAssemblies (745ms)
				LogAssemblyErrors (0ms)
				InitializePlatformSupportModulesInManaged (474ms)
				SetLoadedEditorAssemblies (0ms)
				RefreshPlugins (134ms)
				BeforeProcessingInitializeOnLoad (1ms)
				ProcessInitializeOnLoadAttributes (94ms)
				ProcessInitializeOnLoadMethodAttributes (42ms)
				AfterProcessingInitializeOnLoad (0ms)
				EditorAssembliesLoaded (0ms)
			ExecutionOrderSort2 (0ms)
			AwakeInstancesAfterBackupRestoration (0ms)
Platform modules already initialized, skipping
Registering precompiled user dll's ...
Registered in 0.005857 seconds.
Begin MonoManager ReloadAssembly
Native extension for WindowsStandalone target not found
Native extension for Android target not found
Refreshing native plugins compatible for Editor in 94.46 ms, found 13 plugins.
Preloading 3 native plugins for Editor in 0.07 ms.
Package Manager log level set to [2]
[Package Manager] Server::EnsureServerProcessIsRunning -- launch failed, reason: Unity was launched with the -noUpm command-line argument
[Package Manager] Cannot connect to Unity Package Manager local server
[Package Manager] Server::EnsureServerProcessIsRunning -- launch failed, reason: Unity was launched with the -noUpm command-line argument
[Package Manager] Cannot connect to Unity Package Manager local server
[Package Manager] Server::EnsureServerProcessIsRunning -- launch failed, reason: Unity was launched with the -noUpm command-line argument
[Package Manager] Cannot connect to Unity Package Manager local server
System.Reflection.TargetInvocationException: Exception has been thrown by the target of an invocation. ---> System.NullReferenceException: Object reference not set to an instance of an object
  at Unity.XR.Oculus.OculusLoader.AssetPathToAbsolutePath (System.String assetPath) [0x0003d] in D:\unity\prototype\7381-prototype\Library\PackageCache\com.unity.xr.oculus@3.4.0\Runtime\OculusLoader.cs:287 
  at Unity.XR.Oculus.OculusLoader.EditorLoadOVRPlugin () [0x00084] in D:\unity\prototype\7381-prototype\Library\PackageCache\com.unity.xr.oculus@3.4.0\Runtime\OculusLoader.cs:272 
  at (wrapper managed-to-native) System.Reflection.RuntimeMethodInfo.InternalInvoke(System.Reflection.RuntimeMethodInfo,object,object[],System.Exception&)
  at System.Reflection.RuntimeMethodInfo.Invoke (System.Object obj, System.Reflection.BindingFlags invokeAttr, System.Reflection.Binder binder, System.Object[] parameters, System.Globalization.CultureInfo culture) [0x0006a] in <3aa98f447c32440abc2affef8f2fd6a0>:0 
   --- End of inner exception stack trace ---
  at System.Reflection.RuntimeMethodInfo.Invoke (System.Object obj, System.Reflection.BindingFlags invokeAttr, System.Reflection.Binder binder, System.Object[] parameters, System.Globalization.CultureInfo culture) [0x00083] in <3aa98f447c32440abc2affef8f2fd6a0>:0 
  at System.Reflection.MethodBase.Invoke (System.Object obj, System.Object[] parameters) [0x00000] in <3aa98f447c32440abc2affef8f2fd6a0>:0 
  at UnityEditor.EditorAssemblies.ProcessInitializeOnLoadMethodAttributes () [0x000a5] in <58158fa5247e42af9544990ea0885e7f>:0 
UnityEngine.StackTraceUtility:ExtractStackTrace ()
UnityEngine.DebugLogHandler:LogFormat (UnityEngine.LogType,UnityEngine.Object,string,object[])
UnityEngine.Logger:Log (UnityEngine.LogType,object)
UnityEngine.Debug:LogError (object)
UnityEditor.EditorAssemblies:ProcessInitializeOnLoadMethodAttributes ()

Mono: successfully reloaded assembly
- Completed reload, in  1.556 seconds
Domain Reload Profiling:
	ReloadAssembly (1557ms)
		BeginReloadAssembly (117ms)
			ExecutionOrderSort (0ms)
			DisableScriptedObjects (4ms)
			BackupInstance (0ms)
			ReleaseScriptingObjects (0ms)
			CreateAndSetChildDomain (15ms)
		EndReloadAssembly (1368ms)
			LoadAssemblies (121ms)
			RebuildTransferFunctionScriptingTraits (0ms)
			SetupTypeCache (226ms)
			ReleaseScriptCaches (1ms)
			RebuildScriptCaches (61ms)
			SetupLoadedEditorAssemblies (971ms)
				LogAssemblyErrors (0ms)
				InitializePlatformSupportModulesInManaged (13ms)
				SetLoadedEditorAssemblies (0ms)
				RefreshPlugins (95ms)
				BeforeProcessingInitializeOnLoad (76ms)
				ProcessInitializeOnLoadAttributes (766ms)
				ProcessInitializeOnLoadMethodAttributes (19ms)
				AfterProcessingInitializeOnLoad (1ms)
				EditorAssembliesLoaded (0ms)
			ExecutionOrderSort2 (0ms)
			AwakeInstancesAfterBackupRestoration (6ms)
Platform modules already initialized, skipping
========================================================================
Worker process is ready to serve import requests
Shader 'SH_Vefects_VFX_URP_Fire_Flames_01': fallback shader 'Hidden/Shader Graph/FallbackError' not found
Shader 'SH_Vefects_VFX_URP_Heat_Haze_01': fallback shader 'Hidden/Shader Graph/FallbackError' not found
Shader 'SH_Vefects_VFX_URP_Particles_Erosion_01': fallback shader 'Hidden/Shader Graph/FallbackError' not found
Shader 'Oculus/OVRMRCameraFrameLit': fallback shader 'Alpha-Diffuse' not found
Shader 'Meta/MRUK/Scene/HighlightsAndShadows': fallback shader 'Off' not found
Shader 'SH_Vefects_VFX_URP_Fire_Flames_01': fallback shader 'Hidden/Shader Graph/FallbackError' not found
Shader 'SH_Vefects_VFX_URP_Heat_Haze_01': fallback shader 'Hidden/Shader Graph/FallbackError' not found
Shader 'SH_Vefects_VFX_URP_Particles_Erosion_01': fallback shader 'Hidden/Shader Graph/FallbackError' not found
Launched and connected shader compiler UnityShaderCompiler.exe after 0.05 seconds
Refreshing native plugins compatible for Editor in 1.23 ms, found 13 plugins.
Preloading 3 native plugins for Editor in 0.10 ms.
Unloading 5253 Unused Serialized files (Serialized files now loaded: 0)
Unloading 66 unused Assets / (0.7 MB). Loaded Objects now: 5717.
Memory consumption went from 242.8 MB to 242.1 MB.
Total: 3.696700 ms (FindLiveObjects: 0.307900 ms CreateObjectMapping: 0.168800 ms MarkObjects: 3.040800 ms  DeleteObjects: 0.178300 ms)

AssetImportParameters requested are different than current active one (requested -> active):
  custom:video-decoder-ogg-theora: a1e56fd34408186e4bbccfd4996cb3dc -> 
  custom:container-muxer-webm: aa71ff27fc2769a1b78a27578f13a17b -> 
  custom:container-demuxer-webm: 4f35f7cbe854078d1ac9338744f61a02 -> 
  custom:video-encoder-webm-vp8: eb34c28f22e8b96e1ab97ce403110664 -> 
  custom:video-codec-MediaFoundation-h265: 746d11721c4dcdbdad8f713fa42b33f4 -> 
  custom:CustomObjectIndexerAttribute: bc11b3a6c3213fcdd17b65e7da85e133 -> 
  custom:audio-encoder-webm-vorbis: bf7c407c2cedff20999df2af8eb42d56 -> 
  custom:framework-win-MediaFoundation: 216162199b28c13a410421893ffa2e32 -> 
  custom:SearchIndexIgnoredProperties: e643bd26f0fe6173181afceb89e7c659 -> 
  custom:container-demuxer-ogg: 62fdf1f143b41e24485cea50d1cbac27 -> 
  custom:video-decoder-webm-vp8: 9c59270c3fd7afecdb556c50c9e8de78 -> 
  custom:audio-decoder-ogg-vorbis: bf7c407c2cedff20999df2af8eb42d56 -> 
========================================================================
Received Import Request.
  Time since last request: 14203.435181 seconds.
  path: Assets/Idyllic Rome/Prefabs/Buildings/SM_house_building_02.prefab
  artifactKey: Guid(cd55485b5127816448c29d38453f529d) Importer(815301076,1909f56bfc062723c751e8b465ee728b)
Number of updated assets reloaded before import = 0
Start importing Assets/Idyllic Rome/Prefabs/Buildings/SM_house_building_02.prefab using Guid(cd55485b5127816448c29d38453f529d) Importer(815301076,1909f56bfc062723c751e8b465ee728b)  -> (artifact id: 'd6e6471ae9c680d182b306a4d0842eb0') in 0.531424 seconds 
Number of asset objects unloaded after import = 38
========================================================================
Received Import Request.
  Time since last request: 0.000043 seconds.
  path: Assets/Idyllic Rome/Prefabs/Buildings/SM_insulae_building_06 (1).prefab
  artifactKey: Guid(2ff8013fca3ef2b4e911a1590a9d1179) Importer(815301076,1909f56bfc062723c751e8b465ee728b)
Number of updated assets reloaded before import = 0
Start importing Assets/Idyllic Rome/Prefabs/Buildings/SM_insulae_building_06 (1).prefab using Guid(2ff8013fca3ef2b4e911a1590a9d1179) Importer(815301076,1909f56bfc062723c751e8b465ee728b)  -> (artifact id: 'd23ae810853a482b70f536a517ab6e28') in 0.499030 seconds 
Number of asset objects unloaded after import = 42
========================================================================
Received Import Request.
  Time since last request: 0.000046 seconds.
  path: Assets/Idyllic Rome/Prefabs/Buildings/SM_insulae_building_02.prefab
  artifactKey: Guid(f34891ddc506e81429371ccb96a24098) Importer(815301076,1909f56bfc062723c751e8b465ee728b)
Number of updated assets reloaded before import = 0
Start importing Assets/Idyllic Rome/Prefabs/Buildings/SM_insulae_building_02.prefab using Guid(f34891ddc506e81429371ccb96a24098) Importer(815301076,1909f56bfc062723c751e8b465ee728b)  -> (artifact id: '08943440a4e301795b6f4ed6ee474c66') in 0.322889 seconds 
Number of asset objects unloaded after import = 39
========================================================================
Received Import Request.
  Time since last request: 0.000038 seconds.
  path: Assets/Idyllic Rome/Prefabs/Buildings/SM_insulae_building_03 (1).prefab
  artifactKey: Guid(2143f541539aa4e49be85b125afaadd0) Importer(815301076,1909f56bfc062723c751e8b465ee728b)
Number of updated assets reloaded before import = 0
Start importing Assets/Idyllic Rome/Prefabs/Buildings/SM_insulae_building_03 (1).prefab using Guid(2143f541539aa4e49be85b125afaadd0) Importer(815301076,1909f56bfc062723c751e8b465ee728b)  -> (artifact id: 'e4ae4ef25a3bc87f0494cb87cdf8da81') in 0.304817 seconds 
Number of asset objects unloaded after import = 38
========================================================================
Received Import Request.
  Time since last request: 0.000032 seconds.
  path: Assets/Idyllic Rome/Prefabs/Buildings/SM_insulae_building_03.prefab
  artifactKey: Guid(f07bcc0d18c605345841fd24fc617bcc) Importer(815301076,1909f56bfc062723c751e8b465ee728b)
Number of updated assets reloaded before import = 0
Start importing Assets/Idyllic Rome/Prefabs/Buildings/SM_insulae_building_03.prefab using Guid(f07bcc0d18c605345841fd24fc617bcc) Importer(815301076,1909f56bfc062723c751e8b465ee728b)  -> (artifact id: '8cce7d152bfe1e1369c285f9d2ca8597') in 0.349987 seconds 
Number of asset objects unloaded after import = 39
========================================================================
Received Import Request.
  Time since last request: 6.163133 seconds.
  path: Assets/Idyllic Rome/Prefabs/Nature/SM_rock_large_03.prefab
  artifactKey: Guid(c282926723af9b746ae483557cfb708a) Importer(815301076,1909f56bfc062723c751e8b465ee728b)
Number of updated assets reloaded before import = 0
Start importing Assets/Idyllic Rome/Prefabs/Nature/SM_rock_large_03.prefab using Guid(c282926723af9b746ae483557cfb708a) Importer(815301076,1909f56bfc062723c751e8b465ee728b)  -> (artifact id: '443e59c0dea8cad6da86a6932723af2f') in 0.052746 seconds 
Number of asset objects unloaded after import = 12
========================================================================
Received Import Request.
  Time since last request: 0.000017 seconds.
  path: Assets/Idyllic Rome/Prefabs/Nature/SM_rocks_stack_01.prefab
  artifactKey: Guid(fdd01ff4963afdf4cad03f47d21c6716) Importer(815301076,1909f56bfc062723c751e8b465ee728b)
Number of updated assets reloaded before import = 0
Start importing Assets/Idyllic Rome/Prefabs/Nature/SM_rocks_stack_01.prefab using Guid(fdd01ff4963afdf4cad03f47d21c6716) Importer(815301076,1909f56bfc062723c751e8b465ee728b)  -> (artifact id: 'c0297a54a2e416e2acf2edbb081f59f3') in 0.055137 seconds 
Number of asset objects unloaded after import = 12
========================================================================
Received Import Request.
  Time since last request: 0.000024 seconds.
  path: Assets/Idyllic Rome/Prefabs/Nature/SM_rock_small_01.prefab
  artifactKey: Guid(5b1e0fe804d0cc04d9f8d6b2a447ecc8) Importer(815301076,1909f56bfc062723c751e8b465ee728b)
Number of updated assets reloaded before import = 0
Start importing Assets/Idyllic Rome/Prefabs/Nature/SM_rock_small_01.prefab using Guid(5b1e0fe804d0cc04d9f8d6b2a447ecc8) Importer(815301076,1909f56bfc062723c751e8b465ee728b)  -> (artifact id: 'f9d7a83087879c041b176cf92b3a8fbf') in 0.056377 seconds 
Number of asset objects unloaded after import = 12
========================================================================
Received Import Request.
  Time since last request: 0.000052 seconds.
  path: Assets/Idyllic Rome/Prefabs/Nature/SM_rocks_ground_01.prefab
  artifactKey: Guid(a5b8b25b796ef8b4ba3fe9f5bace8e9c) Importer(815301076,1909f56bfc062723c751e8b465ee728b)
Number of updated assets reloaded before import = 0
Start importing Assets/Idyllic Rome/Prefabs/Nature/SM_rocks_ground_01.prefab using Guid(a5b8b25b796ef8b4ba3fe9f5bace8e9c) Importer(815301076,1909f56bfc062723c751e8b465ee728b)  -> (artifact id: '36f08a0a12f30f2e7132652a8da4a6a1') in 0.058623 seconds 
Number of asset objects unloaded after import = 12
========================================================================
Received Import Request.
  Time since last request: 0.000033 seconds.
  path: Assets/Idyllic Rome/Prefabs/Nature/SM_rocks_ground_02.prefab
  artifactKey: Guid(950555bc6ccafa04c87fe74c1db6f9b7) Importer(815301076,1909f56bfc062723c751e8b465ee728b)
Number of updated assets reloaded before import = 0
Start importing Assets/Idyllic Rome/Prefabs/Nature/SM_rocks_ground_02.prefab using Guid(950555bc6ccafa04c87fe74c1db6f9b7) Importer(815301076,1909f56bfc062723c751e8b465ee728b)  -> (artifact id: '53b40b3ec961ec41a31841dc5b3c8ccb') in 0.057917 seconds 
Number of asset objects unloaded after import = 12
========================================================================
Received Import Request.
  Time since last request: 0.000031 seconds.
  path: Assets/Idyllic Rome/Prefabs/Nature/SM_tree_02.prefab
  artifactKey: Guid(5bd2a04ba8e71c84dbb762faaaf13d80) Importer(815301076,1909f56bfc062723c751e8b465ee728b)
Number of updated assets reloaded before import = 0
Start importing Assets/Idyllic Rome/Prefabs/Nature/SM_tree_02.prefab using Guid(5bd2a04ba8e71c84dbb762faaaf13d80) Importer(815301076,1909f56bfc062723c751e8b465ee728b)  -> (artifact id: 'ef80ba2948b6a9c897891094fa48655b') in 0.610555 seconds 
Number of asset objects unloaded after import = 13
========================================================================
Received Import Request.
  Time since last request: 0.667311 seconds.
  path: Assets/Idyllic Rome/Prefabs/Props/SM_amphora_preset_01.prefab
  artifactKey: Guid(20214cf8dfc29b244b458013eb1de85e) Importer(815301076,1909f56bfc062723c751e8b465ee728b)
Number of updated assets reloaded before import = 0
Start importing Assets/Idyllic Rome/Prefabs/Props/SM_amphora_preset_01.prefab using Guid(20214cf8dfc29b244b458013eb1de85e) Importer(815301076,1909f56bfc062723c751e8b465ee728b)  -> (artifact id: 'a0fc39f43f51167fe38f1b0e9e1dc5be') in 0.304252 seconds 
Number of asset objects unloaded after import = 22
========================================================================
Received Import Request.
  Time since last request: 0.000032 seconds.
  path: Assets/Idyllic Rome/Prefabs/Props/SM_basket_grain.prefab
  artifactKey: Guid(fee11dd357ef2284da09acd760f40db3) Importer(815301076,1909f56bfc062723c751e8b465ee728b)
Number of updated assets reloaded before import = 0
Start importing Assets/Idyllic Rome/Prefabs/Props/SM_basket_grain.prefab using Guid(fee11dd357ef2284da09acd760f40db3) Importer(815301076,1909f56bfc062723c751e8b465ee728b)  -> (artifact id: '20f5779dc3c295b03fb02c727210e327') in 0.065112 seconds 
Number of asset objects unloaded after import = 12
========================================================================
Received Import Request.
  Time since last request: 0.000026 seconds.
  path: Assets/Idyllic Rome/Prefabs/Props/SM_banner_rome_02.prefab
  artifactKey: Guid(52f9bc022af305547bf3688e8a2746e1) Importer(815301076,1909f56bfc062723c751e8b465ee728b)
Number of updated assets reloaded before import = 0
Start importing Assets/Idyllic Rome/Prefabs/Props/SM_banner_rome_02.prefab using Guid(52f9bc022af305547bf3688e8a2746e1) Importer(815301076,1909f56bfc062723c751e8b465ee728b)  -> (artifact id: '153ff2cbd5ce05d809a8c28e1c0ca82c') in 0.119523 seconds 
Number of asset objects unloaded after import = 15
========================================================================
Received Import Request.
  Time since last request: 0.000019 seconds.
  path: Assets/Idyllic Rome/Prefabs/Props/SM_basket_berries.prefab
  artifactKey: Guid(7d7bf02d5fda92a4ca7b8fa205cd16a0) Importer(815301076,1909f56bfc062723c751e8b465ee728b)
Number of updated assets reloaded before import = 0
Start importing Assets/Idyllic Rome/Prefabs/Props/SM_basket_berries.prefab using Guid(7d7bf02d5fda92a4ca7b8fa205cd16a0) Importer(815301076,1909f56bfc062723c751e8b465ee728b)  -> (artifact id: 'cf128d8ddd37e85bb2eec6a4e0a4b5af') in 0.060620 seconds 
Number of asset objects unloaded after import = 12
========================================================================
Received Import Request.
  Time since last request: 0.000046 seconds.
  path: Assets/Idyllic Rome/Prefabs/Props/SM_banner_rome_06 1.prefab
  artifactKey: Guid(b65be7c941018244c8fd81dab14957b7) Importer(815301076,1909f56bfc062723c751e8b465ee728b)
Number of updated assets reloaded before import = 0
Start importing Assets/Idyllic Rome/Prefabs/Props/SM_banner_rome_06 1.prefab using Guid(b65be7c941018244c8fd81dab14957b7) Importer(815301076,1909f56bfc062723c751e8b465ee728b)  -> (artifact id: '2ac6dd83dc287d516306c259fe44c40b') in 0.116116 seconds 
Number of asset objects unloaded after import = 15
========================================================================
Received Import Request.
  Time since last request: 11.205391 seconds.
  path: Assets/Idyllic Rome/Meshes/Buildings/SM_insulae_building_02.fbx
  artifactKey: Guid(db678c0ba2d68e546b40da4c71b1f261) Importer(815301076,1909f56bfc062723c751e8b465ee728b)
Number of updated assets reloaded before import = 0
Start importing Assets/Idyllic Rome/Meshes/Buildings/SM_insulae_building_02.fbx using Guid(db678c0ba2d68e546b40da4c71b1f261) Importer(815301076,1909f56bfc062723c751e8b465ee728b)  -> (artifact id: '979d35ea61388f9aa0ebf1e77cd29fc6') in 0.168532 seconds 
Number of asset objects unloaded after import = 20
========================================================================
Received Import Request.
  Time since last request: 0.000026 seconds.
  path: Assets/Idyllic Rome/Meshes/Buildings/SM_insulae_building_03.fbx
  artifactKey: Guid(772534ffe6036a5448023f42a65d9186) Importer(815301076,1909f56bfc062723c751e8b465ee728b)
Number of updated assets reloaded before import = 0
Start importing Assets/Idyllic Rome/Meshes/Buildings/SM_insulae_building_03.fbx using Guid(772534ffe6036a5448023f42a65d9186) Importer(815301076,1909f56bfc062723c751e8b465ee728b)  -> (artifact id: 'e5db0b20065a64d4520fa05ebdfc73c5') in 0.113693 seconds 
Number of asset objects unloaded after import = 20
========================================================================
Received Import Request.
  Time since last request: 0.000027 seconds.
  path: Assets/Idyllic Rome/Meshes/Buildings/SM_insulae_building_05.fbx
  artifactKey: Guid(df9f3b6a8b855584099a3dba2caeb95a) Importer(815301076,1909f56bfc062723c751e8b465ee728b)
Number of updated assets reloaded before import = 0
Start importing Assets/Idyllic Rome/Meshes/Buildings/SM_insulae_building_05.fbx using Guid(df9f3b6a8b855584099a3dba2caeb95a) Importer(815301076,1909f56bfc062723c751e8b465ee728b)  -> (artifact id: '7b95a8cff1a8b62c3a2312335e5256cf') in 0.102396 seconds 
Number of asset objects unloaded after import = 20
========================================================================
Received Import Request.
  Time since last request: 2.394131 seconds.
  path: Assets/Idyllic Rome/Meshes/Nature/SM_rock_large_03.fbx
  artifactKey: Guid(9cea31562f1f37d42aaec9b5a27c5605) Importer(815301076,1909f56bfc062723c751e8b465ee728b)
Number of updated assets reloaded before import = 0
Start importing Assets/Idyllic Rome/Meshes/Nature/SM_rock_large_03.fbx using Guid(9cea31562f1f37d42aaec9b5a27c5605) Importer(815301076,1909f56bfc062723c751e8b465ee728b)  -> (artifact id: '73b5a02ec31048dcf7eab936f560409d') in 0.038201 seconds 
Number of asset objects unloaded after import = 8
========================================================================
Received Import Request.
  Time since last request: 0.000034 seconds.
  path: Assets/Idyllic Rome/Meshes/Nature/SM_tree_05.fbx
  artifactKey: Guid(d0ff860aaf668624083fa503c577bebc) Importer(815301076,1909f56bfc062723c751e8b465ee728b)
Number of updated assets reloaded before import = 0
Start importing Assets/Idyllic Rome/Meshes/Nature/SM_tree_05.fbx using Guid(d0ff860aaf668624083fa503c577bebc) Importer(815301076,1909f56bfc062723c751e8b465ee728b)  -> (artifact id: '26fa29e7313d2512e2aa0009f090cb0d') in 0.026628 seconds 
Number of asset objects unloaded after import = 9
========================================================================
Received Import Request.
  Time since last request: 0.000021 seconds.
  path: Assets/Idyllic Rome/Meshes/Nature/SM_tree_02.fbx
  artifactKey: Guid(8e20e340f850b33469598629cf0a1478) Importer(815301076,1909f56bfc062723c751e8b465ee728b)
Number of updated assets reloaded before import = 0
Start importing Assets/Idyllic Rome/Meshes/Nature/SM_tree_02.fbx using Guid(8e20e340f850b33469598629cf0a1478) Importer(815301076,1909f56bfc062723c751e8b465ee728b)  -> (artifact id: '63ed6412c85b0bb0f591356aa47fc968') in 0.029221 seconds 
Number of asset objects unloaded after import = 9
========================================================================
Received Import Request.
  Time since last request: 0.403741 seconds.
  path: Assets/Idyllic Rome/Meshes/Props/SM_amphora_preset_01.fbx
  artifactKey: Guid(5602f2335e889304bad60db7f954240b) Importer(815301076,1909f56bfc062723c751e8b465ee728b)
Number of updated assets reloaded before import = 0
Start importing Assets/Idyllic Rome/Meshes/Props/SM_amphora_preset_01.fbx using Guid(5602f2335e889304bad60db7f954240b) Importer(815301076,1909f56bfc062723c751e8b465ee728b)  -> (artifact id: '14db5cad65319875e6625e8df4394555') in 0.047765 seconds 
Number of asset objects unloaded after import = 11
========================================================================
Received Import Request.
  Time since last request: 0.000025 seconds.
  path: Assets/Idyllic Rome/Meshes/Props/SM_apple_02.fbx
  artifactKey: Guid(849072f327ca37342ad78ea2bcba6233) Importer(815301076,1909f56bfc062723c751e8b465ee728b)
Number of updated assets reloaded before import = 0
Start importing Assets/Idyllic Rome/Meshes/Props/SM_apple_02.fbx using Guid(849072f327ca37342ad78ea2bcba6233) Importer(815301076,1909f56bfc062723c751e8b465ee728b)  -> (artifact id: '2d4d72438eedb1e082cf79b93ccfc074') in 0.025271 seconds 
Number of asset objects unloaded after import = 8
========================================================================
Received Import Request.
  Time since last request: 0.000029 seconds.
  path: Assets/Idyllic Rome/Meshes/Props/SM_apple_01.fbx
  artifactKey: Guid(d425fe4fcd4093c4c8dcd0e7763b248c) Importer(815301076,1909f56bfc062723c751e8b465ee728b)
Number of updated assets reloaded before import = 0
Start importing Assets/Idyllic Rome/Meshes/Props/SM_apple_01.fbx using Guid(d425fe4fcd4093c4c8dcd0e7763b248c) Importer(815301076,1909f56bfc062723c751e8b465ee728b)  -> (artifact id: 'b021a1ce0c0cb788ca13564be14781b6') in 0.025062 seconds 
Number of asset objects unloaded after import = 8
========================================================================
Received Import Request.
  Time since last request: 0.000023 seconds.
  path: Assets/Idyllic Rome/Meshes/Props/SM_basket_grain.fbx
  artifactKey: Guid(f246641b2d81ec64c9410c7efc7507d0) Importer(815301076,1909f56bfc062723c751e8b465ee728b)
Number of updated assets reloaded before import = 0
Start importing Assets/Idyllic Rome/Meshes/Props/SM_basket_grain.fbx using Guid(f246641b2d81ec64c9410c7efc7507d0) Importer(815301076,1909f56bfc062723c751e8b465ee728b)  -> (artifact id: '31d2d9a3169068a1a754a65c6b469a3a') in 0.023943 seconds 
Number of asset objects unloaded after import = 8
========================================================================
Received Import Request.
  Time since last request: 0.000023 seconds.
  path: Assets/Idyllic Rome/Meshes/Props/SM_banner_rome_01.fbx
  artifactKey: Guid(35ed03d204c0c074f818c975ddd1cfff) Importer(815301076,1909f56bfc062723c751e8b465ee728b)
Number of updated assets reloaded before import = 0
Start importing Assets/Idyllic Rome/Meshes/Props/SM_banner_rome_01.fbx using Guid(35ed03d204c0c074f818c975ddd1cfff) Importer(815301076,1909f56bfc062723c751e8b465ee728b)  -> (artifact id: 'a60c0f42c9f2ee90359664db7ee401b9') in 0.030979 seconds 
Number of asset objects unloaded after import = 9
========================================================================
Received Import Request.
  Time since last request: 9.465388 seconds.
  path: Assets/Idyllic Rome/Prefabs/Props/SM_candle_preset_03.prefab
  artifactKey: Guid(ee8d59abe40d094458b3981b855e9b2e) Importer(815301076,1909f56bfc062723c751e8b465ee728b)
Number of updated assets reloaded before import = 0
Start importing Assets/Idyllic Rome/Prefabs/Props/SM_candle_preset_03.prefab using Guid(ee8d59abe40d094458b3981b855e9b2e) Importer(815301076,1909f56bfc062723c751e8b465ee728b)  -> (artifact id: 'a799451bde0779bce4a4fe4d8ebf7378') in 0.058611 seconds 
Number of asset objects unloaded after import = 12
========================================================================
Received Import Request.
  Time since last request: 0.211702 seconds.
  path: Assets/Idyllic Rome/Prefabs/Props/SM_cloth_hanging_03.prefab
  artifactKey: Guid(10626de0324d7ae409a0854d3e424060) Importer(815301076,1909f56bfc062723c751e8b465ee728b)
Number of updated assets reloaded before import = 0
Start importing Assets/Idyllic Rome/Prefabs/Props/SM_cloth_hanging_03.prefab using Guid(10626de0324d7ae409a0854d3e424060) Importer(815301076,1909f56bfc062723c751e8b465ee728b)  -> (artifact id: 'a54ed32e8c1a8e9e75bfbc9b1676cff6') in 0.059302 seconds 
Number of asset objects unloaded after import = 12
========================================================================
Received Import Request.
  Time since last request: 2.272742 seconds.
  path: Assets/Idyllic Rome/Prefabs/Props/SM_column_rome_02.prefab
  artifactKey: Guid(cd7135b63e01c3f4b8332110d8e1bc0b) Importer(815301076,1909f56bfc062723c751e8b465ee728b)
Number of updated assets reloaded before import = 0
Start importing Assets/Idyllic Rome/Prefabs/Props/SM_column_rome_02.prefab using Guid(cd7135b63e01c3f4b8332110d8e1bc0b) Importer(815301076,1909f56bfc062723c751e8b465ee728b)  -> (artifact id: 'de5320effe51d34dc6d113c2d8930b12') in 0.123386 seconds 
Number of asset objects unloaded after import = 12
========================================================================
Received Import Request.
  Time since last request: 0.000021 seconds.
  path: Assets/Idyllic Rome/Prefabs/Props/SM_fence_wooden_02.prefab
  artifactKey: Guid(f2e99aae2df93a943bcff4b16205a705) Importer(815301076,1909f56bfc062723c751e8b465ee728b)
Number of updated assets reloaded before import = 0
Start importing Assets/Idyllic Rome/Prefabs/Props/SM_fence_wooden_02.prefab using Guid(f2e99aae2df93a943bcff4b16205a705) Importer(815301076,1909f56bfc062723c751e8b465ee728b)  -> (artifact id: '3fadc23e56d93a74eea5b29333c694a1') in 0.100495 seconds 
Number of asset objects unloaded after import = 12
========================================================================
Received Import Request.
  Time since last request: 0.000045 seconds.
  path: Assets/Idyllic Rome/Prefabs/Props/SM_pottery_large_02.prefab
  artifactKey: Guid(8d0e67d3c6580cd4dad7720b05f50d5b) Importer(815301076,1909f56bfc062723c751e8b465ee728b)
Number of updated assets reloaded before import = 0
Start importing Assets/Idyllic Rome/Prefabs/Props/SM_pottery_large_02.prefab using Guid(8d0e67d3c6580cd4dad7720b05f50d5b) Importer(815301076,1909f56bfc062723c751e8b465ee728b)  -> (artifact id: '4be3d397a2ae6954c746943719214b21') in 0.109688 seconds 
Number of asset objects unloaded after import = 12
========================================================================
Received Import Request.
  Time since last request: 0.000016 seconds.
  path: Assets/Idyllic Rome/Prefabs/Props/SM_shelf_pottery.prefab
  artifactKey: Guid(b4162a97c5d29b34a89b0239dbd36e9d) Importer(815301076,1909f56bfc062723c751e8b465ee728b)
Number of updated assets reloaded before import = 0
Start importing Assets/Idyllic Rome/Prefabs/Props/SM_shelf_pottery.prefab using Guid(b4162a97c5d29b34a89b0239dbd36e9d) Importer(815301076,1909f56bfc062723c751e8b465ee728b)  -> (artifact id: '169213dbbc1f51ab88fd3c661ad5629c') in 0.253241 seconds 
Number of asset objects unloaded after import = 23
========================================================================
Received Import Request.
  Time since last request: 0.000025 seconds.
  path: Assets/Idyllic Rome/Prefabs/Props/SM_staircase_02 (1).prefab
  artifactKey: Guid(3519c9bc17b7d5f47a7ab23a234492fd) Importer(815301076,1909f56bfc062723c751e8b465ee728b)
Number of updated assets reloaded before import = 0
Start importing Assets/Idyllic Rome/Prefabs/Props/SM_staircase_02 (1).prefab using Guid(3519c9bc17b7d5f47a7ab23a234492fd) Importer(815301076,1909f56bfc062723c751e8b465ee728b)  -> (artifact id: '73d376231829b608a51b0c45b9ab1a92') in 0.199731 seconds 
Number of asset objects unloaded after import = 24
========================================================================
Received Import Request.
  Time since last request: 0.000029 seconds.
  path: Assets/Idyllic Rome/Prefabs/Props/SM_crate_small_opened.prefab
  artifactKey: Guid(f91f70c8e07450048b43dc6d5c3bc805) Importer(815301076,1909f56bfc062723c751e8b465ee728b)
Number of updated assets reloaded before import = 0
Start importing Assets/Idyllic Rome/Prefabs/Props/SM_crate_small_opened.prefab using Guid(f91f70c8e07450048b43dc6d5c3bc805) Importer(815301076,1909f56bfc062723c751e8b465ee728b)  -> (artifact id: 'bfc264b9968a987a9d72b08df45573f1') in 0.050852 seconds 
Number of asset objects unloaded after import = 12
========================================================================
Received Import Request.
  Time since last request: 0.000040 seconds.
  path: Assets/Idyllic Rome/Prefabs/Props/SM_rope_hanging.prefab
  artifactKey: Guid(e7a3f5fec72c87747ac06ac1ed43868f) Importer(815301076,1909f56bfc062723c751e8b465ee728b)
Number of updated assets reloaded before import = 0
Start importing Assets/Idyllic Rome/Prefabs/Props/SM_rope_hanging.prefab using Guid(e7a3f5fec72c87747ac06ac1ed43868f) Importer(815301076,1909f56bfc062723c751e8b465ee728b)  -> (artifact id: '7aeb4cd58459885387ba27e3de51d93c') in 0.035503 seconds 
Number of asset objects unloaded after import = 11
========================================================================
Received Import Request.
  Time since last request: 0.000016 seconds.
  path: Assets/Idyllic Rome/Prefabs/Props/SM_rope_hanging_cloth_02.prefab
  artifactKey: Guid(d195d0e1844a91040824a308e08a0db9) Importer(815301076,1909f56bfc062723c751e8b465ee728b)
Number of updated assets reloaded before import = 0
Start importing Assets/Idyllic Rome/Prefabs/Props/SM_rope_hanging_cloth_02.prefab using Guid(d195d0e1844a91040824a308e08a0db9) Importer(815301076,1909f56bfc062723c751e8b465ee728b)  -> (artifact id: '1eeecfe548c7ee5d8d037dc63c0b9680') in 0.156634 seconds 
Number of asset objects unloaded after import = 19
========================================================================
Received Import Request.
  Time since last request: 0.000021 seconds.
  path: Assets/Idyllic Rome/Prefabs/Props/SM_pottery_small_02.prefab
  artifactKey: Guid(290447c1edcc31a46a211ca3f80534f4) Importer(815301076,1909f56bfc062723c751e8b465ee728b)
Number of updated assets reloaded before import = 0
Start importing Assets/Idyllic Rome/Prefabs/Props/SM_pottery_small_02.prefab using Guid(290447c1edcc31a46a211ca3f80534f4) Importer(815301076,1909f56bfc062723c751e8b465ee728b)  -> (artifact id: '7437f98c5db3ea8ac9dd761a2a914d83') in 0.053962 seconds 
Number of asset objects unloaded after import = 12
========================================================================
Received Import Request.
  Time since last request: 0.000031 seconds.
  path: Assets/Idyllic Rome/Prefabs/Props/SM_crate_01.prefab
  artifactKey: Guid(78f3526eb4f77614f823956727897150) Importer(815301076,1909f56bfc062723c751e8b465ee728b)
Number of updated assets reloaded before import = 0
Start importing Assets/Idyllic Rome/Prefabs/Props/SM_crate_01.prefab using Guid(78f3526eb4f77614f823956727897150) Importer(815301076,1909f56bfc062723c751e8b465ee728b)  -> (artifact id: 'a77521659fe28b36961a06e7c950ad07') in 0.117012 seconds 
Number of asset objects unloaded after import = 12
========================================================================
Received Import Request.
  Time since last request: 0.000016 seconds.
  path: Assets/Idyllic Rome/Prefabs/Props/SM_table_01.prefab
  artifactKey: Guid(a72b4ba2d602757419e8858f56fd166f) Importer(815301076,1909f56bfc062723c751e8b465ee728b)
Number of updated assets reloaded before import = 0
Start importing Assets/Idyllic Rome/Prefabs/Props/SM_table_01.prefab using Guid(a72b4ba2d602757419e8858f56fd166f) Importer(815301076,1909f56bfc062723c751e8b465ee728b)  -> (artifact id: '805a8ae5d2f139479d536baf2f8681ac') in 0.134392 seconds 
Number of asset objects unloaded after import = 16
========================================================================
Received Import Request.
  Time since last request: 0.000023 seconds.
  path: Assets/Idyllic Rome/Prefabs/Props/SM_sidewalk_02.prefab
  artifactKey: Guid(fe5ebb7dd76dd8a458fd63bf64a060fb) Importer(815301076,1909f56bfc062723c751e8b465ee728b)
Number of updated assets reloaded before import = 0
Start importing Assets/Idyllic Rome/Prefabs/Props/SM_sidewalk_02.prefab using Guid(fe5ebb7dd76dd8a458fd63bf64a060fb) Importer(815301076,1909f56bfc062723c751e8b465ee728b)  -> (artifact id: '6a195b13ff8b1b357d5814e65f0f14e3') in 0.058728 seconds 
Number of asset objects unloaded after import = 15
========================================================================
Received Import Request.
  Time since last request: 0.000039 seconds.
  path: Assets/Idyllic Rome/Prefabs/Props/SM_rope_ground_01.prefab
  artifactKey: Guid(77b6bf4cca0f9c7428a3b596905ad5e8) Importer(815301076,1909f56bfc062723c751e8b465ee728b)
Number of updated assets reloaded before import = 0
Start importing Assets/Idyllic Rome/Prefabs/Props/SM_rope_ground_01.prefab using Guid(77b6bf4cca0f9c7428a3b596905ad5e8) Importer(815301076,1909f56bfc062723c751e8b465ee728b)  -> (artifact id: 'db168681fcf7ecc33826f57d3f4b51b7') in 0.036681 seconds 
Number of asset objects unloaded after import = 11
========================================================================
Received Import Request.
  Time since last request: 0.000020 seconds.
  path: Assets/Idyllic Rome/Prefabs/Props/SM_streetlight.prefab
  artifactKey: Guid(c09cdcb73b973074fb7ecbdf1c7cb1f6) Importer(815301076,1909f56bfc062723c751e8b465ee728b)
Number of updated assets reloaded before import = 0
Start importing Assets/Idyllic Rome/Prefabs/Props/SM_streetlight.prefab using Guid(c09cdcb73b973074fb7ecbdf1c7cb1f6) Importer(815301076,1909f56bfc062723c751e8b465ee728b)  -> (artifact id: '2b5958a1c44aefbcb32d338792870fed') in 0.184102 seconds 
Number of asset objects unloaded after import = 23
========================================================================
Received Import Request.
  Time since last request: 0.000019 seconds.
  path: Assets/Idyllic Rome/Prefabs/Props/SM_shield_roman_02.prefab
  artifactKey: Guid(35b9bc42a8bb4484dbfad42e1259170e) Importer(815301076,1909f56bfc062723c751e8b465ee728b)
Number of updated assets reloaded before import = 0
Start importing Assets/Idyllic Rome/Prefabs/Props/SM_shield_roman_02.prefab using Guid(35b9bc42a8bb4484dbfad42e1259170e) Importer(815301076,1909f56bfc062723c751e8b465ee728b)  -> (artifact id: '75e603bceab05208f7bfe0d3f76f5d51') in 0.122772 seconds 
Number of asset objects unloaded after import = 12
========================================================================
Received Import Request.
  Time since last request: 0.000028 seconds.
  path: Assets/Idyllic Rome/Prefabs/Props/SM_pottery_bowl_01.prefab
  artifactKey: Guid(6d243fd418756034ea835c45e7cabbed) Importer(815301076,1909f56bfc062723c751e8b465ee728b)
Number of updated assets reloaded before import = 0
Start importing Assets/Idyllic Rome/Prefabs/Props/SM_pottery_bowl_01.prefab using Guid(6d243fd418756034ea835c45e7cabbed) Importer(815301076,1909f56bfc062723c751e8b465ee728b)  -> (artifact id: 'de352998b8d693c26cf09587ff1dd757') in 0.057586 seconds 
Number of asset objects unloaded after import = 12
========================================================================
Received Import Request.
  Time since last request: 0.000026 seconds.
  path: Assets/Idyllic Rome/Prefabs/Props/SM_table_cloth.prefab
  artifactKey: Guid(8f4ebdbfe5bbb704289c85ef95dac1a0) Importer(815301076,1909f56bfc062723c751e8b465ee728b)
Number of updated assets reloaded before import = 0
Start importing Assets/Idyllic Rome/Prefabs/Props/SM_table_cloth.prefab using Guid(8f4ebdbfe5bbb704289c85ef95dac1a0) Importer(815301076,1909f56bfc062723c751e8b465ee728b)  -> (artifact id: '74e2d7913675677cb1012d7d9895cdb1') in 0.280363 seconds 
Number of asset objects unloaded after import = 30
========================================================================
Received Import Request.
  Time since last request: 0.000022 seconds.
  path: Assets/Idyllic Rome/Prefabs/Props/SM_wall_01 (1).prefab
  artifactKey: Guid(5836e3756069b5b4e8d9b1e7ed858b7a) Importer(815301076,1909f56bfc062723c751e8b465ee728b)
Number of updated assets reloaded before import = 0
Start importing Assets/Idyllic Rome/Prefabs/Props/SM_wall_01 (1).prefab using Guid(5836e3756069b5b4e8d9b1e7ed858b7a) Importer(815301076,1909f56bfc062723c751e8b465ee728b)  -> (artifact id: 'b6ee1d4cdedc0fbb4732df330e4632fd') in 0.180666 seconds 
Number of asset objects unloaded after import = 20
========================================================================
Received Import Request.
  Time since last request: 0.000044 seconds.
  path: Assets/Idyllic Rome/Prefabs/Props/SM_column_rome_03.prefab
  artifactKey: Guid(40440f7b6b1836c4cb875e38d9c4937a) Importer(815301076,1909f56bfc062723c751e8b465ee728b)
Number of updated assets reloaded before import = 0
Start importing Assets/Idyllic Rome/Prefabs/Props/SM_column_rome_03.prefab using Guid(40440f7b6b1836c4cb875e38d9c4937a) Importer(815301076,1909f56bfc062723c751e8b465ee728b)  -> (artifact id: '06de46ee424d32176f73940770c275e7') in 0.134945 seconds 
Number of asset objects unloaded after import = 12
Editor requested this worker to shutdown with reason: Scaling down because of idle timeout
AssetImportWorker is now disconnected from the server
Process exiting
Exiting without the bug reporter. Application will terminate with return code 0